<?xml version="1.0" ?>
<!DOCTYPE coverage SYSTEM "http://cobertura.sourceforge.net/xml/coverage-04.dtd">
<coverage lines-valid="1957" lines-covered="1949" line-rate="0.9959" branches-valid="1162" branches-covered="1082" branch-rate="0.9311" timestamp="1687339023655" complexity="0" version="0.1">
  <sources>
    <source>C:\CRM.BAS\CRM.BAS.FSI\frontend\core-components</source>
  </sources>
  <packages>
    <package name="core-components" line-rate="0.9655" branch-rate="1">
      <classes>
        <class name="dev-localization-setup.ts" filename="dev-localization-setup.ts" line-rate="0.9655" branch-rate="1">
          <methods>
            <method name="(anonymous_1)" hits="115" signature="()V">
              <lines>
                <line number="28" hits="115"/>
              </lines>
            </method>
            <method name="(anonymous_2)" hits="2185" signature="()V">
              <lines>
                <line number="73" hits="2185"/>
              </lines>
            </method>
            <method name="(anonymous_3)" hits="0" signature="()V">
              <lines>
                <line number="77" hits="0"/>
              </lines>
            </method>
          </methods>
          <lines>
            <line number="1" hits="115" branch="false"/>
            <line number="2" hits="115" branch="false"/>
            <line number="3" hits="115" branch="false"/>
            <line number="4" hits="115" branch="false"/>
            <line number="5" hits="115" branch="false"/>
            <line number="6" hits="115" branch="false"/>
            <line number="7" hits="115" branch="false"/>
            <line number="8" hits="115" branch="false"/>
            <line number="9" hits="115" branch="false"/>
            <line number="10" hits="115" branch="false"/>
            <line number="11" hits="115" branch="false"/>
            <line number="12" hits="115" branch="false"/>
            <line number="13" hits="115" branch="false"/>
            <line number="14" hits="115" branch="false"/>
            <line number="15" hits="115" branch="false"/>
            <line number="16" hits="115" branch="false"/>
            <line number="17" hits="115" branch="false"/>
            <line number="18" hits="115" branch="false"/>
            <line number="19" hits="115" branch="false"/>
            <line number="20" hits="115" branch="false"/>
            <line number="22" hits="115" branch="false"/>
            <line number="28" hits="230" branch="true" condition-coverage="100% (1/1)"/>
            <line number="49" hits="2185" branch="false"/>
            <line number="51" hits="115" branch="false"/>
            <line number="73" hits="115" branch="false"/>
            <line number="74" hits="2185" branch="false"/>
            <line number="77" hits="115" branch="false"/>
            <line number="78" hits="0" branch="false"/>
            <line number="81" hits="115" branch="false"/>
          </lines>
        </class>
      </classes>
    </package>
    <package name="core-components.components.atoms.AIFactor" line-rate="1" branch-rate="1">
      <classes>
        <class name="AIFactor.tsx" filename="components\atoms\AIFactor\AIFactor.tsx" line-rate="1" branch-rate="1">
          <methods>
            <method name="(anonymous_1)" hits="6" signature="()V">
              <lines>
                <line number="9" hits="6"/>
              </lines>
            </method>
          </methods>
          <lines>
            <line number="1" hits="4" branch="false"/>
            <line number="2" hits="4" branch="false"/>
            <line number="3" hits="4" branch="false"/>
            <line number="4" hits="4" branch="false"/>
            <line number="6" hits="4" branch="false"/>
            <line number="7" hits="4" branch="false"/>
            <line number="9" hits="4" branch="false"/>
            <line number="11" hits="6" branch="false"/>
            <line number="16" hits="30" branch="false"/>
            <line number="18" hits="6" branch="false"/>
            <line number="19" hits="6" branch="false"/>
            <line number="33" hits="4" branch="false"/>
          </lines>
        </class>
      </classes>
    </package>
    <package name="core-components.components.atoms.AIScore" line-rate="1" branch-rate="1">
      <classes>
        <class name="AIScore.tsx" filename="components\atoms\AIScore\AIScore.tsx" line-rate="1" branch-rate="1">
          <methods>
            <method name="(anonymous_7)" hits="4" signature="()V">
              <lines>
                <line number="18" hits="4"/>
              </lines>
            </method>
            <method name="(anonymous_8)" hits="4" signature="()V">
              <lines>
                <line number="26" hits="4"/>
              </lines>
            </method>
          </methods>
          <lines>
            <line number="1" hits="3" branch="false"/>
            <line number="2" hits="3" branch="false"/>
            <line number="3" hits="3" branch="false"/>
            <line number="4" hits="3" branch="false"/>
            <line number="5" hits="3" branch="false"/>
            <line number="7" hits="3" branch="false"/>
            <line number="15" hits="3" branch="false"/>
            <line number="17" hits="3" branch="false"/>
            <line number="18" hits="3" branch="false"/>
            <line number="20" hits="4" branch="false"/>
            <line number="23" hits="12" branch="false"/>
            <line number="25" hits="4" branch="false"/>
            <line number="26" hits="4" branch="false"/>
            <line number="33" hits="4" branch="false"/>
            <line number="52" hits="3" branch="false"/>
          </lines>
        </class>
      </classes>
    </package>
    <package name="core-components.components.atoms.BaseCurrency" line-rate="1" branch-rate="0.9582999999999999">
      <classes>
        <class name="BaseCurrency.tsx" filename="components\atoms\BaseCurrency\BaseCurrency.tsx" line-rate="1" branch-rate="0.9582999999999999">
          <methods>
            <method name="(anonymous_7)" hits="10" signature="()V">
              <lines>
                <line number="20" hits="10"/>
              </lines>
            </method>
            <method name="(anonymous_8)" hits="10" signature="()V">
              <lines>
                <line number="28" hits="10"/>
              </lines>
            </method>
            <method name="(anonymous_9)" hits="10" signature="()V">
              <lines>
                <line number="42" hits="10"/>
              </lines>
            </method>
          </methods>
          <lines>
            <line number="1" hits="2" branch="false"/>
            <line number="2" hits="2" branch="false"/>
            <line number="3" hits="2" branch="false"/>
            <line number="4" hits="2" branch="false"/>
            <line number="6" hits="2" branch="false"/>
            <line number="7" hits="2" branch="false"/>
            <line number="8" hits="2" branch="false"/>
            <line number="9" hits="2" branch="false"/>
            <line number="10" hits="2" branch="false"/>
            <line number="11" hits="2" branch="false"/>
            <line number="12" hits="2" branch="false"/>
            <line number="13" hits="2" branch="false"/>
            <line number="15" hits="2" branch="false"/>
            <line number="18" hits="2" branch="false"/>
            <line number="20" hits="2" branch="false"/>
            <line number="21" hits="50" branch="true" condition-coverage="100% (2/2)"/>
            <line number="22" hits="10" branch="false"/>
            <line number="24" hits="10" branch="false"/>
            <line number="25" hits="10" branch="false"/>
            <line number="27" hits="10" branch="true" condition-coverage="100% (2/2)"/>
            <line number="28" hits="10" branch="false"/>
            <line number="29" hits="10" branch="false"/>
            <line number="31" hits="10" branch="true" condition-coverage="100% (8/8)"/>
            <line number="32" hits="1" branch="false"/>
            <line number="36" hits="10" branch="false"/>
            <line number="42" hits="10" branch="false"/>
            <line number="44" hits="10" branch="false"/>
            <line number="64" hits="2" branch="false"/>
          </lines>
        </class>
      </classes>
    </package>
    <package name="core-components.components.atoms.CaretPerformance" line-rate="1" branch-rate="1">
      <classes>
        <class name="CaretPerformance.tsx" filename="components\atoms\CaretPerformance\CaretPerformance.tsx" line-rate="1" branch-rate="1">
          <methods>
            <method name="(anonymous_1)" hits="6" signature="()V">
              <lines>
                <line number="18" hits="6"/>
              </lines>
            </method>
          </methods>
          <lines>
            <line number="1" hits="1" branch="false"/>
            <line number="2" hits="1" branch="false"/>
            <line number="3" hits="1" branch="false"/>
            <line number="4" hits="1" branch="false"/>
            <line number="5" hits="1" branch="false"/>
            <line number="6" hits="1" branch="false"/>
            <line number="7" hits="1" branch="false"/>
            <line number="8" hits="1" branch="false"/>
            <line number="9" hits="1" branch="false"/>
            <line number="16" hits="1" branch="false"/>
            <line number="18" hits="1" branch="false"/>
            <line number="19" hits="6" branch="false"/>
            <line number="20" hits="12" branch="false"/>
            <line number="21" hits="6" branch="true" condition-coverage="100% (4/4)"/>
            <line number="23" hits="6" branch="false"/>
            <line number="38" hits="1" branch="false"/>
          </lines>
        </class>
      </classes>
    </package>
    <package name="core-components.components.atoms.ChoiceGroup" line-rate="1" branch-rate="1">
      <classes>
        <class name="ChoiceGroup.tsx" filename="components\atoms\ChoiceGroup\ChoiceGroup.tsx" line-rate="1" branch-rate="1">
          <methods>
            <method name="(anonymous_3)" hits="1" signature="()V">
              <lines>
                <line number="7" hits="1"/>
              </lines>
            </method>
          </methods>
          <lines>
            <line number="1" hits="1" branch="false"/>
            <line number="2" hits="1" branch="false"/>
            <line number="3" hits="1" branch="false"/>
            <line number="5" hits="1" branch="false"/>
            <line number="7" hits="1" branch="false"/>
            <line number="8" hits="1" branch="false"/>
            <line number="10" hits="1" branch="false"/>
            <line number="13" hits="1" branch="false"/>
          </lines>
        </class>
      </classes>
    </package>
    <package name="core-components.components.atoms.Collapse" line-rate="1" branch-rate="0.8332999999999999">
      <classes>
        <class name="Collapse.tsx" filename="components\atoms\Collapse\Collapse.tsx" line-rate="1" branch-rate="0.8332999999999999">
          <methods>
            <method name="(anonymous_8)" hits="2" signature="()V">
              <lines>
                <line number="7" hits="2"/>
              </lines>
            </method>
            <method name="(anonymous_9)" hits="1" signature="()V">
              <lines>
                <line number="21" hits="1"/>
              </lines>
            </method>
            <method name="(anonymous_10)" hits="1" signature="()V">
              <lines>
                <line number="21" hits="1"/>
              </lines>
            </method>
          </methods>
          <lines>
            <line number="1" hits="1" branch="false"/>
            <line number="2" hits="1" branch="false"/>
            <line number="3" hits="1" branch="false"/>
            <line number="5" hits="1" branch="false"/>
            <line number="7" hits="1" branch="false"/>
            <line number="8" hits="2" branch="false"/>
            <line number="9" hits="2" branch="false"/>
            <line number="10" hits="2" branch="false"/>
            <line number="11" hits="2" branch="false"/>
            <line number="12" hits="2" branch="false"/>
            <line number="13" hits="2" branch="false"/>
            <line number="14" hits="2" branch="false"/>
            <line number="15" hits="2" branch="true" condition-coverage="50% (1/2)"/>
            <line number="16" hits="2" branch="false"/>
            <line number="17" hits="2" branch="false"/>
            <line number="19" hits="2" branch="false"/>
            <line number="20" hits="2" branch="true" condition-coverage="100% (2/2)"/>
            <line number="21" hits="2" branch="false"/>
            <line number="23" hits="2" branch="false"/>
            <line number="42" hits="1" branch="false"/>
          </lines>
        </class>
      </classes>
    </package>
    <package name="core-components.components.atoms.ComboBox" line-rate="1" branch-rate="0.9375">
      <classes>
        <class name="ComboBox.tsx" filename="components\atoms\ComboBox\ComboBox.tsx" line-rate="1" branch-rate="0.9375">
          <methods>
            <method name="(anonymous_9)" hits="9" signature="()V">
              <lines>
                <line number="7" hits="9"/>
              </lines>
            </method>
            <method name="(anonymous_10)" hits="2" signature="()V">
              <lines>
                <line number="29" hits="2"/>
              </lines>
            </method>
          </methods>
          <lines>
            <line number="1" hits="1" branch="false"/>
            <line number="2" hits="1" branch="false"/>
            <line number="3" hits="1" branch="false"/>
            <line number="4" hits="1" branch="false"/>
            <line number="7" hits="1" branch="false"/>
            <line number="11" hits="9" branch="true" condition-coverage="100% (2/2)"/>
            <line number="16" hits="63" branch="false"/>
            <line number="18" hits="9" branch="false"/>
            <line number="19" hits="9" branch="false"/>
            <line number="21" hits="9" branch="false"/>
            <line number="28" hits="9" branch="false"/>
            <line number="30" hits="2" branch="true" condition-coverage="100% (2/2)"/>
            <line number="32" hits="2" branch="true" condition-coverage="100% (4/4)"/>
            <line number="33" hits="1" branch="false"/>
            <line number="36" hits="2" branch="true" condition-coverage="75% (3/4)"/>
            <line number="37" hits="2" branch="false"/>
            <line number="42" hits="9" branch="false"/>
            <line number="56" hits="1" branch="false"/>
          </lines>
        </class>
      </classes>
    </package>
    <package name="core-components.components.atoms.Contact" line-rate="1" branch-rate="0.8887999999999999">
      <classes>
        <class name="Contact.tsx" filename="components\atoms\Contact\Contact.tsx" line-rate="1" branch-rate="0.8887999999999999">
          <methods>
            <method name="(anonymous_7)" hits="6" signature="()V">
              <lines>
                <line number="13" hits="6"/>
              </lines>
            </method>
            <method name="(anonymous_8)" hits="6" signature="()V">
              <lines>
                <line number="19" hits="6"/>
              </lines>
            </method>
            <method name="(anonymous_9)" hits="3" signature="()V">
              <lines>
                <line number="21" hits="3"/>
              </lines>
            </method>
          </methods>
          <lines>
            <line number="1" hits="1" branch="false"/>
            <line number="2" hits="1" branch="false"/>
            <line number="3" hits="1" branch="false"/>
            <line number="5" hits="1" branch="false"/>
            <line number="6" hits="1" branch="false"/>
            <line number="7" hits="1" branch="false"/>
            <line number="8" hits="1" branch="false"/>
            <line number="9" hits="1" branch="false"/>
            <line number="10" hits="1" branch="false"/>
            <line number="11" hits="1" branch="false"/>
            <line number="13" hits="1" branch="false"/>
            <line number="14" hits="42" branch="true" condition-coverage="75% (3/4)"/>
            <line number="15" hits="6" branch="false"/>
            <line number="16" hits="6" branch="false"/>
            <line number="17" hits="6" branch="false"/>
            <line number="19" hits="6" branch="false"/>
            <line number="21" hits="6" branch="false"/>
            <line number="22" hits="3" branch="true" condition-coverage="100% (1/1)"/>
            <line number="23" hits="1" branch="false"/>
            <line number="25" hits="2" branch="true" condition-coverage="100% (2/2)"/>
            <line number="26" hits="1" branch="false"/>
            <line number="28" hits="1" branch="false"/>
            <line number="32" hits="6" branch="false"/>
            <line number="54" hits="1" branch="false"/>
          </lines>
        </class>
      </classes>
    </package>
    <package name="core-components.components.atoms.CurrencyCode" line-rate="1" branch-rate="1">
      <classes>
        <class name="CurrencyCode.tsx" filename="components\atoms\CurrencyCode\CurrencyCode.tsx" line-rate="1" branch-rate="1">
          <methods>
            <method name="(anonymous_6)" hits="21" signature="()V">
              <lines>
                <line number="8" hits="21"/>
              </lines>
            </method>
            <method name="(anonymous_7)" hits="20" signature="()V">
              <lines>
                <line number="15" hits="20"/>
              </lines>
            </method>
          </methods>
          <lines>
            <line number="1" hits="13" branch="false"/>
            <line number="2" hits="13" branch="false"/>
            <line number="4" hits="13" branch="false"/>
            <line number="5" hits="13" branch="false"/>
            <line number="6" hits="13" branch="false"/>
            <line number="8" hits="13" branch="false"/>
            <line number="9" hits="63" branch="false"/>
            <line number="11" hits="21" branch="false"/>
            <line number="13" hits="21" branch="true" condition-coverage="100% (8/8)"/>
            <line number="15" hits="21" branch="false"/>
            <line number="17" hits="21" branch="false"/>
            <line number="24" hits="13" branch="false"/>
          </lines>
        </class>
      </classes>
    </package>
    <package name="core-components.components.atoms.DataBox" line-rate="1" branch-rate="1">
      <classes>
        <class name="DataBox.tsx" filename="components\atoms\DataBox\DataBox.tsx" line-rate="1" branch-rate="1">
          <methods>
            <method name="(anonymous_12)" hits="4" signature="()V">
              <lines>
                <line number="8" hits="4"/>
              </lines>
            </method>
            <method name="DataBox" hits="5" signature="()V">
              <lines>
                <line number="9" hits="5"/>
              </lines>
            </method>
            <method name="(anonymous_14)" hits="5" signature="()V">
              <lines>
                <line number="13" hits="5"/>
              </lines>
            </method>
          </methods>
          <lines>
            <line number="1" hits="4" branch="false"/>
            <line number="3" hits="4" branch="false"/>
            <line number="4" hits="4" branch="false"/>
            <line number="5" hits="4" branch="false"/>
            <line number="6" hits="4" branch="false"/>
            <line number="8" hits="4" branch="false"/>
            <line number="10" hits="5" branch="true" condition-coverage="100% (2/2)"/>
            <line number="13" hits="4" branch="false"/>
            <line number="14" hits="5" branch="false"/>
            <line number="16" hits="20" branch="true" condition-coverage="100% (2/2)"/>
            <line number="18" hits="5" branch="false"/>
            <line number="19" hits="5" branch="false"/>
            <line number="21" hits="5" branch="false"/>
            <line number="42" hits="4" branch="false"/>
            <line number="44" hits="4" branch="false"/>
          </lines>
        </class>
      </classes>
    </package>
    <package name="core-components.components.atoms.DatePicker" line-rate="1" branch-rate="0.9428">
      <classes>
        <class name="DatePicker.tsx" filename="components\atoms\DatePicker\DatePicker.tsx" line-rate="1" branch-rate="0.9428">
          <methods>
            <method name="(anonymous_9)" hits="15" signature="()V">
              <lines>
                <line number="27" hits="15"/>
              </lines>
            </method>
            <method name="(anonymous_10)" hits="15" signature="()V">
              <lines>
                <line number="48" hits="15"/>
              </lines>
            </method>
            <method name="(anonymous_11)" hits="4" signature="()V">
              <lines>
                <line number="73" hits="4"/>
              </lines>
            </method>
            <method name="(anonymous_12)" hits="22" signature="()V">
              <lines>
                <line number="82" hits="22"/>
              </lines>
            </method>
            <method name="(anonymous_13)" hits="2" signature="()V">
              <lines>
                <line number="89" hits="2"/>
              </lines>
            </method>
            <method name="(anonymous_14)" hits="0" signature="()V">
              <lines>
                <line number="95" hits="0"/>
              </lines>
            </method>
          </methods>
          <lines>
            <line number="1" hits="5" branch="false"/>
            <line number="2" hits="5" branch="false"/>
            <line number="3" hits="5" branch="false"/>
            <line number="4" hits="5" branch="false"/>
            <line number="5" hits="5" branch="false"/>
            <line number="7" hits="5" branch="false"/>
            <line number="8" hits="5" branch="false"/>
            <line number="9" hits="5" branch="false"/>
            <line number="10" hits="5" branch="false"/>
            <line number="11" hits="5" branch="false"/>
            <line number="12" hits="5" branch="false"/>
            <line number="13" hits="5" branch="false"/>
            <line number="14" hits="5" branch="false"/>
            <line number="15" hits="5" branch="false"/>
            <line number="16" hits="5" branch="false"/>
            <line number="18" hits="5" branch="false"/>
            <line number="22" hits="5" branch="false"/>
            <line number="27" hits="5" branch="false"/>
            <line number="28" hits="15" branch="false"/>
            <line number="29" hits="15" branch="false"/>
            <line number="46" hits="225" branch="false"/>
            <line number="48" hits="15" branch="false"/>
            <line number="49" hits="15" branch="false"/>
            <line number="65" hits="15" branch="true" condition-coverage="100% (6/6)"/>
            <line number="66" hits="15" branch="false"/>
            <line number="72" hits="15" branch="false"/>
            <line number="74" hits="4" branch="false"/>
            <line number="79" hits="15" branch="true" condition-coverage="90.9090909090909% (10/11)"/>
            <line number="81" hits="15" branch="false"/>
            <line number="83" hits="22" branch="true" condition-coverage="100% (4/4)"/>
            <line number="88" hits="15" branch="false"/>
            <line number="90" hits="2" branch="false"/>
            <line number="95" hits="15" branch="false"/>
            <line number="97" hits="15" branch="true" condition-coverage="100% (2/2)"/>
            <line number="99" hits="15" branch="false"/>
            <line number="106" hits="15" branch="false"/>
          </lines>
        </class>
      </classes>
    </package>
    <package name="core-components.components.atoms.DateTime" line-rate="1" branch-rate="1">
      <classes>
        <class name="DateTime.tsx" filename="components\atoms\DateTime\DateTime.tsx" line-rate="1" branch-rate="1">
          <methods>
            <method name="(anonymous_1)" hits="14" signature="()V">
              <lines>
                <line number="7" hits="14"/>
              </lines>
            </method>
          </methods>
          <lines>
            <line number="1" hits="8" branch="false"/>
            <line number="2" hits="8" branch="false"/>
            <line number="3" hits="8" branch="false"/>
            <line number="4" hits="8" branch="false"/>
            <line number="5" hits="8" branch="false"/>
            <line number="7" hits="8" branch="false"/>
            <line number="8" hits="56" branch="true" condition-coverage="100% (4/4)"/>
            <line number="10" hits="14" branch="false"/>
            <line number="12" hits="14" branch="true" condition-coverage="100% (3/3)"/>
            <line number="13" hits="2" branch="false"/>
            <line number="16" hits="12" branch="false"/>
            <line number="23" hits="8" branch="false"/>
          </lines>
        </class>
      </classes>
    </package>
    <package name="core-components.components.atoms.DialogEvent" line-rate="1" branch-rate="1">
      <classes>
        <class name="DialogEvent.tsx" filename="components\atoms\DialogEvent\DialogEvent.tsx" line-rate="1" branch-rate="1">
          <methods>
            <method name="(anonymous_1)" hits="2" signature="()V">
              <lines>
                <line number="17" hits="2"/>
              </lines>
            </method>
          </methods>
          <lines>
            <line number="1" hits="1" branch="false"/>
            <line number="2" hits="1" branch="false"/>
            <line number="3" hits="1" branch="false"/>
            <line number="5" hits="1" branch="false"/>
            <line number="17" hits="1" branch="false"/>
            <line number="18" hits="2" branch="false"/>
            <line number="19" hits="2" branch="false"/>
            <line number="20" hits="2" branch="false"/>
            <line number="21" hits="2" branch="false"/>
            <line number="22" hits="2" branch="false"/>
            <line number="23" hits="2" branch="false"/>
            <line number="24" hits="2" branch="false"/>
            <line number="26" hits="2" branch="false"/>
            <line number="43" hits="1" branch="false"/>
          </lines>
        </class>
      </classes>
    </package>
    <package name="core-components.components.atoms.Divider" line-rate="1" branch-rate="1">
      <classes>
        <class name="Divider.tsx" filename="components\atoms\Divider\Divider.tsx" line-rate="1" branch-rate="1">
          <methods>
            <method name="(anonymous_3)" hits="99" signature="()V">
              <lines>
                <line number="6" hits="99"/>
              </lines>
            </method>
          </methods>
          <lines>
            <line number="1" hits="12" branch="false"/>
            <line number="2" hits="12" branch="false"/>
            <line number="4" hits="12" branch="false"/>
            <line number="6" hits="12" branch="false"/>
            <line number="7" hits="99" branch="false"/>
            <line number="9" hits="99" branch="false"/>
            <line number="12" hits="12" branch="false"/>
          </lines>
        </class>
      </classes>
    </package>
    <package name="core-components.components.atoms.Dropdown" line-rate="1" branch-rate="1">
      <classes>
        <class name="Dropdown.tsx" filename="components\atoms\Dropdown\Dropdown.tsx" line-rate="1" branch-rate="1">
          <methods>
            <method name="(anonymous_8)" hits="8" signature="()V">
              <lines>
                <line number="8" hits="8"/>
              </lines>
            </method>
            <method name="(anonymous_9)" hits="3" signature="()V">
              <lines>
                <line number="12" hits="3"/>
              </lines>
            </method>
          </methods>
          <lines>
            <line number="1" hits="2" branch="false"/>
            <line number="2" hits="2" branch="false"/>
            <line number="3" hits="2" branch="false"/>
            <line number="4" hits="2" branch="false"/>
            <line number="6" hits="2" branch="false"/>
            <line number="8" hits="2" branch="false"/>
            <line number="9" hits="24" branch="false"/>
            <line number="11" hits="8" branch="false"/>
            <line number="12" hits="3" branch="true" condition-coverage="100% (2/2)"/>
            <line number="16" hits="8" branch="false"/>
            <line number="23" hits="8" branch="false"/>
            <line number="33" hits="2" branch="false"/>
          </lines>
        </class>
      </classes>
    </package>
    <package name="core-components.components.atoms.EmptyState" line-rate="1" branch-rate="1">
      <classes>
        <class name="EmptyState.tsx" filename="components\atoms\EmptyState\EmptyState.tsx" line-rate="1" branch-rate="1">
          <methods>
            <method name="(anonymous_1)" hits="36" signature="()V">
              <lines>
                <line number="9" hits="36"/>
              </lines>
            </method>
            <method name="(anonymous_2)" hits="4" signature="()V">
              <lines>
                <line number="39" hits="4"/>
              </lines>
            </method>
          </methods>
          <lines>
            <line number="1" hits="52" branch="false"/>
            <line number="2" hits="52" branch="false"/>
            <line number="3" hits="52" branch="false"/>
            <line number="4" hits="52" branch="false"/>
            <line number="5" hits="52" branch="false"/>
            <line number="7" hits="52" branch="false"/>
            <line number="9" hits="52" branch="false"/>
            <line number="10" hits="252" branch="false"/>
            <line number="11" hits="36" branch="false"/>
            <line number="13" hits="36" branch="false"/>
            <line number="15" hits="36" branch="false"/>
            <line number="39" hits="4" branch="false"/>
            <line number="56" hits="52" branch="false"/>
          </lines>
        </class>
      </classes>
    </package>
    <package name="core-components.components.atoms.ExplainabilityBox" line-rate="1" branch-rate="1">
      <classes>
        <class name="ExplainabilityBox.tsx" filename="components\atoms\ExplainabilityBox\ExplainabilityBox.tsx" line-rate="1" branch-rate="1">
          <methods>
            <method name="(anonymous_1)" hits="11" signature="()V">
              <lines>
                <line number="7" hits="11"/>
              </lines>
            </method>
          </methods>
          <lines>
            <line number="1" hits="4" branch="false"/>
            <line number="2" hits="4" branch="false"/>
            <line number="4" hits="4" branch="false"/>
            <line number="5" hits="4" branch="false"/>
            <line number="7" hits="4" branch="false"/>
            <line number="8" hits="55" branch="false"/>
            <line number="10" hits="11" branch="false"/>
            <line number="26" hits="4" branch="false"/>
          </lines>
        </class>
      </classes>
    </package>
    <package name="core-components.components.atoms.Facepile" line-rate="0.9736" branch-rate="0.875">
      <classes>
        <class name="Facepile.styles.ts" filename="components\atoms\Facepile\Facepile.styles.ts" line-rate="1" branch-rate="1">
          <methods>
          </methods>
          <lines>
            <line number="1" hits="5" branch="false"/>
            <line number="3" hits="5" branch="false"/>
            <line number="14" hits="5" branch="false"/>
          </lines>
        </class>
        <class name="Facepile.tsx" filename="components\atoms\Facepile\Facepile.tsx" line-rate="0.9695999999999999" branch-rate="0.875">
          <methods>
            <method name="(anonymous_9)" hits="0" signature="()V">
              <lines>
                <line number="24" hits="0"/>
              </lines>
            </method>
            <method name="(anonymous_10)" hits="2" signature="()V">
              <lines>
                <line number="36" hits="2"/>
              </lines>
            </method>
            <method name="(anonymous_11)" hits="0" signature="()V">
              <lines>
                <line number="37" hits="0"/>
              </lines>
            </method>
            <method name="(anonymous_12)" hits="5" signature="()V">
              <lines>
                <line number="41" hits="5"/>
              </lines>
            </method>
            <method name="(anonymous_13)" hits="2" signature="()V">
              <lines>
                <line number="42" hits="2"/>
              </lines>
            </method>
            <method name="(anonymous_14)" hits="7" signature="()V">
              <lines>
                <line number="63" hits="7"/>
              </lines>
            </method>
            <method name="(anonymous_15)" hits="5" signature="()V">
              <lines>
                <line number="72" hits="5"/>
              </lines>
            </method>
          </methods>
          <lines>
            <line number="3" hits="5" branch="false"/>
            <line number="4" hits="5" branch="false"/>
            <line number="5" hits="5" branch="false"/>
            <line number="6" hits="5" branch="false"/>
            <line number="7" hits="5" branch="false"/>
            <line number="9" hits="5" branch="false"/>
            <line number="10" hits="5" branch="false"/>
            <line number="11" hits="5" branch="false"/>
            <line number="12" hits="5" branch="false"/>
            <line number="13" hits="5" branch="false"/>
            <line number="15" hits="5" branch="false"/>
            <line number="17" hits="5" branch="false"/>
            <line number="24" hits="5" branch="false"/>
            <line number="36" hits="5" branch="false"/>
            <line number="37" hits="2" branch="false"/>
            <line number="38" hits="0" branch="false"/>
            <line number="41" hits="5" branch="false"/>
            <line number="42" hits="5" branch="false"/>
            <line number="43" hits="2" branch="false"/>
            <line number="52" hits="2" branch="true" condition-coverage="100% (1/1)"/>
            <line number="53" hits="1" branch="false"/>
            <line number="56" hits="1" branch="false"/>
            <line number="63" hits="7" branch="false"/>
            <line number="64" hits="7" branch="true" condition-coverage="100% (2/2)"/>
            <line number="66" hits="7" branch="false"/>
            <line number="69" hits="7" branch="true" condition-coverage="75% (3/4)"/>
            <line number="71" hits="7" branch="false"/>
            <line number="72" hits="5" branch="false"/>
            <line number="79" hits="7" branch="false"/>
            <line number="88" hits="7" branch="true" condition-coverage="100% (1/1)"/>
            <line number="89" hits="3" branch="false"/>
            <line number="96" hits="4" branch="false"/>
            <line number="99" hits="5" branch="false"/>
          </lines>
        </class>
        <class name="index.tsx" filename="components\atoms\Facepile\index.tsx" line-rate="1" branch-rate="1">
          <methods>
          </methods>
          <lines>
            <line number="1" hits="4" branch="false"/>
            <line number="3" hits="4" branch="false"/>
          </lines>
        </class>
      </classes>
    </package>
    <package name="core-components.components.atoms.FileUploadField" line-rate="1" branch-rate="0.8571">
      <classes>
        <class name="FileUploadField.tsx" filename="components\atoms\FileUploadField\FileUploadField.tsx" line-rate="1" branch-rate="0.8571">
          <methods>
            <method name="(anonymous_19)" hits="14" signature="()V">
              <lines>
                <line number="7" hits="14"/>
              </lines>
            </method>
            <method name="(anonymous_20)" hits="5" signature="()V">
              <lines>
                <line number="22" hits="5"/>
              </lines>
            </method>
            <method name="(anonymous_21)" hits="5" signature="()V">
              <lines>
                <line number="22" hits="5"/>
              </lines>
            </method>
            <method name="(anonymous_23)" hits="3" signature="()V">
              <lines>
                <line number="33" hits="3"/>
              </lines>
            </method>
            <method name="(anonymous_24)" hits="17" signature="()V">
              <lines>
                <line number="71" hits="17"/>
              </lines>
            </method>
            <method name="(anonymous_25)" hits="3" signature="()V">
              <lines>
                <line number="77" hits="3"/>
              </lines>
            </method>
          </methods>
          <lines>
            <line number="1" hits="2" branch="false"/>
            <line number="2" hits="2" branch="false"/>
            <line number="3" hits="2" branch="false"/>
            <line number="5" hits="2" branch="false"/>
            <line number="7" hits="2" branch="false"/>
            <line number="8" hits="14" branch="false"/>
            <line number="9" hits="14" branch="false"/>
            <line number="10" hits="14" branch="false"/>
            <line number="11" hits="14" branch="false"/>
            <line number="12" hits="14" branch="false"/>
            <line number="13" hits="14" branch="false"/>
            <line number="14" hits="14" branch="false"/>
            <line number="15" hits="14" branch="false"/>
            <line number="16" hits="14" branch="false"/>
            <line number="17" hits="14" branch="false"/>
            <line number="19" hits="14" branch="false"/>
            <line number="21" hits="14" branch="false"/>
            <line number="22" hits="5" branch="false"/>
            <line number="23" hits="5" branch="false"/>
            <line number="24" hits="5" branch="true" condition-coverage="100% (4/4)"/>
            <line number="25" hits="5" branch="true" condition-coverage="100% (1/1)"/>
            <line number="26" hits="4" branch="false"/>
            <line number="27" hits="4" branch="false"/>
            <line number="33" hits="14" branch="false"/>
            <line number="34" hits="3" branch="true" condition-coverage="100% (1/1)"/>
            <line number="35" hits="1" branch="false"/>
            <line number="37" hits="3" branch="true" condition-coverage="75% (6/8)"/>
            <line number="40" hits="14" branch="false"/>
            <line number="42" hits="14" branch="false"/>
            <line number="71" hits="17" branch="true" condition-coverage="83.33333333333334% (5/6)"/>
            <line number="77" hits="3" branch="true" condition-coverage="100% (2/2)"/>
            <line number="84" hits="2" branch="false"/>
          </lines>
        </class>
      </classes>
    </package>
    <package name="core-components.components.atoms.HighlightMessageBar" line-rate="1" branch-rate="0.8332999999999999">
      <classes>
        <class name="HighlightMessageBar.tsx" filename="components\atoms\HighlightMessageBar\HighlightMessageBar.tsx" line-rate="1" branch-rate="0.8332999999999999">
          <methods>
            <method name="(anonymous_9)" hits="4" signature="()V">
              <lines>
                <line number="9" hits="4"/>
              </lines>
            </method>
          </methods>
          <lines>
            <line number="1" hits="1" branch="false"/>
            <line number="2" hits="1" branch="false"/>
            <line number="3" hits="1" branch="false"/>
            <line number="4" hits="1" branch="false"/>
            <line number="5" hits="1" branch="false"/>
            <line number="7" hits="1" branch="false"/>
            <line number="9" hits="4" branch="true" condition-coverage="100% (2/2)"/>
            <line number="10" hits="4" branch="true" condition-coverage="100% (2/2)"/>
            <line number="11" hits="4" branch="false"/>
            <line number="12" hits="4" branch="false"/>
            <line number="20" hits="1" branch="false"/>
          </lines>
        </class>
      </classes>
    </package>
    <package name="core-components.components.atoms.Indicator" line-rate="0.9375" branch-rate="1">
      <classes>
        <class name="Indicator.tsx" filename="components\atoms\Indicator\Indicator.tsx" line-rate="0.9375" branch-rate="1">
          <methods>
            <method name="(anonymous_8)" hits="14" signature="()V">
              <lines>
                <line number="11" hits="14"/>
              </lines>
            </method>
            <method name="(anonymous_9)" hits="14" signature="()V">
              <lines>
                <line number="14" hits="14"/>
              </lines>
            </method>
            <method name="(anonymous_10)" hits="0" signature="()V">
              <lines>
                <line number="37" hits="0"/>
              </lines>
            </method>
          </methods>
          <lines>
            <line number="1" hits="6" branch="false"/>
            <line number="2" hits="6" branch="false"/>
            <line number="4" hits="6" branch="false"/>
            <line number="5" hits="6" branch="false"/>
            <line number="6" hits="6" branch="false"/>
            <line number="7" hits="6" branch="false"/>
            <line number="8" hits="6" branch="false"/>
            <line number="10" hits="6" branch="false"/>
            <line number="11" hits="6" branch="false"/>
            <line number="12" hits="84" branch="true" condition-coverage="100% (4/4)"/>
            <line number="14" hits="14" branch="false"/>
            <line number="15" hits="14" branch="false"/>
            <line number="18" hits="14" branch="false"/>
            <line number="20" hits="14" branch="false"/>
            <line number="37" hits="0" branch="false"/>
            <line number="43" hits="6" branch="false"/>
          </lines>
        </class>
      </classes>
    </package>
    <package name="core-components.components.atoms.InfoCallout" line-rate="1" branch-rate="1">
      <classes>
        <class name="InfoCallout.tsx" filename="components\atoms\InfoCallout\InfoCallout.tsx" line-rate="1" branch-rate="1">
          <methods>
            <method name="(anonymous_6)" hits="12" signature="()V">
              <lines>
                <line number="9" hits="12"/>
              </lines>
            </method>
            <method name="(anonymous_7)" hits="3" signature="()V">
              <lines>
                <line number="13" hits="3"/>
              </lines>
            </method>
          </methods>
          <lines>
            <line number="1" hits="5" branch="false"/>
            <line number="3" hits="5" branch="false"/>
            <line number="4" hits="5" branch="false"/>
            <line number="5" hits="5" branch="false"/>
            <line number="6" hits="5" branch="false"/>
            <line number="7" hits="5" branch="false"/>
            <line number="9" hits="5" branch="false"/>
            <line number="10" hits="48" branch="true" condition-coverage="100% (2/2)"/>
            <line number="11" hits="12" branch="false"/>
            <line number="13" hits="12" branch="false"/>
            <line number="14" hits="12" branch="false"/>
            <line number="16" hits="12" branch="false"/>
            <line number="44" hits="5" branch="false"/>
          </lines>
        </class>
      </classes>
    </package>
    <package name="core-components.components.atoms.LabelWithAdditionalInfo" line-rate="1" branch-rate="1">
      <classes>
        <class name="LabelWithAdditionalInfo.tsx" filename="components\atoms\LabelWithAdditionalInfo\LabelWithAdditionalInfo.tsx" line-rate="1" branch-rate="1">
          <methods>
            <method name="(anonymous_1)" hits="20" signature="()V">
              <lines>
                <line number="7" hits="20"/>
              </lines>
            </method>
          </methods>
          <lines>
            <line number="1" hits="9" branch="false"/>
            <line number="2" hits="9" branch="false"/>
            <line number="4" hits="9" branch="false"/>
            <line number="5" hits="9" branch="false"/>
            <line number="7" hits="20" branch="false"/>
            <line number="8" hits="20" branch="true" condition-coverage="100% (2/2)"/>
            <line number="9" hits="20" branch="false"/>
            <line number="17" hits="9" branch="false"/>
          </lines>
        </class>
      </classes>
    </package>
    <package name="core-components.components.atoms.LegendItem" line-rate="1" branch-rate="1">
      <classes>
        <class name="LegendItem.tsx" filename="components\atoms\LegendItem\LegendItem.tsx" line-rate="1" branch-rate="1">
          <methods>
            <method name="(anonymous_6)" hits="21" signature="()V">
              <lines>
                <line number="9" hits="21"/>
              </lines>
            </method>
            <method name="(anonymous_7)" hits="21" signature="()V">
              <lines>
                <line number="12" hits="21"/>
              </lines>
            </method>
          </methods>
          <lines>
            <line number="1" hits="2" branch="false"/>
            <line number="2" hits="2" branch="false"/>
            <line number="4" hits="2" branch="false"/>
            <line number="5" hits="2" branch="false"/>
            <line number="7" hits="2" branch="false"/>
            <line number="9" hits="2" branch="false"/>
            <line number="10" hits="63" branch="false"/>
            <line number="12" hits="21" branch="false"/>
            <line number="14" hits="21" branch="false"/>
            <line number="31" hits="2" branch="false"/>
          </lines>
        </class>
      </classes>
    </package>
    <package name="core-components.components.atoms.LinkToForm" line-rate="1" branch-rate="1">
      <classes>
        <class name="LinkToForm.tsx" filename="components\atoms\LinkToForm\LinkToForm.tsx" line-rate="1" branch-rate="1">
          <methods>
            <method name="(anonymous_7)" hits="4" signature="()V">
              <lines>
                <line number="8" hits="4"/>
              </lines>
            </method>
            <method name="(anonymous_8)" hits="1" signature="()V">
              <lines>
                <line number="12" hits="1"/>
              </lines>
            </method>
          </methods>
          <lines>
            <line number="1" hits="1" branch="false"/>
            <line number="2" hits="1" branch="false"/>
            <line number="3" hits="1" branch="false"/>
            <line number="5" hits="1" branch="false"/>
            <line number="6" hits="1" branch="false"/>
            <line number="8" hits="4" branch="false"/>
            <line number="9" hits="4" branch="false"/>
            <line number="11" hits="4" branch="true" condition-coverage="100% (4/4)"/>
            <line number="12" hits="1" branch="false"/>
            <line number="22" hits="1" branch="false"/>
          </lines>
        </class>
      </classes>
    </package>
    <package name="core-components.components.atoms.LinkablePersona" line-rate="1" branch-rate="1">
      <classes>
        <class name="LinkablePersona.tsx" filename="components\atoms\LinkablePersona\LinkablePersona.tsx" line-rate="1" branch-rate="1">
          <methods>
            <method name="(anonymous_10)" hits="2" signature="()V">
              <lines>
                <line number="13" hits="2"/>
              </lines>
            </method>
            <method name="(anonymous_11)" hits="2" signature="()V">
              <lines>
                <line number="16" hits="2"/>
              </lines>
            </method>
            <method name="(anonymous_12)" hits="2" signature="()V">
              <lines>
                <line number="21" hits="2"/>
              </lines>
            </method>
            <method name="(anonymous_13)" hits="2" signature="()V">
              <lines>
                <line number="21" hits="2"/>
              </lines>
            </method>
            <method name="(anonymous_14)" hits="2" signature="()V">
              <lines>
                <line number="21" hits="2"/>
              </lines>
            </method>
          </methods>
          <lines>
            <line number="1" hits="4" branch="false"/>
            <line number="2" hits="4" branch="false"/>
            <line number="3" hits="4" branch="false"/>
            <line number="4" hits="4" branch="false"/>
            <line number="5" hits="4" branch="false"/>
            <line number="7" hits="4" branch="false"/>
            <line number="13" hits="4" branch="false"/>
            <line number="14" hits="2" branch="false"/>
            <line number="15" hits="2" branch="false"/>
            <line number="16" hits="2" branch="true" condition-coverage="100% (4/4)"/>
            <line number="20" hits="2" branch="false"/>
            <line number="21" hits="2" branch="false"/>
            <line number="25" hits="2" branch="false"/>
            <line number="37" hits="4" branch="false"/>
          </lines>
        </class>
      </classes>
    </package>
    <package name="core-components.components.atoms.Loading" line-rate="1" branch-rate="1">
      <classes>
        <class name="Loading.tsx" filename="components\atoms\Loading\Loading.tsx" line-rate="1" branch-rate="1">
          <methods>
            <method name="(anonymous_1)" hits="29" signature="()V">
              <lines>
                <line number="14" hits="29"/>
              </lines>
            </method>
          </methods>
          <lines>
            <line number="1" hits="10" branch="false"/>
            <line number="2" hits="10" branch="false"/>
            <line number="3" hits="10" branch="false"/>
            <line number="4" hits="10" branch="false"/>
            <line number="5" hits="10" branch="false"/>
            <line number="14" hits="29" branch="true" condition-coverage="100% (2/2)"/>
            <line number="15" hits="29" branch="false"/>
            <line number="17" hits="29" branch="false"/>
            <line number="24" hits="10" branch="false"/>
          </lines>
        </class>
      </classes>
    </package>
    <package name="core-components.components.atoms.NumericValue" line-rate="1" branch-rate="0.9">
      <classes>
        <class name="NumericValue.tsx" filename="components\atoms\NumericValue\NumericValue.tsx" line-rate="1" branch-rate="0.9">
          <methods>
            <method name="(anonymous_1)" hits="18" signature="()V">
              <lines>
                <line number="9" hits="18"/>
              </lines>
            </method>
            <method name="(anonymous_2)" hits="36" signature="()V">
              <lines>
                <line number="13" hits="36"/>
              </lines>
            </method>
          </methods>
          <lines>
            <line number="1" hits="19" branch="false"/>
            <line number="2" hits="19" branch="false"/>
            <line number="3" hits="19" branch="false"/>
            <line number="4" hits="19" branch="false"/>
            <line number="6" hits="19" branch="false"/>
            <line number="7" hits="19" branch="false"/>
            <line number="9" hits="19" branch="false"/>
            <line number="10" hits="18" branch="true" condition-coverage="100% (2/2)"/>
            <line number="13" hits="19" branch="false"/>
            <line number="14" hits="216" branch="true" condition-coverage="75% (3/4)"/>
            <line number="16" hits="36" branch="false"/>
            <line number="18" hits="36" branch="false"/>
            <line number="19" hits="36" branch="false"/>
            <line number="31" hits="19" branch="false"/>
          </lines>
        </class>
      </classes>
    </package>
    <package name="core-components.components.atoms.OverflowText" line-rate="1" branch-rate="1">
      <classes>
        <class name="OverflowText.tsx" filename="components\atoms\OverflowText\OverflowText.tsx" line-rate="1" branch-rate="1">
          <methods>
            <method name="(anonymous_6)" hits="78" signature="()V">
              <lines>
                <line number="9" hits="78"/>
              </lines>
            </method>
            <method name="(anonymous_7)" hits="69" signature="()V">
              <lines>
                <line number="11" hits="69"/>
              </lines>
            </method>
          </methods>
          <lines>
            <line number="1" hits="17" branch="false"/>
            <line number="3" hits="17" branch="false"/>
            <line number="4" hits="17" branch="false"/>
            <line number="5" hits="17" branch="false"/>
            <line number="6" hits="17" branch="false"/>
            <line number="7" hits="17" branch="false"/>
            <line number="9" hits="17" branch="false"/>
            <line number="10" hits="312" branch="false"/>
            <line number="11" hits="78" branch="false"/>
            <line number="12" hits="78" branch="false"/>
            <line number="24" hits="17" branch="false"/>
          </lines>
        </class>
      </classes>
    </package>
    <package name="core-components.components.atoms.Performance" line-rate="1" branch-rate="1">
      <classes>
        <class name="Performance.tsx" filename="components\atoms\Performance\Performance.tsx" line-rate="1" branch-rate="1">
          <methods>
            <method name="(anonymous_7)" hits="15" signature="()V">
              <lines>
                <line number="10" hits="15"/>
              </lines>
            </method>
            <method name="(anonymous_8)" hits="15" signature="()V">
              <lines>
                <line number="12" hits="15"/>
              </lines>
            </method>
          </methods>
          <lines>
            <line number="1" hits="5" branch="false"/>
            <line number="2" hits="5" branch="false"/>
            <line number="3" hits="5" branch="false"/>
            <line number="4" hits="5" branch="false"/>
            <line number="6" hits="5" branch="false"/>
            <line number="7" hits="5" branch="false"/>
            <line number="8" hits="5" branch="false"/>
            <line number="10" hits="5" branch="false"/>
            <line number="11" hits="30" branch="false"/>
            <line number="12" hits="15" branch="false"/>
            <line number="13" hits="15" branch="true" condition-coverage="100% (3/3)"/>
            <line number="14" hits="5" branch="false"/>
            <line number="16" hits="10" branch="true" condition-coverage="100% (1/1)"/>
            <line number="17" hits="9" branch="false"/>
            <line number="20" hits="1" branch="false"/>
            <line number="23" hits="15" branch="false"/>
            <line number="31" hits="5" branch="false"/>
          </lines>
        </class>
      </classes>
    </package>
    <package name="core-components.components.atoms.Progressbar" line-rate="1" branch-rate="1">
      <classes>
        <class name="Progressbar.tsx" filename="components\atoms\Progressbar\Progressbar.tsx" line-rate="1" branch-rate="1">
          <methods>
            <method name="(anonymous_3)" hits="5" signature="()V">
              <lines>
                <line number="7" hits="5"/>
              </lines>
            </method>
          </methods>
          <lines>
            <line number="1" hits="1" branch="false"/>
            <line number="2" hits="1" branch="false"/>
            <line number="3" hits="1" branch="false"/>
            <line number="5" hits="1" branch="false"/>
            <line number="7" hits="1" branch="false"/>
            <line number="8" hits="30" branch="false"/>
            <line number="10" hits="5" branch="false"/>
            <line number="12" hits="5" branch="true" condition-coverage="100% (4/4)"/>
            <line number="13" hits="5" branch="false"/>
            <line number="15" hits="5" branch="false"/>
            <line number="29" hits="1" branch="false"/>
          </lines>
        </class>
      </classes>
    </package>
    <package name="core-components.components.atoms.ResponsiveContainer" line-rate="1" branch-rate="1">
      <classes>
        <class name="ResponsiveContainer.context.tsx" filename="components\atoms\ResponsiveContainer\ResponsiveContainer.context.tsx" line-rate="1" branch-rate="1">
          <methods>
          </methods>
          <lines>
            <line number="1" hits="7" branch="false"/>
            <line number="8" hits="7" branch="false"/>
          </lines>
        </class>
        <class name="ResponsiveContainer.tsx" filename="components\atoms\ResponsiveContainer\ResponsiveContainer.tsx" line-rate="1" branch-rate="1">
          <methods>
            <method name="(anonymous_1)" hits="8" signature="()V">
              <lines>
                <line number="8" hits="8"/>
              </lines>
            </method>
          </methods>
          <lines>
            <line number="1" hits="7" branch="false"/>
            <line number="2" hits="7" branch="false"/>
            <line number="3" hits="7" branch="false"/>
            <line number="4" hits="7" branch="false"/>
            <line number="6" hits="7" branch="false"/>
            <line number="8" hits="7" branch="false"/>
            <line number="9" hits="24" branch="true" condition-coverage="100% (2/2)"/>
            <line number="11" hits="8" branch="false"/>
            <line number="13" hits="8" branch="false"/>
            <line number="27" hits="7" branch="false"/>
          </lines>
        </class>
      </classes>
    </package>
    <package name="core-components.components.atoms.ScreenReaderText" line-rate="1" branch-rate="1">
      <classes>
        <class name="ScreenReaderText.tsx" filename="components\atoms\ScreenReaderText\ScreenReaderText.tsx" line-rate="1" branch-rate="1">
          <methods>
            <method name="(anonymous_3)" hits="7" signature="()V">
              <lines>
                <line number="5" hits="7"/>
              </lines>
            </method>
          </methods>
          <lines>
            <line number="1" hits="4" branch="false"/>
            <line number="3" hits="4" branch="false"/>
            <line number="5" hits="4" branch="false"/>
            <line number="6" hits="14" branch="false"/>
            <line number="8" hits="7" branch="false"/>
            <line number="15" hits="4" branch="false"/>
          </lines>
        </class>
      </classes>
    </package>
    <package name="core-components.components.atoms.SectionHeader" line-rate="1" branch-rate="1">
      <classes>
        <class name="SectionHeader.styles.tsx" filename="components\atoms\SectionHeader\SectionHeader.styles.tsx" line-rate="1" branch-rate="1">
          <methods>
            <method name="(anonymous_2)" hits="57" signature="()V">
              <lines>
                <line number="27" hits="57"/>
              </lines>
            </method>
          </methods>
          <lines>
            <line number="1" hits="10" branch="false"/>
            <line number="2" hits="10" branch="false"/>
            <line number="3" hits="10" branch="false"/>
            <line number="5" hits="10" branch="false"/>
            <line number="15" hits="10" branch="false"/>
            <line number="25" hits="10" branch="false"/>
            <line number="27" hits="10" branch="false"/>
            <line number="28" hits="57" branch="false"/>
          </lines>
        </class>
        <class name="SectionHeader.tsx" filename="components\atoms\SectionHeader\SectionHeader.tsx" line-rate="1" branch-rate="1">
          <methods>
            <method name="(anonymous_1)" hits="57" signature="()V">
              <lines>
                <line number="19" hits="57"/>
              </lines>
            </method>
          </methods>
          <lines>
            <line number="1" hits="10" branch="false"/>
            <line number="2" hits="10" branch="false"/>
            <line number="3" hits="10" branch="false"/>
            <line number="4" hits="10" branch="false"/>
            <line number="6" hits="10" branch="false"/>
            <line number="7" hits="10" branch="false"/>
            <line number="19" hits="10" branch="false"/>
            <line number="20" hits="456" branch="true" condition-coverage="100% (4/4)"/>
            <line number="22" hits="57" branch="false"/>
            <line number="23" hits="57" branch="false"/>
            <line number="25" hits="57" branch="false"/>
          </lines>
        </class>
      </classes>
    </package>
    <package name="core-components.components.atoms.SeparatedList" line-rate="1" branch-rate="1">
      <classes>
        <class name="SeparatedList.tsx" filename="components\atoms\SeparatedList\SeparatedList.tsx" line-rate="1" branch-rate="1">
          <methods>
            <method name="SeparatedList" hits="1" signature="()V">
              <lines>
                <line number="13" hits="1"/>
              </lines>
            </method>
            <method name="(anonymous_8)" hits="1" signature="()V">
              <lines>
                <line number="19" hits="1"/>
              </lines>
            </method>
          </methods>
          <lines>
            <line number="1" hits="1" branch="false"/>
            <line number="2" hits="1" branch="false"/>
            <line number="3" hits="1" branch="false"/>
            <line number="4" hits="1" branch="false"/>
            <line number="5" hits="1" branch="false"/>
            <line number="6" hits="1" branch="false"/>
            <line number="13" hits="1" branch="false"/>
            <line number="14" hits="1" branch="false"/>
            <line number="16" hits="1" branch="false"/>
            <line number="19" hits="1" branch="false"/>
          </lines>
        </class>
      </classes>
    </package>
    <package name="core-components.components.atoms.StepsDropdown" line-rate="1" branch-rate="1">
      <classes>
        <class name="StepsDropdown.tsx" filename="components\atoms\StepsDropdown\StepsDropdown.tsx" line-rate="1" branch-rate="1">
          <methods>
            <method name="(anonymous_9)" hits="12" signature="()V">
              <lines>
                <line number="17" hits="12"/>
              </lines>
            </method>
            <method name="(anonymous_10)" hits="4" signature="()V">
              <lines>
                <line number="20" hits="4"/>
              </lines>
            </method>
            <method name="(anonymous_11)" hits="4" signature="()V">
              <lines>
                <line number="20" hits="4"/>
              </lines>
            </method>
            <method name="(anonymous_12)" hits="2" signature="()V">
              <lines>
                <line number="22" hits="2"/>
              </lines>
            </method>
          </methods>
          <lines>
            <line number="1" hits="5" branch="false"/>
            <line number="2" hits="5" branch="false"/>
            <line number="3" hits="5" branch="false"/>
            <line number="4" hits="5" branch="false"/>
            <line number="6" hits="5" branch="false"/>
            <line number="8" hits="5" branch="false"/>
            <line number="17" hits="12" branch="false"/>
            <line number="18" hits="12" branch="false"/>
            <line number="19" hits="12" branch="true" condition-coverage="100% (2/2)"/>
            <line number="20" hits="12" branch="false"/>
            <line number="21" hits="12" branch="false"/>
            <line number="28" hits="2" branch="false"/>
            <line number="29" hits="2" branch="false"/>
            <line number="34" hits="12" branch="false"/>
            <line number="52" hits="5" branch="false"/>
          </lines>
        </class>
      </classes>
    </package>
    <package name="core-components.components.atoms.StepsDropdown.StepsDropdownMenu" line-rate="1" branch-rate="1">
      <classes>
        <class name="StepsDropdownMenu.styles.ts" filename="components\atoms\StepsDropdown\StepsDropdownMenu\StepsDropdownMenu.styles.ts" line-rate="1" branch-rate="1">
          <methods>
          </methods>
          <lines>
            <line number="3" hits="6" branch="false"/>
          </lines>
        </class>
        <class name="StepsDropdownMenu.tsx" filename="components\atoms\StepsDropdown\StepsDropdownMenu\StepsDropdownMenu.tsx" line-rate="1" branch-rate="1">
          <methods>
            <method name="(anonymous_1)" hits="38" signature="()V">
              <lines>
                <line number="17" hits="38"/>
              </lines>
            </method>
            <method name="(anonymous_2)" hits="87" signature="()V">
              <lines>
                <line number="26" hits="87"/>
              </lines>
            </method>
            <method name="(anonymous_3)" hits="6" signature="()V">
              <lines>
                <line number="30" hits="6"/>
              </lines>
            </method>
          </methods>
          <lines>
            <line number="1" hits="6" branch="false"/>
            <line number="2" hits="6" branch="false"/>
            <line number="4" hits="6" branch="false"/>
            <line number="5" hits="6" branch="false"/>
            <line number="7" hits="6" branch="false"/>
            <line number="17" hits="38" branch="true" condition-coverage="100% (2/2)"/>
            <line number="18" hits="38" branch="false"/>
            <line number="20" hits="38" branch="true" condition-coverage="100% (1/1)"/>
            <line number="21" hits="9" branch="false"/>
            <line number="24" hits="29" branch="false"/>
            <line number="26" hits="87" branch="false"/>
            <line number="30" hits="6" branch="false"/>
            <line number="42" hits="6" branch="false"/>
          </lines>
        </class>
      </classes>
    </package>
    <package name="core-components.components.atoms.SummarySection" line-rate="1" branch-rate="1">
      <classes>
        <class name="SummarySection.tsx" filename="components\atoms\SummarySection\SummarySection.tsx" line-rate="1" branch-rate="1">
          <methods>
            <method name="(anonymous_6)" hits="5" signature="()V">
              <lines>
                <line number="8" hits="5"/>
              </lines>
            </method>
            <method name="(anonymous_7)" hits="5" signature="()V">
              <lines>
                <line number="10" hits="5"/>
              </lines>
            </method>
            <method name="(anonymous_8)" hits="2" signature="()V">
              <lines>
                <line number="11" hits="2"/>
              </lines>
            </method>
          </methods>
          <lines>
            <line number="1" hits="4" branch="false"/>
            <line number="3" hits="4" branch="false"/>
            <line number="4" hits="4" branch="false"/>
            <line number="5" hits="4" branch="false"/>
            <line number="6" hits="4" branch="false"/>
            <line number="8" hits="5" branch="false"/>
            <line number="9" hits="5" branch="false"/>
            <line number="11" hits="5" branch="true" condition-coverage="100% (4/4)"/>
            <line number="18" hits="25" branch="false"/>
            <line number="20" hits="5" branch="false"/>
            <line number="31" hits="4" branch="false"/>
          </lines>
        </class>
      </classes>
    </package>
    <package name="core-components.components.atoms.Tag" line-rate="1" branch-rate="1">
      <classes>
        <class name="Tag.tsx" filename="components\atoms\Tag\Tag.tsx" line-rate="1" branch-rate="1">
          <methods>
            <method name="(anonymous_1)" hits="18" signature="()V">
              <lines>
                <line number="16" hits="18"/>
              </lines>
            </method>
          </methods>
          <lines>
            <line number="1" hits="20" branch="false"/>
            <line number="2" hits="20" branch="false"/>
            <line number="3" hits="20" branch="false"/>
            <line number="5" hits="20" branch="false"/>
            <line number="16" hits="20" branch="false"/>
            <line number="17" hits="18" branch="false"/>
            <line number="19" hits="18" branch="false"/>
            <line number="27" hits="20" branch="false"/>
          </lines>
        </class>
      </classes>
    </package>
    <package name="core-components.components.atoms.TextField" line-rate="1" branch-rate="0.9444">
      <classes>
        <class name="TextField.tsx" filename="components\atoms\TextField\TextField.tsx" line-rate="1" branch-rate="0.9444">
          <methods>
            <method name="(anonymous_8)" hits="18" signature="()V">
              <lines>
                <line number="8" hits="18"/>
              </lines>
            </method>
            <method name="(anonymous_9)" hits="4" signature="()V">
              <lines>
                <line number="11" hits="4"/>
              </lines>
            </method>
            <method name="(anonymous_10)" hits="4" signature="()V">
              <lines>
                <line number="14" hits="4"/>
              </lines>
            </method>
            <method name="(anonymous_11)" hits="6" signature="()V">
              <lines>
                <line number="19" hits="6"/>
              </lines>
            </method>
          </methods>
          <lines>
            <line number="1" hits="2" branch="false"/>
            <line number="2" hits="2" branch="false"/>
            <line number="3" hits="2" branch="false"/>
            <line number="4" hits="2" branch="false"/>
            <line number="6" hits="2" branch="false"/>
            <line number="8" hits="2" branch="false"/>
            <line number="9" hits="108" branch="true" condition-coverage="100% (4/4)"/>
            <line number="11" hits="18" branch="true" condition-coverage="83.33333333333334% (5/6)"/>
            <line number="13" hits="18" branch="false"/>
            <line number="14" hits="4" branch="true" condition-coverage="100% (4/4)"/>
            <line number="18" hits="18" branch="false"/>
            <line number="19" hits="6" branch="true" condition-coverage="100% (4/4)"/>
            <line number="23" hits="18" branch="false"/>
            <line number="31" hits="18" branch="false"/>
            <line number="45" hits="2" branch="false"/>
          </lines>
        </class>
      </classes>
    </package>
    <package name="core-components.components.atoms.TimeSlot" line-rate="1" branch-rate="0.8332999999999999">
      <classes>
        <class name="TimeSlot.tsx" filename="components\atoms\TimeSlot\TimeSlot.tsx" line-rate="1" branch-rate="0.8332999999999999">
          <methods>
            <method name="(anonymous_1)" hits="4" signature="()V">
              <lines>
                <line number="7" hits="4"/>
              </lines>
            </method>
          </methods>
          <lines>
            <line number="1" hits="1" branch="false"/>
            <line number="3" hits="1" branch="false"/>
            <line number="4" hits="1" branch="false"/>
            <line number="5" hits="1" branch="false"/>
            <line number="7" hits="4" branch="true" condition-coverage="75% (3/4)"/>
            <line number="8" hits="4" branch="false"/>
            <line number="24" hits="1" branch="false"/>
          </lines>
        </class>
      </classes>
    </package>
    <package name="core-components.components.atoms.TopicDetails" line-rate="1" branch-rate="1">
      <classes>
        <class name="TopicDetails.tsx" filename="components\atoms\TopicDetails\TopicDetails.tsx" line-rate="1" branch-rate="1">
          <methods>
            <method name="(anonymous_1)" hits="17" signature="()V">
              <lines>
                <line number="8" hits="17"/>
              </lines>
            </method>
          </methods>
          <lines>
            <line number="1" hits="5" branch="false"/>
            <line number="2" hits="5" branch="false"/>
            <line number="3" hits="5" branch="false"/>
            <line number="4" hits="5" branch="false"/>
            <line number="5" hits="5" branch="false"/>
            <line number="8" hits="17" branch="false"/>
            <line number="9" hits="17" branch="false"/>
            <line number="24" hits="5" branch="false"/>
          </lines>
        </class>
      </classes>
    </package>
    <package name="core-components.components.atoms.VerticalGraphLine" line-rate="1" branch-rate="1">
      <classes>
        <class name="VerticalGraphLine.tsx" filename="components\atoms\VerticalGraphLine\VerticalGraphLine.tsx" line-rate="1" branch-rate="1">
          <methods>
            <method name="(anonymous_1)" hits="2" signature="()V">
              <lines>
                <line number="7" hits="2"/>
              </lines>
            </method>
          </methods>
          <lines>
            <line number="1" hits="4" branch="false"/>
            <line number="2" hits="4" branch="false"/>
            <line number="4" hits="4" branch="false"/>
            <line number="5" hits="4" branch="false"/>
            <line number="7" hits="4" branch="false"/>
            <line number="8" hits="2" branch="false"/>
            <line number="9" hits="2" branch="false"/>
            <line number="11" hits="2" branch="false"/>
            <line number="22" hits="4" branch="false"/>
          </lines>
        </class>
      </classes>
    </package>
    <package name="core-components.components.atoms.Widget" line-rate="1" branch-rate="0.8887999999999999">
      <classes>
        <class name="Widget.tsx" filename="components\atoms\Widget\Widget.tsx" line-rate="1" branch-rate="0.8887999999999999">
          <methods>
            <method name="(anonymous_4)" hits="42" signature="()V">
              <lines>
                <line number="26" hits="42"/>
              </lines>
            </method>
            <method name="(anonymous_5)" hits="42" signature="()V">
              <lines>
                <line number="42" hits="42"/>
              </lines>
            </method>
          </methods>
          <lines>
            <line number="1" hits="7" branch="false"/>
            <line number="2" hits="7" branch="false"/>
            <line number="3" hits="7" branch="false"/>
            <line number="4" hits="7" branch="false"/>
            <line number="5" hits="7" branch="false"/>
            <line number="7" hits="7" branch="false"/>
            <line number="8" hits="7" branch="false"/>
            <line number="26" hits="42" branch="true" condition-coverage="50% (1/2)"/>
            <line number="27" hits="42" branch="true" condition-coverage="100% (1/1)"/>
            <line number="28" hits="4" branch="false"/>
            <line number="31" hits="38" branch="true" condition-coverage="100% (1/1)"/>
            <line number="32" hits="26" branch="false"/>
            <line number="35" hits="12" branch="true" condition-coverage="100% (1/1)"/>
            <line number="36" hits="1" branch="false"/>
            <line number="39" hits="11" branch="false"/>
            <line number="42" hits="42" branch="false"/>
            <line number="43" hits="42" branch="false"/>
            <line number="51" hits="7" branch="false"/>
          </lines>
        </class>
      </classes>
    </package>
    <package name="core-components.components.atoms.WizardStep" line-rate="1" branch-rate="1">
      <classes>
        <class name="WizardStep.tsx" filename="components\atoms\WizardStep\WizardStep.tsx" line-rate="1" branch-rate="1">
          <methods>
            <method name="(anonymous_1)" hits="108" signature="()V">
              <lines>
                <line number="13" hits="108"/>
              </lines>
            </method>
          </methods>
          <lines>
            <line number="1" hits="7" branch="false"/>
            <line number="2" hits="7" branch="false"/>
            <line number="3" hits="7" branch="false"/>
            <line number="4" hits="7" branch="false"/>
            <line number="5" hits="7" branch="false"/>
            <line number="6" hits="7" branch="false"/>
            <line number="7" hits="7" branch="false"/>
            <line number="8" hits="7" branch="false"/>
            <line number="10" hits="7" branch="false"/>
            <line number="11" hits="7" branch="false"/>
            <line number="13" hits="7" branch="false"/>
            <line number="14" hits="108" branch="false"/>
            <line number="15" hits="108" branch="false"/>
            <line number="16" hits="108" branch="true" condition-coverage="100% (2/2)"/>
            <line number="17" hits="108" branch="true" condition-coverage="100% (2/2)"/>
            <line number="18" hits="108" branch="false"/>
            <line number="19" hits="108" branch="true" condition-coverage="100% (2/2)"/>
            <line number="20" hits="108" branch="true" condition-coverage="100% (2/2)"/>
            <line number="24" hits="108" branch="false"/>
            <line number="25" hits="108" branch="false"/>
            <line number="44" hits="108" branch="false"/>
            <line number="51" hits="108" branch="false"/>
            <line number="53" hits="108" branch="true" condition-coverage="100% (2/2)"/>
            <line number="54" hits="42" branch="false"/>
            <line number="55" hits="66" branch="true" condition-coverage="100% (1/1)"/>
            <line number="56" hits="17" branch="false"/>
            <line number="59" hits="108" branch="false"/>
            <line number="75" hits="7" branch="false"/>
          </lines>
        </class>
      </classes>
    </package>
    <package name="core-components.components.containers.AIExplainability" line-rate="1" branch-rate="1">
      <classes>
        <class name="AIExplainability.tsx" filename="components\containers\AIExplainability\AIExplainability.tsx" line-rate="1" branch-rate="1">
          <methods>
            <method name="(anonymous_3)" hits="5" signature="()V">
              <lines>
                <line number="18" hits="5"/>
              </lines>
            </method>
          </methods>
          <lines>
            <line number="1" hits="3" branch="false"/>
            <line number="2" hits="3" branch="false"/>
            <line number="3" hits="3" branch="false"/>
            <line number="4" hits="3" branch="false"/>
            <line number="5" hits="3" branch="false"/>
            <line number="6" hits="3" branch="false"/>
            <line number="8" hits="3" branch="false"/>
            <line number="9" hits="3" branch="false"/>
            <line number="10" hits="3" branch="false"/>
            <line number="11" hits="3" branch="false"/>
            <line number="18" hits="3" branch="false"/>
            <line number="25" hits="25" branch="false"/>
            <line number="27" hits="5" branch="false"/>
            <line number="29" hits="5" branch="false"/>
            <line number="52" hits="3" branch="false"/>
          </lines>
        </class>
      </classes>
    </package>
    <package name="core-components.components.containers.AIFactorList" line-rate="1" branch-rate="1">
      <classes>
        <class name="AIFactorList.tsx" filename="components\containers\AIFactorList\AIFactorList.tsx" line-rate="1" branch-rate="1">
          <methods>
            <method name="(anonymous_1)" hits="2" signature="()V">
              <lines>
                <line number="18" hits="2"/>
              </lines>
            </method>
            <method name="(anonymous_2)" hits="6" signature="()V">
              <lines>
                <line number="39" hits="6"/>
              </lines>
            </method>
[...]
            <line number="28" hits="6" branch="false"/>
            <line number="34" hits="6" branch="true" condition-coverage="100% (1/1)"/>
            <line number="35" hits="5" branch="false"/>
            <line number="49" hits="1" branch="false"/>
            <line number="57" hits="2" branch="false"/>
            <line number="74" hits="6" branch="false"/>
            <line number="95" hits="2" branch="false"/>
          </lines>
        </class>
        <class name="CustomerIndicatorContent.tsx" filename="widgets\keyObservations\CustomerIndicators\components\CustomerIndicatorContent\CustomerIndicatorContent.tsx" line-rate="1" branch-rate="0.875">
          <methods>
            <method name="(anonymous_7)" hits="4" signature="()V">
              <lines>
                <line number="18" hits="4"/>
              </lines>
            </method>
            <method name="(anonymous_8)" hits="6" signature="()V">
              <lines>
                <line number="47" hits="6"/>
              </lines>
            </method>
          </methods>
          <lines>
            <line number="1" hits="2" branch="false"/>
            <line number="2" hits="2" branch="false"/>
            <line number="3" hits="2" branch="false"/>
            <line number="4" hits="2" branch="false"/>
            <line number="6" hits="2" branch="false"/>
            <line number="7" hits="2" branch="false"/>
            <line number="8" hits="2" branch="false"/>
            <line number="9" hits="2" branch="false"/>
            <line number="10" hits="2" branch="false"/>
            <line number="11" hits="2" branch="false"/>
            <line number="18" hits="4" branch="false"/>
            <line number="19" hits="4" branch="false"/>
            <line number="20" hits="4" branch="false"/>
            <line number="22" hits="4" branch="true" condition-coverage="100% (1/1)"/>
            <line number="23" hits="1" branch="false"/>
            <line number="32" hits="3" branch="false"/>
            <line number="34" hits="3" branch="true" condition-coverage="100% (3/3)"/>
            <line number="35" hits="1" branch="false"/>
            <line number="45" hits="2" branch="false"/>
            <line number="47" hits="6" branch="true" condition-coverage="75% (3/4)"/>
            <line number="64" hits="2" branch="false"/>
          </lines>
        </class>
      </classes>
    </package>
    <package name="core-components.widgets.keyObservations.CustomerIndicators.consts" line-rate="1" branch-rate="1">
      <classes>
        <class name="reponsive.consts.ts" filename="widgets\keyObservations\CustomerIndicators\consts\reponsive.consts.ts" line-rate="1" branch-rate="1">
          <methods>
          </methods>
          <lines>
            <line number="1" hits="2" branch="false"/>
            <line number="3" hits="2" branch="false"/>
            <line number="5" hits="2" branch="false"/>
            <line number="7" hits="2" branch="false"/>
          </lines>
        </class>
      </classes>
    </package>
    <package name="core-components.widgets.keyObservations.Prediction" line-rate="1" branch-rate="1">
      <classes>
        <class name="Prediction.tsx" filename="widgets\keyObservations\Prediction\Prediction.tsx" line-rate="1" branch-rate="1">
          <methods>
            <method name="(anonymous_1)" hits="17" signature="()V">
              <lines>
                <line number="9" hits="17"/>
              </lines>
            </method>
          </methods>
          <lines>
            <line number="1" hits="2" branch="false"/>
            <line number="2" hits="2" branch="false"/>
            <line number="3" hits="2" branch="false"/>
            <line number="4" hits="2" branch="false"/>
            <line number="5" hits="2" branch="false"/>
            <line number="7" hits="2" branch="false"/>
            <line number="9" hits="2" branch="false"/>
            <line number="10" hits="17" branch="false"/>
            <line number="11" hits="17" branch="false"/>
            <line number="13" hits="17" branch="false"/>
            <line number="22" hits="2" branch="false"/>
          </lines>
        </class>
      </classes>
    </package>
    <package name="core-components.widgets.keyObservations.Prediction.PredictionTag" line-rate="1" branch-rate="1">
      <classes>
        <class name="PredictionTag.tsx" filename="widgets\keyObservations\Prediction\PredictionTag\PredictionTag.tsx" line-rate="1" branch-rate="1">
          <methods>
            <method name="(anonymous_7)" hits="13" signature="()V">
              <lines>
                <line number="26" hits="13"/>
              </lines>
            </method>
            <method name="(anonymous_8)" hits="13" signature="()V">
              <lines>
                <line number="32" hits="13"/>
              </lines>
            </method>
            <method name="(anonymous_9)" hits="13" signature="()V">
              <lines>
                <line number="58" hits="13"/>
              </lines>
            </method>
            <method name="(anonymous_10)" hits="30" signature="()V">
              <lines>
                <line number="69" hits="30"/>
              </lines>
            </method>
            <method name="(anonymous_11)" hits="28" signature="()V">
              <lines>
                <line number="70" hits="28"/>
              </lines>
            </method>
            <method name="(anonymous_12)" hits="9" signature="()V">
              <lines>
                <line number="71" hits="9"/>
              </lines>
            </method>
          </methods>
          <lines>
            <line number="1" hits="3" branch="false"/>
            <line number="2" hits="3" branch="false"/>
            <line number="5" hits="3" branch="false"/>
            <line number="12" hits="3" branch="false"/>
            <line number="13" hits="3" branch="false"/>
            <line number="14" hits="3" branch="false"/>
            <line number="16" hits="3" branch="false"/>
            <line number="17" hits="3" branch="false"/>
            <line number="18" hits="3" branch="false"/>
            <line number="19" hits="3" branch="false"/>
            <line number="20" hits="3" branch="false"/>
            <line number="21" hits="3" branch="false"/>
            <line number="22" hits="3" branch="false"/>
            <line number="24" hits="3" branch="false"/>
            <line number="26" hits="3" branch="false"/>
            <line number="27" hits="26" branch="false"/>
            <line number="29" hits="13" branch="false"/>
            <line number="30" hits="13" branch="false"/>
            <line number="32" hits="13" branch="false"/>
            <line number="33" hits="13" branch="true" condition-coverage="100% (1/1)"/>
            <line number="34" hits="5" branch="false"/>
            <line number="36" hits="8" branch="false"/>
            <line number="44" hits="13" branch="false"/>
            <line number="58" hits="13" branch="false"/>
            <line number="59" hits="13" branch="true" condition-coverage="100% (1/1)"/>
            <line number="60" hits="5" branch="false"/>
            <line number="65" hits="8" branch="false"/>
            <line number="69" hits="30" branch="false"/>
            <line number="70" hits="28" branch="false"/>
            <line number="71" hits="9" branch="false"/>
            <line number="79" hits="13" branch="true" condition-coverage="100% (3/3)"/>
            <line number="80" hits="5" branch="false"/>
            <line number="83" hits="8" branch="true" condition-coverage="100% (1/1)"/>
            <line number="84" hits="1" branch="false"/>
            <line number="97" hits="7" branch="false"/>
            <line number="99" hits="7" branch="false"/>
            <line number="101" hits="7" branch="false"/>
            <line number="129" hits="3" branch="false"/>
          </lines>
        </class>
      </classes>
    </package>
    <package name="core-components.widgets.keyObservations.Prediction.PredictionWrapper" line-rate="1" branch-rate="1">
      <classes>
        <class name="PredictionWrapper.tsx" filename="widgets\keyObservations\Prediction\PredictionWrapper\PredictionWrapper.tsx" line-rate="1" branch-rate="1">
          <methods>
            <method name="(anonymous_3)" hits="11" signature="()V">
              <lines>
                <line number="11" hits="11"/>
              </lines>
            </method>
          </methods>
          <lines>
            <line number="1" hits="1" branch="false"/>
            <line number="2" hits="1" branch="false"/>
            <line number="4" hits="1" branch="false"/>
            <line number="5" hits="1" branch="false"/>
            <line number="6" hits="1" branch="false"/>
            <line number="7" hits="1" branch="false"/>
            <line number="8" hits="1" branch="false"/>
            <line number="9" hits="1" branch="false"/>
            <line number="11" hits="1" branch="false"/>
            <line number="12" hits="11" branch="false"/>
            <line number="13" hits="11" branch="false"/>
            <line number="20" hits="11" branch="true" condition-coverage="100% (4/4)"/>
            <line number="21" hits="7" branch="false"/>
            <line number="24" hits="4" branch="false"/>
            <line number="31" hits="1" branch="false"/>
          </lines>
        </class>
      </classes>
    </package>
    <package name="core-components.widgets.keyObservations.Segments" line-rate="1" branch-rate="1">
      <classes>
        <class name="Segments.tsx" filename="widgets\keyObservations\Segments\Segments.tsx" line-rate="1" branch-rate="1">
          <methods>
            <method name="(anonymous_1)" hits="17" signature="()V">
              <lines>
                <line number="8" hits="17"/>
              </lines>
            </method>
          </methods>
          <lines>
            <line number="1" hits="2" branch="false"/>
            <line number="2" hits="2" branch="false"/>
            <line number="3" hits="2" branch="false"/>
            <line number="4" hits="2" branch="false"/>
            <line number="6" hits="2" branch="false"/>
            <line number="8" hits="17" branch="false"/>
            <line number="9" hits="17" branch="false"/>
            <line number="10" hits="17" branch="false"/>
            <line number="12" hits="17" branch="false"/>
            <line number="19" hits="2" branch="false"/>
          </lines>
        </class>
      </classes>
    </package>
    <package name="core-components.widgets.keyObservations.Segments.SegmentsStack" line-rate="1" branch-rate="1">
      <classes>
        <class name="SegmentsStack.tsx" filename="widgets\keyObservations\Segments\SegmentsStack\SegmentsStack.tsx" line-rate="1" branch-rate="1">
          <methods>
            <method name="(anonymous_7)" hits="9" signature="()V">
              <lines>
                <line number="19" hits="9"/>
              </lines>
            </method>
            <method name="(anonymous_8)" hits="9" signature="()V">
              <lines>
                <line number="23" hits="9"/>
              </lines>
            </method>
            <method name="(anonymous_9)" hits="9" signature="()V">
              <lines>
                <line number="24" hits="9"/>
              </lines>
            </method>
            <method name="(anonymous_10)" hits="8" signature="()V">
              <lines>
                <line number="37" hits="8"/>
              </lines>
            </method>
          </methods>
          <lines>
            <line number="1" hits="3" branch="false"/>
            <line number="2" hits="3" branch="false"/>
            <line number="3" hits="3" branch="false"/>
            <line number="5" hits="3" branch="false"/>
            <line number="6" hits="3" branch="false"/>
            <line number="7" hits="3" branch="false"/>
            <line number="8" hits="3" branch="false"/>
            <line number="9" hits="3" branch="false"/>
            <line number="15" hits="3" branch="false"/>
            <line number="19" hits="3" branch="false"/>
            <line number="20" hits="18" branch="false"/>
            <line number="22" hits="9" branch="false"/>
            <line number="23" hits="9" branch="false"/>
            <line number="24" hits="9" branch="true" condition-coverage="100% (2/2)"/>
            <line number="27" hits="9" branch="true" condition-coverage="100% (3/3)"/>
            <line number="28" hits="3" branch="false"/>
            <line number="31" hits="6" branch="true" condition-coverage="100% (1/1)"/>
            <line number="32" hits="1" branch="false"/>
            <line number="35" hits="5" branch="false"/>
            <line number="37" hits="8" branch="false"/>
          </lines>
        </class>
      </classes>
    </package>
    <package name="core-components.widgets.keyObservations.Segments.SegmentsWrapper" line-rate="1" branch-rate="1">
      <classes>
        <class name="SegmentsWrapper.tsx" filename="widgets\keyObservations\Segments\SegmentsWrapper\SegmentsWrapper.tsx" line-rate="1" branch-rate="1">
          <methods>
            <method name="(anonymous_3)" hits="9" signature="()V">
              <lines>
                <line number="11" hits="9"/>
              </lines>
            </method>
          </methods>
          <lines>
            <line number="1" hits="1" branch="false"/>
            <line number="2" hits="1" branch="false"/>
            <line number="3" hits="1" branch="false"/>
            <line number="4" hits="1" branch="false"/>
            <line number="5" hits="1" branch="false"/>
            <line number="6" hits="1" branch="false"/>
            <line number="8" hits="1" branch="false"/>
            <line number="9" hits="1" branch="false"/>
            <line number="11" hits="1" branch="false"/>
            <line number="12" hits="9" branch="false"/>
            <line number="13" hits="9" branch="false"/>
            <line number="14" hits="9" branch="true" condition-coverage="100% (4/4)"/>
            <line number="15" hits="6" branch="false"/>
            <line number="18" hits="3" branch="false"/>
            <line number="25" hits="1" branch="false"/>
          </lines>
        </class>
      </classes>
    </package>
    <package name="core-components.widgets.keyObservations.hooks" line-rate="1" branch-rate="0.9538">
      <classes>
        <class name="useCustomerIndicators.ts" filename="widgets\keyObservations\hooks\useCustomerIndicators.ts" line-rate="1" branch-rate="0.909">
          <methods>
            <method name="(anonymous_0)" hits="1" signature="()V">
              <lines>
                <line number="4" hits="1"/>
              </lines>
            </method>
            <method name="(anonymous_1)" hits="4" signature="()V">
              <lines>
                <line number="6" hits="4"/>
              </lines>
            </method>
            <method name="(anonymous_2)" hits="2" signature="()V">
              <lines>
                <line number="13" hits="2"/>
              </lines>
            </method>
          </methods>
          <lines>
            <line number="1" hits="2" branch="false"/>
            <line number="4" hits="2" branch="true" condition-coverage="75% (3/4)"/>
            <line number="6" hits="2" branch="false"/>
            <line number="8" hits="4" branch="false"/>
            <line number="9" hits="4" branch="false"/>
            <line number="10" hits="4" branch="false"/>
            <line number="11" hits="4" branch="false"/>
            <line number="12" hits="4" branch="false"/>
            <line number="13" hits="4" branch="false"/>
            <line number="14" hits="4" branch="true" condition-coverage="100% (3/3)"/>
            <line number="16" hits="4" branch="true" condition-coverage="100% (2/2)"/>
            <line number="18" hits="4" branch="true" condition-coverage="100% (2/2)"/>
            <line number="20" hits="4" branch="false"/>
            <line number="23" hits="2" branch="false"/>
          </lines>
        </class>
        <class name="useIsArtifactSupported.ts" filename="widgets\keyObservations\hooks\useIsArtifactSupported.ts" line-rate="1" branch-rate="1">
          <methods>
            <method name="(anonymous_0)" hits="91" signature="()V">
              <lines>
                <line number="5" hits="91"/>
              </lines>
            </method>
            <method name="(anonymous_1)" hits="33" signature="()V">
              <lines>
                <line number="11" hits="33"/>
              </lines>
            </method>
            <method name="(anonymous_2)" hits="53" signature="()V">
              <lines>
                <line number="21" hits="53"/>
              </lines>
            </method>
          </methods>
          <lines>
            <line number="1" hits="7" branch="false"/>
            <line number="5" hits="7" branch="false"/>
            <line number="11" hits="91" branch="false"/>
            <line number="17" hits="91" branch="true" condition-coverage="100% (3/3)"/>
            <line number="19" hits="91" branch="true" condition-coverage="100% (4/4)"/>
            <line number="22" hits="53" branch="true" condition-coverage="100% (3/3)"/>
            <line number="26" hits="91" branch="false"/>
          </lines>
        </class>
        <class name="usePredictions.ts" filename="widgets\keyObservations\hooks\usePredictions.ts" line-rate="1" branch-rate="0.95">
          <methods>
            <method name="(anonymous_0)" hits="31" signature="()V">
              <lines>
                <line number="7" hits="31"/>
              </lines>
            </method>
            <method name="(anonymous_1)" hits="8" signature="()V">
              <lines>
                <line number="17" hits="8"/>
              </lines>
            </method>
          </methods>
          <lines>
            <line number="1" hits="3" branch="false"/>
            <line number="2" hits="3" branch="false"/>
            <line number="3" hits="3" branch="false"/>
            <line number="5" hits="3" branch="false"/>
            <line number="7" hits="3" branch="false"/>
            <line number="8" hits="31" branch="false"/>
            <line number="15" hits="31" branch="false"/>
            <line number="17" hits="8" branch="true" condition-coverage="50% (1/2)"/>
            <line number="23" hits="31" branch="true" condition-coverage="100% (6/6)"/>
            <line number="24" hits="31" branch="true" condition-coverage="100% (3/3)"/>
            <line number="26" hits="31" branch="false"/>
          </lines>
        </class>
        <class name="useSegments.ts" filename="widgets\keyObservations\hooks\useSegments.ts" line-rate="1" branch-rate="0.95">
          <methods>
            <method name="(anonymous_0)" hits="31" signature="()V">
              <lines>
                <line number="7" hits="31"/>
              </lines>
            </method>
            <method name="(anonymous_1)" hits="8" signature="()V">
              <lines>
                <line number="9" hits="8"/>
              </lines>
            </method>
          </methods>
          <lines>
            <line number="1" hits="3" branch="false"/>
            <line number="2" hits="3" branch="false"/>
            <line number="3" hits="3" branch="false"/>
            <line number="5" hits="3" branch="false"/>
            <line number="7" hits="3" branch="false"/>
            <line number="8" hits="31" branch="false"/>
            <line number="9" hits="31" branch="true" condition-coverage="50% (1/2)"/>
            <line number="13" hits="31" branch="true" condition-coverage="100% (3/3)"/>
            <line number="14" hits="31" branch="true" condition-coverage="100% (4/4)"/>
            <line number="16" hits="31" branch="false"/>
          </lines>
        </class>
      </classes>
    </package>
  </packages>
</coverage>
