{"C:\\CRM.BAS\\CRM.BAS.FSI\\frontend\\core-components\\dev-localization-setup.ts": {"path":"C:\\CRM.BAS\\CRM.BAS.FSI\\frontend\\core-components\\dev-localization-setup.ts","statementMap":{"0":{"start":{"line":1,"column":0},"end":{"line":1,"column":62}},"1":{"start":{"line":2,"column":0},"end":{"line":2,"column":83}},"2":{"start":{"line":3,"column":0},"end":{"line":3,"column":80}},"3":{"start":{"line":4,"column":0},"end":{"line":4,"column":95}},"4":{"start":{"line":5,"column":0},"end":{"line":5,"column":80}},"5":{"start":{"line":6,"column":0},"end":{"line":6,"column":83}},"6":{"start":{"line":7,"column":0},"end":{"line":7,"column":113}},"7":{"start":{"line":8,"column":0},"end":{"line":8,"column":59}},"8":{"start":{"line":9,"column":0},"end":{"line":9,"column":95}},"9":{"start":{"line":10,"column":0},"end":{"line":10,"column":119}},"10":{"start":{"line":11,"column":0},"end":{"line":11,"column":125}},"11":{"start":{"line":12,"column":0},"end":{"line":12,"column":107}},"12":{"start":{"line":13,"column":0},"end":{"line":13,"column":101}},"13":{"start":{"line":14,"column":0},"end":{"line":14,"column":119}},"14":{"start":{"line":15,"column":0},"end":{"line":15,"column":119}},"15":{"start":{"line":16,"column":0},"end":{"line":16,"column":107}},"16":{"start":{"line":17,"column":0},"end":{"line":17,"column":89}},"17":{"start":{"line":18,"column":0},"end":{"line":18,"column":131}},"18":{"start":{"line":19,"column":0},"end":{"line":19,"column":89}},"19":{"start":{"line":20,"column":0},"end":{"line":20,"column":137}},"20":{"start":{"line":22,"column":0},"end":{"line":22,"column":52}},"21":{"start":{"line":28,"column":21},"end":{"line":82,"column":1}},"22":{"start":{"line":28,"column":22},"end":{"line":28,"column":null}},"23":{"start":{"line":49,"column":8},"end":{"line":49,"column":19}},"24":{"start":{"line":51,"column":25},"end":{"line":71,"column":6}},"25":{"start":{"line":73,"column":4},"end":{"line":75,"column":7}},"26":{"start":{"line":74,"column":8},"end":{"line":74,"column":49}},"27":{"start":{"line":77,"column":4},"end":{"line":79,"column":7}},"28":{"start":{"line":78,"column":8},"end":{"line":78,"column":69}},"29":{"start":{"line":81,"column":4},"end":{"line":81,"column":24}},"30":{"start":{"line":28,"column":13},"end":{"line":28,"column":21}}},"fnMap":{"0":{"name":"(anonymous_1)","decl":{"start":{"line":28,"column":21},"end":{"line":28,"column":22}},"loc":{"start":{"line":28,"column":62},"end":{"line":82,"column":1}}},"1":{"name":"(anonymous_2)","decl":{"start":{"line":73,"column":41},"end":{"line":73,"column":44}},"loc":{"start":{"line":73,"column":44},"end":{"line":75,"column":5}}},"2":{"name":"(anonymous_3)","decl":{"start":{"line":77,"column":28},"end":{"line":77,"column":42}},"loc":{"start":{"line":77,"column":42},"end":{"line":79,"column":5}}}},"branchMap":{"0":{"loc":{"start":{"line":28,"column":22},"end":{"line":28,"column":null}},"type":"if","locations":[{"start":{"line":28,"column":22},"end":{"line":28,"column":null}}]}},"s":{"0":115,"1":115,"2":115,"3":115,"4":115,"5":115,"6":115,"7":115,"8":115,"9":115,"10":115,"11":115,"12":115,"13":115,"14":115,"15":115,"16":115,"17":115,"18":115,"19":115,"20":115,"21":115,"22":230,"23":2185,"24":115,"25":115,"26":2185,"27":115,"28":0,"29":115,"30":115},"f":{"0":115,"1":2185,"2":0},"b":{"0":[115]}}
,"C:\\CRM.BAS\\CRM.BAS.FSI\\frontend\\core-components\\components\\atoms\\AIFactor\\AIFactor.tsx": {"path":"C:\\CRM.BAS\\CRM.BAS.FSI\\frontend\\core-components\\components\\atoms\\AIFactor\\AIFactor.tsx","statementMap":{"0":{"start":{"line":1,"column":0},"end":{"line":1,"column":34}},"1":{"start":{"line":2,"column":0},"end":{"line":2,"column":63}},"2":{"start":{"line":3,"column":0},"end":{"line":3,"column":61}},"3":{"start":{"line":4,"column":0},"end":{"line":4,"column":59}},"4":{"start":{"line":6,"column":0},"end":{"line":6,"column":125}},"5":{"start":{"line":7,"column":0},"end":{"line":7,"column":54}},"6":{"start":{"line":9,"column":44},"end":{"line":31,"column":1}},"7":{"start":{"line":16,"column":8},"end":{"line":16,"column":14}},"8":{"start":{"line":11,"column":33},"end":{"line":11,"column":35}},"9":{"start":{"line":11,"column":41},"end":{"line":11,"column":43}},"10":{"start":{"line":18,"column":22},"end":{"line":18,"column":65}},"11":{"start":{"line":19,"column":4},"end":{"line":30,"column":6}},"12":{"start":{"line":9,"column":13},"end":{"line":9,"column":44}},"13":{"start":{"line":33,"column":0},"end":{"line":33,"column":24}}},"fnMap":{"0":{"name":"(anonymous_1)","decl":{"start":{"line":9,"column":44},"end":{"line":9,"column":45}},"loc":{"start":{"line":9,"column":66},"end":{"line":31,"column":1}}}},"branchMap":{"0":{"loc":{"start":{"line":23,"column":26},"end":{"line":23,"column":52}},"type":"cond-expr","locations":[{"start":{"line":23,"column":39},"end":{"line":23,"column":45}},{"start":{"line":23,"column":48},"end":{"line":23,"column":52}}]},"1":{"loc":{"start":{"line":24,"column":28},"end":{"line":24,"column":70}},"type":"cond-expr","locations":[{"start":{"line":24,"column":41},"end":{"line":24,"column":54}},{"start":{"line":24,"column":57},"end":{"line":24,"column":70}}]},"2":{"loc":{"start":{"line":27,"column":13},"end":{"line":27,"column":99}},"type":"binary-expr","locations":[{"start":{"line":27,"column":13},"end":{"line":27,"column":27}},{"start":{"line":27,"column":31},"end":{"line":27,"column":99}}]}},"s":{"0":4,"1":4,"2":4,"3":4,"4":4,"5":4,"6":4,"7":30,"8":6,"9":6,"10":6,"11":6,"12":4,"13":4},"f":{"0":6},"b":{"0":[2,4],"1":[2,4],"2":[6,1]}}
,"C:\\CRM.BAS\\CRM.BAS.FSI\\frontend\\core-components\\components\\atoms\\AIScore\\AIScore.tsx": {"path":"C:\\CRM.BAS\\CRM.BAS.FSI\\frontend\\core-components\\components\\atoms\\AIScore\\AIScore.tsx","statementMap":{"0":{"start":{"line":1,"column":0},"end":{"line":1,"column":43}},"1":{"start":{"line":2,"column":0},"end":{"line":2,"column":101}},"2":{"start":{"line":3,"column":0},"end":{"line":3,"column":59}},"3":{"start":{"line":4,"column":0},"end":{"line":4,"column":61}},"4":{"start":{"line":5,"column":0},"end":{"line":5,"column":47}},"5":{"start":{"line":7,"column":0},"end":{"line":7,"column":null}},"6":{"start":{"line":15,"column":0},"end":{"line":15,"column":71}},"7":{"start":{"line":17,"column":25},"end":{"line":17,"column":48}},"8":{"start":{"line":18,"column":42},"end":{"line":50,"column":1}},"9":{"start":{"line":23,"column":8},"end":{"line":23,"column":14}},"10":{"start":{"line":20,"column":26},"end":{"line":20,"column":28}},"11":{"start":{"line":20,"column":33},"end":{"line":20,"column":35}},"12":{"start":{"line":20,"column":39},"end":{"line":20,"column":41}},"13":{"start":{"line":20,"column":49},"end":{"line":20,"column":51}},"14":{"start":{"line":25,"column":29},"end":{"line":30,"column":null}},"15":{"start":{"line":26,"column":14},"end":{"line":29,"column":null}},"16":{"start":{"line":33,"column":4},"end":{"line":49,"column":6}},"17":{"start":{"line":18,"column":13},"end":{"line":18,"column":42}},"18":{"start":{"line":52,"column":0},"end":{"line":52,"column":23}}},"fnMap":{"0":{"name":"(anonymous_7)","decl":{"start":{"line":18,"column":42},"end":{"line":18,"column":43}},"loc":{"start":{"line":18,"column":63},"end":{"line":50,"column":1}}},"1":{"name":"(anonymous_8)","decl":{"start":{"line":26,"column":8},"end":{"line":26,"column":14}},"loc":{"start":{"line":26,"column":8},"end":{"line":26,"column":15}}}},"branchMap":{"0":{"loc":{"start":{"line":45,"column":21},"end":{"line":45,"column":104}},"type":"binary-expr","locations":[{"start":{"line":45,"column":21},"end":{"line":45,"column":29}},{"start":{"line":45,"column":33},"end":{"line":45,"column":104}}]}},"s":{"0":3,"1":3,"2":3,"3":3,"4":3,"5":3,"6":3,"7":3,"8":3,"9":12,"10":4,"11":4,"12":4,"13":4,"14":4,"15":4,"16":4,"17":3,"18":3},"f":{"0":4,"1":4},"b":{"0":[4,3]}}
,"C:\\CRM.BAS\\CRM.BAS.FSI\\frontend\\core-components\\components\\atoms\\BaseCurrency\\BaseCurrency.tsx": {"path":"C:\\CRM.BAS\\CRM.BAS.FSI\\frontend\\core-components\\components\\atoms\\BaseCurrency\\BaseCurrency.tsx","statementMap":{"0":{"start":{"line":1,"column":0},"end":{"line":1,"column":48}},"1":{"start":{"line":2,"column":0},"end":{"line":2,"column":50}},"2":{"start":{"line":3,"column":0},"end":{"line":3,"column":43}},"3":{"start":{"line":4,"column":0},"end":{"line":4,"column":69}},"4":{"start":{"line":6,"column":0},"end":{"line":6,"column":47}},"5":{"start":{"line":7,"column":0},"end":{"line":7,"column":101}},"6":{"start":{"line":8,"column":0},"end":{"line":8,"column":65}},"7":{"start":{"line":9,"column":0},"end":{"line":9,"column":51}},"8":{"start":{"line":10,"column":0},"end":{"line":10,"column":61}},"9":{"start":{"line":11,"column":0},"end":{"line":11,"column":62}},"10":{"start":{"line":12,"column":0},"end":{"line":12,"column":61}},"11":{"start":{"line":13,"column":0},"end":{"line":13,"column":71}},"12":{"start":{"line":15,"column":13},"end":{"line":17,"column":2}},"13":{"start":{"line":18,"column":32},"end":{"line":18,"column":50}},"14":{"start":{"line":20,"column":45},"end":{"line":62,"column":1}},"15":{"start":{"line":21,"column":97},"end":{"line":21,"column":103}},"16":{"start":{"line":21,"column":27},"end":{"line":21,"column":47}},"17":{"start":{"line":22,"column":22},"end":{"line":22,"column":38}},"18":{"start":{"line":24,"column":45},"end":{"line":24,"column":60}},"19":{"start":{"line":24,"column":22},"end":{"line":24,"column":24}},"20":{"start":{"line":24,"column":40},"end":{"line":24,"column":45}},"21":{"start":{"line":25,"column":19},"end":{"line":25,"column":30}},"22":{"start":{"line":27,"column":24},"end":{"line":27,"column":104}},"23":{"start":{"line":28,"column":37},"end":{"line":40,"column":67}},"24":{"start":{"line":29,"column":29},"end":{"line":29,"column":66}},"25":{"start":{"line":31,"column":8},"end":{"line":35,"column":null}},"26":{"start":{"line":32,"column":12},"end":{"line":34,"column":78}},"27":{"start":{"line":36,"column":8},"end":{"line":39,"column":10}},"28":{"start":{"line":42,"column":35},"end":{"line":42,"column":123}},"29":{"start":{"line":42,"column":49},"end":{"line":42,"column":107}},"30":{"start":{"line":44,"column":4},"end":{"line":61,"column":6}},"31":{"start":{"line":64,"column":0},"end":{"line":64,"column":28}}},"fnMap":{"0":{"name":"(anonymous_7)","decl":{"start":{"line":20,"column":45},"end":{"line":20,"column":50}},"loc":{"start":{"line":20,"column":50},"end":{"line":62,"column":1}}},"1":{"name":"(anonymous_8)","decl":{"start":{"line":28,"column":45},"end":{"line":28,"column":null}},"loc":{"start":{"line":28,"column":45},"end":{"line":40,"column":5}}},"2":{"name":"(anonymous_9)","decl":{"start":{"line":42,"column":43},"end":{"line":42,"column":49}},"loc":{"start":{"line":42,"column":43},"end":{"line":42,"column":63}}}},"branchMap":{"0":{"loc":{"start":{"line":21,"column":27},"end":{"line":21,"column":47}},"type":"cond-expr","locations":[{"start":{"line":21,"column":30},"end":{"line":21,"column":45}},{"start":{"line":21,"column":45},"end":{"line":21,"column":47}}]},"1":{"loc":{"start":{"line":27,"column":24},"end":{"line":27,"column":104}},"type":"cond-expr","locations":[{"start":{"line":27,"column":35},"end":{"line":27,"column":85}},{"start":{"line":27,"column":88},"end":{"line":27,"column":104}}]},"2":{"loc":{"start":{"line":31,"column":8},"end":{"line":35,"column":null}},"type":"if","locations":[{"start":{"line":31,"column":8},"end":{"line":35,"column":null}}]},"3":{"loc":{"start":{"line":31,"column":12},"end":{"line":31,"column":82}},"type":"binary-expr","locations":[{"start":{"line":31,"column":12},"end":{"line":31,"column":20}},{"start":{"line":31,"column":24},"end":{"line":31,"column":37}},{"start":{"line":31,"column":41},"end":{"line":31,"column":80}}]},"4":{"loc":{"start":{"line":31,"column":41},"end":{"line":31,"column":80}},"type":"cond-expr","locations":[{"start":{"line":31,"column":74},"end":{"line":31,"column":76}},{"start":{"line":31,"column":74},"end":{"line":31,"column":80}}]},"5":{"loc":{"start":{"line":31,"column":41},"end":{"line":31,"column":76}},"type":"binary-expr","locations":[{"start":{"line":31,"column":41},"end":{"line":31,"column":76}},{"start":{"line":31,"column":74},"end":{"line":31,"column":76}}]},"6":{"loc":{"start":{"line":34,"column":37},"end":{"line":34,"column":76}},"type":"cond-expr","locations":[{"start":{"line":34,"column":70},"end":{"line":34,"column":72}},{"start":{"line":34,"column":70},"end":{"line":34,"column":76}}]},"7":{"loc":{"start":{"line":34,"column":37},"end":{"line":34,"column":72}},"type":"binary-expr","locations":[{"start":{"line":34,"column":37},"end":{"line":34,"column":72}},{"start":{"line":34,"column":70},"end":{"line":34,"column":72}}]},"8":{"loc":{"start":{"line":46,"column":13},"end":{"line":46,"column":29}},"type":"binary-expr","locations":[{"start":{"line":46,"column":13},"end":{"line":46,"column":22}},{"start":{"line":46,"column":26},"end":{"line":46,"column":29}}]},"9":{"loc":{"start":{"line":48,"column":13},"end":{"line":48,"column":29}},"type":"binary-expr","locations":[{"start":{"line":48,"column":13},"end":{"line":48,"column":22}},{"start":{"line":48,"column":26},"end":{"line":48,"column":29}}]},"10":{"loc":{"start":{"line":49,"column":13},"end":{"line":58,"column":null}},"type":"binary-expr","locations":[{"start":{"line":49,"column":13},"end":{"line":49,"column":34}},{"start":{"line":50,"column":16},"end":{"line":56,"column":null}}]},"11":{"loc":{"start":{"line":56,"column":24},"end":{"line":56,"column":145}},"type":"cond-expr","locations":[{"start":{"line":56,"column":45},"end":{"line":56,"column":105}},{"start":{"line":56,"column":108},"end":{"line":56,"column":145}}]}},"s":{"0":2,"1":2,"2":2,"3":2,"4":2,"5":2,"6":2,"7":2,"8":2,"9":2,"10":2,"11":2,"12":2,"13":2,"14":2,"15":50,"16":10,"17":10,"18":10,"19":10,"20":10,"21":10,"22":10,"23":10,"24":10,"25":10,"26":1,"27":10,"28":10,"29":10,"30":10,"31":2},"f":{"0":10,"1":10,"2":10},"b":{"0":[9,1],"1":[4,6],"2":[1],"3":[10,4,2],"4":[1,1],"5":[2,2],"6":[0,1],"7":[1,1],"8":[10,6],"9":[10,6],"10":[10,9],"11":[2,7]}}
,"C:\\CRM.BAS\\CRM.BAS.FSI\\frontend\\core-components\\components\\atoms\\CaretPerformance\\CaretPerformance.tsx": {"path":"C:\\CRM.BAS\\CRM.BAS.FSI\\frontend\\core-components\\components\\atoms\\CaretPerformance\\CaretPerformance.tsx","statementMap":{"0":{"start":{"line":1,"column":0},"end":{"line":1,"column":34}},"1":{"start":{"line":2,"column":0},"end":{"line":2,"column":51}},"2":{"start":{"line":3,"column":0},"end":{"line":3,"column":33}},"3":{"start":{"line":4,"column":0},"end":{"line":4,"column":56}},"4":{"start":{"line":5,"column":0},"end":{"line":5,"column":48}},"5":{"start":{"line":6,"column":0},"end":{"line":6,"column":61}},"6":{"start":{"line":7,"column":0},"end":{"line":7,"column":59}},"7":{"start":{"line":8,"column":0},"end":{"line":8,"column":86}},"8":{"start":{"line":9,"column":0},"end":{"line":9,"column":71}},"9":{"start":{"line":16,"column":14},"end":{"line":16,"column":126}},"10":{"start":{"line":18,"column":53},"end":{"line":36,"column":1}},"11":{"start":{"line":19,"column":22},"end":{"line":19,"column":38}},"12":{"start":{"line":20,"column":33},"end":{"line":20,"column":39}},"13":{"start":{"line":21,"column":28},"end":{"line":21,"column":70}},"14":{"start":{"line":21,"column":17},"end":{"line":21,"column":19}},"15":{"start":{"line":21,"column":23},"end":{"line":21,"column":28}},"16":{"start":{"line":23,"column":4},"end":{"line":35,"column":6}},"17":{"start":{"line":38,"column":0},"end":{"line":38,"column":32}}},"fnMap":{"0":{"name":"(anonymous_1)","decl":{"start":{"line":18,"column":53},"end":{"line":18,"column":58}},"loc":{"start":{"line":18,"column":58},"end":{"line":36,"column":1}}}},"branchMap":{"0":{"loc":{"start":{"line":21,"column":28},"end":{"line":21,"column":70}},"type":"cond-expr","locations":[{"start":{"line":21,"column":49},"end":{"line":21,"column":57}},{"start":{"line":21,"column":60},"end":{"line":21,"column":70}}]},"1":{"loc":{"start":{"line":21,"column":28},"end":{"line":21,"column":46}},"type":"binary-expr","locations":[{"start":{"line":21,"column":28},"end":{"line":21,"column":33}},{"start":{"line":21,"column":37},"end":{"line":21,"column":46}}]},"2":{"loc":{"start":{"line":26,"column":17},"end":{"line":26,"column":141}},"type":"cond-expr","locations":[{"start":{"line":26,"column":32},"end":{"line":26,"column":48}},{"start":{"line":26,"column":51},"end":{"line":26,"column":141}}]},"3":{"loc":{"start":{"line":27,"column":17},"end":{"line":27,"column":84}},"type":"binary-expr","locations":[{"start":{"line":27,"column":17},"end":{"line":27,"column":22}},{"start":{"line":27,"column":26},"end":{"line":27,"column":84}}]},"4":{"loc":{"start":{"line":29,"column":13},"end":{"line":32,"column":null}},"type":"binary-expr","locations":[{"start":{"line":29,"column":13},"end":{"line":29,"column":22}},{"start":{"line":30,"column":16},"end":{"line":32,"column":null}}]}},"s":{"0":1,"1":1,"2":1,"3":1,"4":1,"5":1,"6":1,"7":1,"8":1,"9":1,"10":1,"11":6,"12":12,"13":6,"14":6,"15":6,"16":6,"17":1},"f":{"0":6},"b":{"0":[3,3],"1":[6,4],"2":[1,5],"3":[6,4],"4":[6,5]}}
,"C:\\CRM.BAS\\CRM.BAS.FSI\\frontend\\core-components\\components\\atoms\\ChoiceGroup\\ChoiceGroup.tsx": {"path":"C:\\CRM.BAS\\CRM.BAS.FSI\\frontend\\core-components\\components\\atoms\\ChoiceGroup\\ChoiceGroup.tsx","statementMap":{"0":{"start":{"line":1,"column":0},"end":{"line":1,"column":83}},"1":{"start":{"line":2,"column":0},"end":{"line":2,"column":62}},"2":{"start":{"line":3,"column":0},"end":{"line":3,"column":34}},"3":{"start":{"line":5,"column":0},"end":{"line":5,"column":56}},"4":{"start":{"line":7,"column":50},"end":{"line":11,"column":1}},"5":{"start":{"line":8,"column":23},"end":{"line":8,"column":29}},"6":{"start":{"line":10,"column":4},"end":{"line":10,"column":96}},"7":{"start":{"line":7,"column":13},"end":{"line":7,"column":50}},"8":{"start":{"line":13,"column":0},"end":{"line":13,"column":27}}},"fnMap":{"0":{"name":"(anonymous_3)","decl":{"start":{"line":7,"column":50},"end":{"line":7,"column":55}},"loc":{"start":{"line":7,"column":55},"end":{"line":11,"column":1}}}},"branchMap":{},"s":{"0":1,"1":1,"2":1,"3":1,"4":1,"5":1,"6":1,"7":1,"8":1},"f":{"0":1},"b":{}}
,"C:\\CRM.BAS\\CRM.BAS.FSI\\frontend\\core-components\\components\\atoms\\Collapse\\Collapse.tsx": {"path":"C:\\CRM.BAS\\CRM.BAS.FSI\\frontend\\core-components\\components\\atoms\\Collapse\\Collapse.tsx","statementMap":{"0":{"start":{"line":1,"column":0},"end":{"line":1,"column":44}},"1":{"start":{"line":2,"column":0},"end":{"line":2,"column":61}},"2":{"start":{"line":3,"column":0},"end":{"line":3,"column":89}},"3":{"start":{"line":5,"column":0},"end":{"line":5,"column":46}},"4":{"start":{"line":7,"column":37},"end":{"line":40,"column":1}},"5":{"start":{"line":8,"column":12},"end":{"line":8,"column":null}},"6":{"start":{"line":9,"column":11},"end":{"line":9,"column":null}},"7":{"start":{"line":10,"column":10},"end":{"line":10,"column":null}},"8":{"start":{"line":11,"column":20},"end":{"line":11,"column":null}},"9":{"start":{"line":12,"column":24},"end":{"line":12,"column":null}},"10":{"start":{"line":13,"column":12},"end":{"line":13,"column":null}},"11":{"start":{"line":14,"column":12},"end":{"line":14,"column":null}},"12":{"start":{"line":15,"column":4},"end":{"line":15,"column":15}},"13":{"start":{"line":15,"column":15},"end":{"line":15,"column":null}},"14":{"start":{"line":16,"column":14},"end":{"line":16,"column":null}},"15":{"start":{"line":17,"column":14},"end":{"line":17,"column":null}},"16":{"start":{"line":19,"column":32},"end":{"line":19,"column":53}},"17":{"start":{"line":19,"column":17},"end":{"line":19,"column":19}},"18":{"start":{"line":19,"column":28},"end":{"line":19,"column":32}},"19":{"start":{"line":20,"column":21},"end":{"line":20,"column":60}},"20":{"start":{"line":21,"column":25},"end":{"line":21,"column":40}},"21":{"start":{"line":21,"column":31},"end":{"line":21,"column":68}},"22":{"start":{"line":21,"column":55},"end":{"line":21,"column":67}},"23":{"start":{"line":23,"column":4},"end":{"line":39,"column":6}},"24":{"start":{"line":42,"column":0},"end":{"line":42,"column":24}}},"fnMap":{"0":{"name":"(anonymous_8)","decl":{"start":{"line":7,"column":37},"end":{"line":7,"column":38}},"loc":{"start":{"line":18,"column":1},"end":{"line":40,"column":1}}},"1":{"name":"(anonymous_9)","decl":{"start":{"line":21,"column":25},"end":{"line":21,"column":31}},"loc":{"start":{"line":21,"column":25},"end":{"line":21,"column":40}}},"2":{"name":"(anonymous_10)","decl":{"start":{"line":21,"column":41},"end":{"line":21,"column":51}},"loc":{"start":{"line":21,"column":51},"end":{"line":21,"column":56}}}},"branchMap":{"0":{"loc":{"start":{"line":15,"column":15},"end":{"line":15,"column":null}},"type":"cond-expr","locations":[{"start":{"line":15,"column":18},"end":{"line":15,"column":23}},{"start":{"line":15,"column":23},"end":{"line":15,"column":null}}]},"1":{"loc":{"start":{"line":20,"column":21},"end":{"line":20,"column":60}},"type":"cond-expr","locations":[{"start":{"line":20,"column":30},"end":{"line":20,"column":43}},{"start":{"line":20,"column":46},"end":{"line":20,"column":60}}]},"2":{"loc":{"start":{"line":37,"column":50},"end":{"line":37,"column":68}},"type":"binary-expr","locations":[{"start":{"line":37,"column":50},"end":{"line":37,"column":56}},{"start":{"line":37,"column":60},"end":{"line":37,"column":68}}]}},"s":{"0":1,"1":1,"2":1,"3":1,"4":1,"5":2,"6":2,"7":2,"8":2,"9":2,"10":2,"11":2,"12":2,"13":2,"14":2,"15":2,"16":2,"17":2,"18":2,"19":2,"20":2,"21":1,"22":1,"23":2,"24":1},"f":{"0":2,"1":1,"2":1},"b":{"0":[2,0],"1":[1,1],"2":[2,1]}}
,"C:\\CRM.BAS\\CRM.BAS.FSI\\frontend\\core-components\\components\\atoms\\ComboBox\\ComboBox.tsx": {"path":"C:\\CRM.BAS\\CRM.BAS.FSI\\frontend\\core-components\\components\\atoms\\ComboBox\\ComboBox.tsx","statementMap":{"0":{"start":{"line":1,"column":0},"end":{"line":1,"column":74}},"1":{"start":{"line":2,"column":0},"end":{"line":2,"column":57}},"2":{"start":{"line":3,"column":0},"end":{"line":3,"column":81}},"3":{"start":{"line":4,"column":0},"end":{"line":4,"column":100}},"4":{"start":{"line":7,"column":44},"end":{"line":54,"column":1}},"5":{"start":{"line":16,"column":8},"end":{"line":16,"column":14}},"6":{"start":{"line":11,"column":20},"end":{"line":11,"column":null}},"7":{"start":{"line":18,"column":34},"end":{"line":18,"column":58}},"8":{"start":{"line":18,"column":18},"end":{"line":18,"column":20}},"9":{"start":{"line":18,"column":30},"end":{"line":18,"column":34}},"10":{"start":{"line":19,"column":42},"end":{"line":19,"column":67}},"11":{"start":{"line":19,"column":22},"end":{"line":19,"column":24}},"12":{"start":{"line":19,"column":38},"end":{"line":19,"column":42}},"13":{"start":{"line":21,"column":28},"end":{"line":26,"column":6}},"14":{"start":{"line":28,"column":28},"end":{"line":39,"column":null}},"15":{"start":{"line":30,"column":35},"end":{"line":30,"column":92}},"16":{"start":{"line":32,"column":12},"end":{"line":34,"column":null}},"17":{"start":{"line":33,"column":16},"end":{"line":33,"column":57}},"18":{"start":{"line":36,"column":12},"end":{"line":36,"column":52}},"19":{"start":{"line":37,"column":12},"end":{"line":37,"column":47}},"20":{"start":{"line":42,"column":4},"end":{"line":53,"column":6}},"21":{"start":{"line":7,"column":13},"end":{"line":7,"column":44}},"22":{"start":{"line":56,"column":0},"end":{"line":56,"column":24}}},"fnMap":{"0":{"name":"(anonymous_9)","decl":{"start":{"line":7,"column":44},"end":{"line":7,"column":49}},"loc":{"start":{"line":7,"column":49},"end":{"line":54,"column":1}}},"1":{"name":"(anonymous_10)","decl":{"start":{"line":29,"column":8},"end":{"line":29,"column":9}},"loc":{"start":{"line":29,"column":32},"end":{"line":38,"column":9}}}},"branchMap":{"0":{"loc":{"start":{"line":11,"column":20},"end":{"line":11,"column":null}},"type":"cond-expr","locations":[{"start":{"line":11,"column":23},"end":{"line":11,"column":27}},{"start":{"line":11,"column":27},"end":{"line":11,"column":null}}]},"1":{"loc":{"start":{"line":25,"column":25},"end":{"line":25,"column":69}},"type":"cond-expr","locations":[{"start":{"line":25,"column":38},"end":{"line":25,"column":57}},{"start":{"line":25,"column":60},"end":{"line":25,"column":69}}]},"2":{"loc":{"start":{"line":30,"column":35},"end":{"line":30,"column":92}},"type":"binary-expr","locations":[{"start":{"line":30,"column":35},"end":{"line":30,"column":41}},{"start":{"line":30,"column":45},"end":{"line":30,"column":92}}]},"3":{"loc":{"start":{"line":32,"column":12},"end":{"line":34,"column":null}},"type":"if","locations":[{"start":{"line":32,"column":12},"end":{"line":34,"column":null}}]},"4":{"loc":{"start":{"line":32,"column":16},"end":{"line":32,"column":49}},"type":"binary-expr","locations":[{"start":{"line":32,"column":16},"end":{"line":32,"column":29}},{"start":{"line":32,"column":33},"end":{"line":32,"column":40}},{"start":{"line":32,"column":44},"end":{"line":32,"column":49}}]},"5":{"loc":{"start":{"line":36,"column":12},"end":{"line":36,"column":51}},"type":"cond-expr","locations":[{"start":{"line":36,"column":26},"end":{"line":36,"column":29}},{"start":{"line":36,"column":26},"end":{"line":36,"column":51}}]},"6":{"loc":{"start":{"line":36,"column":12},"end":{"line":36,"column":29}},"type":"binary-expr","locations":[{"start":{"line":36,"column":12},"end":{"line":36,"column":29}},{"start":{"line":36,"column":26},"end":{"line":36,"column":29}}]},"7":{"loc":{"start":{"line":45,"column":26},"end":{"line":45,"column":53}},"type":"cond-expr","locations":[{"start":{"line":45,"column":41},"end":{"line":45,"column":45}},{"start":{"line":45,"column":48},"end":{"line":45,"column":53}}]}},"s":{"0":1,"1":1,"2":1,"3":1,"4":1,"5":63,"6":9,"7":9,"8":9,"9":9,"10":9,"11":9,"12":9,"13":9,"14":9,"15":2,"16":2,"17":1,"18":2,"19":2,"20":9,"21":1,"22":1},"f":{"0":9,"1":2},"b":{"0":[8,1],"1":[1,8],"2":[2,1],"3":[1],"4":[2,1,1],"5":[0,2],"6":[2,2],"7":[8,1]}}
,"C:\\CRM.BAS\\CRM.BAS.FSI\\frontend\\core-components\\components\\atoms\\Contact\\Contact.tsx": {"path":"C:\\CRM.BAS\\CRM.BAS.FSI\\frontend\\core-components\\components\\atoms\\Contact\\Contact.tsx","statementMap":{"0":{"start":{"line":1,"column":0},"end":{"line":1,"column":56}},"1":{"start":{"line":2,"column":0},"end":{"line":2,"column":48}},"2":{"start":{"line":3,"column":0},"end":{"line":3,"column":65}},"3":{"start":{"line":5,"column":0},"end":{"line":5,"column":55}},"4":{"start":{"line":6,"column":0},"end":{"line":6,"column":67}},"5":{"start":{"line":7,"column":0},"end":{"line":7,"column":59}},"6":{"start":{"line":8,"column":0},"end":{"line":8,"column":59}},"7":{"start":{"line":9,"column":0},"end":{"line":9,"column":71}},"8":{"start":{"line":10,"column":0},"end":{"line":10,"column":56}},"9":{"start":{"line":11,"column":0},"end":{"line":11,"column":68}},"10":{"start":{"line":13,"column":42},"end":{"line":52,"column":1}},"11":{"start":{"line":14,"column":108},"end":{"line":14,"column":114}},"12":{"start":{"line":14,"column":48},"end":{"line":14,"column":62}},"13":{"start":{"line":14,"column":71},"end":{"line":14,"column":80}},"14":{"start":{"line":15,"column":28},"end":{"line":15,"column":51}},"15":{"start":{"line":16,"column":22},"end":{"line":16,"column":38}},"16":{"start":{"line":17,"column":41},"end":{"line":17,"column":76}},"17":{"start":{"line":19,"column":23},"end":{"line":19,"column":98}},"18":{"start":{"line":19,"column":37},"end":{"line":19,"column":78}},"19":{"start":{"line":21,"column":24},"end":{"line":30,"column":64}},"20":{"start":{"line":22,"column":8},"end":{"line":24,"column":null}},"21":{"start":{"line":23,"column":12},"end":{"line":23,"column":19}},"22":{"start":{"line":25,"column":8},"end":{"line":29,"column":null}},"23":{"start":{"line":26,"column":12},"end":{"line":26,"column":30}},"24":{"start":{"line":28,"column":12},"end":{"line":28,"column":39}},"25":{"start":{"line":32,"column":4},"end":{"line":51,"column":6}},"26":{"start":{"line":13,"column":13},"end":{"line":13,"column":42}},"27":{"start":{"line":54,"column":0},"end":{"line":54,"column":23}}},"fnMap":{"0":{"name":"(anonymous_7)","decl":{"start":{"line":13,"column":42},"end":{"line":13,"column":47}},"loc":{"start":{"line":13,"column":47},"end":{"line":52,"column":1}}},"1":{"name":"(anonymous_8)","decl":{"start":{"line":19,"column":31},"end":{"line":19,"column":37}},"loc":{"start":{"line":19,"column":31},"end":{"line":19,"column":57}}},"2":{"name":"(anonymous_9)","decl":{"start":{"line":21,"column":36},"end":{"line":21,"column":null}},"loc":{"start":{"line":21,"column":36},"end":{"line":30,"column":5}}}},"branchMap":{"0":{"loc":{"start":{"line":14,"column":48},"end":{"line":14,"column":62}},"type":"cond-expr","locations":[{"start":{"line":14,"column":51},"end":{"line":14,"column":60}},{"start":{"line":14,"column":60},"end":{"line":14,"column":62}}]},"1":{"loc":{"start":{"line":14,"column":71},"end":{"line":14,"column":80}},"type":"cond-expr","locations":[{"start":{"line":14,"column":74},"end":{"line":14,"column":78}},{"start":{"line":14,"column":78},"end":{"line":14,"column":80}}]},"2":{"loc":{"start":{"line":22,"column":8},"end":{"line":24,"column":null}},"type":"if","locations":[{"start":{"line":22,"column":8},"end":{"line":24,"column":null}}]},"3":{"loc":{"start":{"line":25,"column":8},"end":{"line":29,"column":null}},"type":"if","locations":[{"start":{"line":25,"column":8},"end":{"line":29,"column":null}},{"start":{"line":27,"column":15},"end":{"line":29,"column":null}}]},"4":{"loc":{"start":{"line":44,"column":21},"end":{"line":44,"column":110}},"type":"binary-expr","locations":[{"start":{"line":44,"column":21},"end":{"line":44,"column":25}},{"start":{"line":44,"column":29},"end":{"line":44,"column":110}}]}},"s":{"0":1,"1":1,"2":1,"3":1,"4":1,"5":1,"6":1,"7":1,"8":1,"9":1,"10":1,"11":42,"12":6,"13":6,"14":6,"15":6,"16":6,"17":6,"18":6,"19":6,"20":3,"21":1,"22":2,"23":1,"24":1,"25":6,"26":1,"27":1},"f":{"0":6,"1":6,"2":3},"b":{"0":[6,0],"1":[4,2],"2":[1],"3":[1,1],"4":[6,1]}}
,"C:\\CRM.BAS\\CRM.BAS.FSI\\frontend\\core-components\\components\\atoms\\CurrencyCode\\CurrencyCode.tsx": {"path":"C:\\CRM.BAS\\CRM.BAS.FSI\\frontend\\core-components\\components\\atoms\\CurrencyCode\\CurrencyCode.tsx","statementMap":{"0":{"start":{"line":1,"column":0},"end":{"line":1,"column":43}},"1":{"start":{"line":2,"column":0},"end":{"line":2,"column":48}},"2":{"start":{"line":4,"column":0},"end":{"line":4,"column":69}},"3":{"start":{"line":5,"column":0},"end":{"line":5,"column":58}},"4":{"start":{"line":6,"column":0},"end":{"line":6,"column":61}},"5":{"start":{"line":8,"column":45},"end":{"line":22,"column":1}},"6":{"start":{"line":9,"column":56},"end":{"line":9,"column":62}},"7":{"start":{"line":11,"column":45},"end":{"line":11,"column":60}},"8":{"start":{"line":11,"column":22},"end":{"line":11,"column":24}},"9":{"start":{"line":11,"column":40},"end":{"line":11,"column":45}},"10":{"start":{"line":13,"column":24},"end":{"line":13,"column":107}},"11":{"start":{"line":15,"column":21},"end":{"line":15,"column":88}},"12":{"start":{"line":15,"column":35},"end":{"line":15,"column":79}},"13":{"start":{"line":17,"column":4},"end":{"line":21,"column":6}},"14":{"start":{"line":24,"column":0},"end":{"line":24,"column":28}}},"fnMap":{"0":{"name":"(anonymous_6)","decl":{"start":{"line":8,"column":45},"end":{"line":8,"column":50}},"loc":{"start":{"line":8,"column":50},"end":{"line":22,"column":1}}},"1":{"name":"(anonymous_7)","decl":{"start":{"line":15,"column":29},"end":{"line":15,"column":35}},"loc":{"start":{"line":15,"column":29},"end":{"line":15,"column":49}}}},"branchMap":{"0":{"loc":{"start":{"line":13,"column":24},"end":{"line":13,"column":107}},"type":"cond-expr","locations":[{"start":{"line":13,"column":37},"end":{"line":13,"column":88}},{"start":{"line":13,"column":91},"end":{"line":13,"column":107}}]},"1":{"loc":{"start":{"line":13,"column":37},"end":{"line":13,"column":88}},"type":"binary-expr","locations":[{"start":{"line":13,"column":37},"end":{"line":13,"column":65}},{"start":{"line":13,"column":69},"end":{"line":13,"column":88}}]},"2":{"loc":{"start":{"line":13,"column":37},"end":{"line":13,"column":65}},"type":"cond-expr","locations":[{"start":{"line":13,"column":59},"end":{"line":13,"column":61}},{"start":{"line":13,"column":59},"end":{"line":13,"column":65}}]},"3":{"loc":{"start":{"line":13,"column":37},"end":{"line":13,"column":61}},"type":"binary-expr","locations":[{"start":{"line":13,"column":37},"end":{"line":13,"column":61}},{"start":{"line":13,"column":59},"end":{"line":13,"column":61}}]}},"s":{"0":13,"1":13,"2":13,"3":13,"4":13,"5":13,"6":63,"7":21,"8":21,"9":21,"10":21,"11":21,"12":20,"13":21,"14":13},"f":{"0":21,"1":20},"b":{"0":[12,9],"1":[12,2],"2":[2,10],"3":[12,12]}}
,"C:\\CRM.BAS\\CRM.BAS.FSI\\frontend\\core-components\\components\\atoms\\DataBox\\DataBox.tsx": {"path":"C:\\CRM.BAS\\CRM.BAS.FSI\\frontend\\core-components\\components\\atoms\\DataBox\\DataBox.tsx","statementMap":{"0":{"start":{"line":1,"column":0},"end":{"line":1,"column":41}},"1":{"start":{"line":3,"column":0},"end":{"line":3,"column":92}},"2":{"start":{"line":4,"column":0},"end":{"line":4,"column":48}},"3":{"start":{"line":5,"column":0},"end":{"line":5,"column":50}},"4":{"start":{"line":6,"column":0},"end":{"line":6,"column":61}},"5":{"start":{"line":8,"column":0},"end":{"line":8,"column":53}},"6":{"start":{"line":8,"column":29},"end":{"line":8,"column":38}},"7":{"start":{"line":10,"column":8},"end":{"line":10,"column":null}},"8":{"start":{"line":13,"column":4},"end":{"line":41,"column":null}},"9":{"start":{"line":14,"column":89},"end":{"line":14,"column":99}},"10":{"start":{"line":14,"column":26},"end":{"line":14,"column":28}},"11":{"start":{"line":14,"column":34},"end":{"line":14,"column":36}},"12":{"start":{"line":14,"column":47},"end":{"line":14,"column":49}},"13":{"start":{"line":14,"column":60},"end":{"line":14,"column":62}},"14":{"start":{"line":14,"column":74},"end":{"line":14,"column":76}},"15":{"start":{"line":14,"column":84},"end":{"line":14,"column":89}},"16":{"start":{"line":16,"column":61},"end":{"line":16,"column":72}},"17":{"start":{"line":16,"column":28},"end":{"line":16,"column":38}},"18":{"start":{"line":18,"column":36},"end":{"line":18,"column":65}},"19":{"start":{"line":19,"column":35},"end":{"line":19,"column":69}},"20":{"start":{"line":21,"column":8},"end":{"line":40,"column":10}},"21":{"start":{"line":42,"column":0},"end":{"line":42,"column":null}},"22":{"start":{"line":8,"column":13},"end":{"line":8,"column":20}},"23":{"start":{"line":44,"column":0},"end":{"line":44,"column":23}}},"fnMap":{"0":{"name":"(anonymous_12)","decl":{"start":{"line":8,"column":0},"end":{"line":8,"column":13}},"loc":{"start":{"line":8,"column":0},"end":{"line":42,"column":null}}},"1":{"name":"DataBox","decl":{"start":{"line":9,"column":4},"end":{"line":9,"column":16}},"loc":{"start":{"line":9,"column":26},"end":{"line":11,"column":5}}},"2":{"name":"(anonymous_14)","decl":{"start":{"line":13,"column":4},"end":{"line":13,"column":10}},"loc":{"start":{"line":13,"column":4},"end":{"line":41,"column":5}}}},"branchMap":{"0":{"loc":{"start":{"line":10,"column":8},"end":{"line":10,"column":null}},"type":"binary-expr","locations":[{"start":{"line":10,"column":8},"end":{"line":10,"column":20}},{"start":{"line":10,"column":20},"end":{"line":10,"column":null}}]},"1":{"loc":{"start":{"line":16,"column":28},"end":{"line":16,"column":38}},"type":"cond-expr","locations":[{"start":{"line":16,"column":31},"end":{"line":16,"column":36}},{"start":{"line":16,"column":36},"end":{"line":16,"column":38}}]},"2":{"loc":{"start":{"line":22,"column":93},"end":{"line":22,"column":110}},"type":"binary-expr","locations":[{"start":{"line":22,"column":93},"end":{"line":22,"column":104}},{"start":{"line":22,"column":108},"end":{"line":22,"column":110}}]},"3":{"loc":{"start":{"line":26,"column":17},"end":{"line":31,"column":null}},"type":"cond-expr","locations":[{"start":{"line":27,"column":20},"end":{"line":27,"column":28}},{"start":{"line":29,"column":20},"end":{"line":30,"column":null}}]},"4":{"loc":{"start":{"line":30,"column":25},"end":{"line":30,"column":65}},"type":"cond-expr","locations":[{"start":{"line":30,"column":39},"end":{"line":30,"column":57}},{"start":{"line":30,"column":60},"end":{"line":30,"column":65}}]},"5":{"loc":{"start":{"line":34,"column":17},"end":{"line":37,"column":null}},"type":"binary-expr","locations":[{"start":{"line":34,"column":17},"end":{"line":34,"column":23}},{"start":{"line":35,"column":20},"end":{"line":36,"column":null}}]},"6":{"loc":{"start":{"line":36,"column":25},"end":{"line":36,"column":69}},"type":"cond-expr","locations":[{"start":{"line":36,"column":40},"end":{"line":36,"column":60}},{"start":{"line":36,"column":63},"end":{"line":36,"column":69}}]}},"s":{"0":4,"1":4,"2":4,"3":4,"4":4,"5":4,"6":4,"7":5,"8":4,"9":5,"10":5,"11":5,"12":5,"13":5,"14":5,"15":5,"16":20,"17":5,"18":5,"19":5,"20":5,"21":4,"22":4,"23":4},"f":{"0":4,"1":5,"2":5},"b":{"0":[5,5],"1":[1,4],"2":[5,5],"3":[1,4],"4":[1,3],"5":[5,2],"6":[1,1]}}
,"C:\\CRM.BAS\\CRM.BAS.FSI\\frontend\\core-components\\components\\atoms\\DatePicker\\DatePicker.tsx": {"path":"C:\\CRM.BAS\\CRM.BAS.FSI\\frontend\\core-components\\components\\atoms\\DatePicker\\DatePicker.tsx","statementMap":{"0":{"start":{"line":1,"column":0},"end":{"line":1,"column":56}},"1":{"start":{"line":2,"column":0},"end":{"line":2,"column":100}},"2":{"start":{"line":3,"column":0},"end":{"line":3,"column":59}},"3":{"start":{"line":4,"column":0},"end":{"line":4,"column":84}},"4":{"start":{"line":5,"column":0},"end":{"line":5,"column":79}},"5":{"start":{"line":7,"column":0},"end":{"line":7,"column":85}},"6":{"start":{"line":8,"column":0},"end":{"line":8,"column":71}},"7":{"start":{"line":9,"column":0},"end":{"line":9,"column":37}},"8":{"start":{"line":10,"column":0},"end":{"line":10,"column":35}},"9":{"start":{"line":11,"column":0},"end":{"line":11,"column":106}},"10":{"start":{"line":12,"column":0},"end":{"line":12,"column":81}},"11":{"start":{"line":13,"column":0},"end":{"line":13,"column":62}},"12":{"start":{"line":14,"column":0},"end":{"line":14,"column":67}},"13":{"start":{"line":15,"column":0},"end":{"line":15,"column":93}},"14":{"start":{"line":16,"column":0},"end":{"line":16,"column":88}},"15":{"start":{"line":18,"column":38},"end":{"line":20,"column":2}},"16":{"start":{"line":22,"column":36},"end":{"line":25,"column":2}},"17":{"start":{"line":27,"column":47},"end":{"line":140,"column":1}},"18":{"start":{"line":28,"column":27},"end":{"line":28,"column":50}},"19":{"start":{"line":29,"column":22},"end":{"line":29,"column":38}},"20":{"start":{"line":46,"column":8},"end":{"line":46,"column":14}},"21":{"start":{"line":48,"column":50},"end":{"line":70,"column":35}},"22":{"start":{"line":49,"column":38},"end":{"line":63,"column":10}},"23":{"start":{"line":65,"column":28},"end":{"line":65,"column":84}},"24":{"start":{"line":66,"column":8},"end":{"line":68,"column":null}},"25":{"start":{"line":72,"column":31},"end":{"line":76,"column":null}},"26":{"start":{"line":74,"column":12},"end":{"line":74,"column":33}},"27":{"start":{"line":79,"column":24},"end":{"line":79,"column":120}},"28":{"start":{"line":81,"column":23},"end":{"line":85,"column":null}},"29":{"start":{"line":83,"column":12},"end":{"line":83,"column":78}},"30":{"start":{"line":88,"column":22},"end":{"line":92,"column":null}},"31":{"start":{"line":90,"column":12},"end":{"line":90,"column":59}},"32":{"start":{"line":95,"column":22},"end":{"line":95,"column":47}},"33":{"start":{"line":97,"column":30},"end":{"line":97,"column":98}},"34":{"start":{"line":99,"column":23},"end":{"line":104,"column":6}},"35":{"start":{"line":106,"column":4},"end":{"line":139,"column":6}},"36":{"start":{"line":27,"column":13},"end":{"line":27,"column":47}}},"fnMap":{"0":{"name":"(anonymous_9)","decl":{"start":{"line":27,"column":47},"end":{"line":27,"column":48}},"loc":{"start":{"line":27,"column":70},"end":{"line":140,"column":1}}},"1":{"name":"(anonymous_10)","decl":{"start":{"line":48,"column":58},"end":{"line":48,"column":null}},"loc":{"start":{"line":48,"column":58},"end":{"line":70,"column":5}}},"2":{"name":"(anonymous_11)","decl":{"start":{"line":73,"column":8},"end":{"line":73,"column":9}},"loc":{"start":{"line":73,"column":38},"end":{"line":75,"column":9}}},"3":{"name":"(anonymous_12)","decl":{"start":{"line":82,"column":8},"end":{"line":82,"column":9}},"loc":{"start":{"line":82,"column":20},"end":{"line":84,"column":9}}},"4":{"name":"(anonymous_13)","decl":{"start":{"line":89,"column":8},"end":{"line":89,"column":9}},"loc":{"start":{"line":89,"column":24},"end":{"line":91,"column":9}}},"5":{"name":"(anonymous_14)","decl":{"start":{"line":95,"column":34},"end":{"line":95,"column":41}},"loc":{"start":{"line":95,"column":34},"end":{"line":95,"column":42}}}},"branchMap":{"0":{"loc":{"start":{"line":62,"column":39},"end":{"line":62,"column":101}},"type":"binary-expr","locations":[{"start":{"line":62,"column":39},"end":{"line":62,"column":62}},{"start":{"line":62,"column":66},"end":{"line":62,"column":101}}]},"1":{"loc":{"start":{"line":65,"column":28},"end":{"line":65,"column":84}},"type":"binary-expr","locations":[{"start":{"line":65,"column":28},"end":{"line":65,"column":59}},{"start":{"line":65,"column":63},"end":{"line":65,"column":84}}]},"2":{"loc":{"start":{"line":65,"column":28},"end":{"line":65,"column":59}},"type":"cond-expr","locations":[{"start":{"line":65,"column":42},"end":{"line":65,"column":44}},{"start":{"line":65,"column":28},"end":{"line":65,"column":59}}]},"3":{"loc":{"start":{"line":65,"column":28},"end":{"line":65,"column":44}},"type":"binary-expr","locations":[{"start":{"line":65,"column":28},"end":{"line":65,"column":44}},{"start":{"line":65,"column":28},"end":{"line":65,"column":44}}]},"4":{"loc":{"start":{"line":79,"column":24},"end":{"line":79,"column":120}},"type":"binary-expr","locations":[{"start":{"line":79,"column":24},"end":{"line":79,"column":62}},{"start":{"line":79,"column":66},"end":{"line":79,"column":98}},{"start":{"line":79,"column":102},"end":{"line":79,"column":120}}]},"5":{"loc":{"start":{"line":79,"column":24},"end":{"line":79,"column":62}},"type":"cond-expr","locations":[{"start":{"line":79,"column":44},"end":{"line":79,"column":46}},{"start":{"line":79,"column":24},"end":{"line":79,"column":62}}]},"6":{"loc":{"start":{"line":79,"column":24},"end":{"line":79,"column":46}},"type":"binary-expr","locations":[{"start":{"line":79,"column":24},"end":{"line":79,"column":46}},{"start":{"line":79,"column":24},"end":{"line":79,"column":46}}]},"7":{"loc":{"start":{"line":79,"column":66},"end":{"line":79,"column":98}},"type":"cond-expr","locations":[{"start":{"line":79,"column":80},"end":{"line":79,"column":82}},{"start":{"line":79,"column":66},"end":{"line":79,"column":98}}]},"8":{"loc":{"start":{"line":79,"column":66},"end":{"line":79,"column":82}},"type":"binary-expr","locations":[{"start":{"line":79,"column":66},"end":{"line":79,"column":82}},{"start":{"line":79,"column":66},"end":{"line":79,"column":82}}]},"9":{"loc":{"start":{"line":83,"column":19},"end":{"line":83,"column":77}},"type":"cond-expr","locations":[{"start":{"line":83,"column":47},"end":{"line":83,"column":72}},{"start":{"line":83,"column":75},"end":{"line":83,"column":77}}]},"10":{"loc":{"start":{"line":83,"column":19},"end":{"line":83,"column":44}},"type":"binary-expr","locations":[{"start":{"line":83,"column":19},"end":{"line":83,"column":23}},{"start":{"line":83,"column":27},"end":{"line":83,"column":44}}]},"11":{"loc":{"start":{"line":97,"column":30},"end":{"line":97,"column":98}},"type":"cond-expr","locations":[{"start":{"line":97,"column":47},"end":{"line":97,"column":79}},{"start":{"line":97,"column":82},"end":{"line":97,"column":98}}]},"12":{"loc":{"start":{"line":103,"column":25},"end":{"line":103,"column":69}},"type":"cond-expr","locations":[{"start":{"line":103,"column":38},"end":{"line":103,"column":57}},{"start":{"line":103,"column":60},"end":{"line":103,"column":69}}]},"13":{"loc":{"start":{"line":108,"column":13},"end":{"line":108,"column":118}},"type":"binary-expr","locations":[{"start":{"line":108,"column":13},"end":{"line":108,"column":18}},{"start":{"line":108,"column":22},"end":{"line":108,"column":118}}]},"14":{"loc":{"start":{"line":108,"column":54},"end":{"line":108,"column":65}},"type":"binary-expr","locations":[{"start":{"line":108,"column":54},"end":{"line":108,"column":59}},{"start":{"line":108,"column":63},"end":{"line":108,"column":65}}]},"15":{"loc":{"start":{"line":108,"column":76},"end":{"line":108,"column":90}},"type":"binary-expr","locations":[{"start":{"line":108,"column":76},"end":{"line":108,"column":84}},{"start":{"line":108,"column":88},"end":{"line":108,"column":90}}]},"16":{"loc":{"start":{"line":125,"column":29},"end":{"line":125,"column":69}},"type":"binary-expr","locations":[{"start":{"line":125,"column":29},"end":{"line":125,"column":40}},{"start":{"line":125,"column":44},"end":{"line":125,"column":69}}]}},"s":{"0":5,"1":5,"2":5,"3":5,"4":5,"5":5,"6":5,"7":5,"8":5,"9":5,"10":5,"11":5,"12":5,"13":5,"14":5,"15":5,"16":5,"17":5,"18":15,"19":15,"20":225,"21":15,"22":15,"23":15,"24":15,"25":15,"26":4,"27":15,"28":15,"29":22,"30":15,"31":2,"32":15,"33":15,"34":15,"35":15,"36":5},"f":{"0":15,"1":15,"2":4,"3":22,"4":2,"5":0},"b":{"0":[15,15],"1":[15,14],"2":[14,1],"3":[15,15],"4":[15,15,15],"5":[15,0],"6":[15,15],"7":[14,1],"8":[15,15],"9":[20,2],"10":[22,22],"11":[1,14],"12":[4,11],"13":[15,1],"14":[1,0],"15":[1,1],"16":[15,6]}}
,"C:\\CRM.BAS\\CRM.BAS.FSI\\frontend\\core-components\\components\\atoms\\DateTime\\DateTime.tsx": {"path":"C:\\CRM.BAS\\CRM.BAS.FSI\\frontend\\core-components\\components\\atoms\\DateTime\\DateTime.tsx","statementMap":{"0":{"start":{"line":1,"column":0},"end":{"line":1,"column":34}},"1":{"start":{"line":2,"column":0},"end":{"line":2,"column":57}},"2":{"start":{"line":3,"column":0},"end":{"line":3,"column":101}},"3":{"start":{"line":4,"column":0},"end":{"line":4,"column":48}},"4":{"start":{"line":5,"column":0},"end":{"line":5,"column":61}},"5":{"start":{"line":7,"column":44},"end":{"line":21,"column":1}},"6":{"start":{"line":8,"column":131},"end":{"line":8,"column":137}},"7":{"start":{"line":8,"column":37},"end":{"line":8,"column":78}},"8":{"start":{"line":8,"column":91},"end":{"line":8,"column":131}},"9":{"start":{"line":10,"column":19},"end":{"line":10,"column":30}},"10":{"start":{"line":12,"column":4},"end":{"line":14,"column":null}},"11":{"start":{"line":13,"column":8},"end":{"line":13,"column":20}},"12":{"start":{"line":16,"column":4},"end":{"line":20,"column":6}},"13":{"start":{"line":7,"column":13},"end":{"line":7,"column":44}},"14":{"start":{"line":23,"column":0},"end":{"line":23,"column":24}}},"fnMap":{"0":{"name":"(anonymous_1)","decl":{"start":{"line":7,"column":44},"end":{"line":7,"column":49}},"loc":{"start":{"line":7,"column":49},"end":{"line":21,"column":1}}}},"branchMap":{"0":{"loc":{"start":{"line":8,"column":37},"end":{"line":8,"column":78}},"type":"cond-expr","locations":[{"start":{"line":8,"column":40},"end":{"line":8,"column":76}},{"start":{"line":8,"column":76},"end":{"line":8,"column":78}}]},"1":{"loc":{"start":{"line":8,"column":91},"end":{"line":8,"column":131}},"type":"cond-expr","locations":[{"start":{"line":8,"column":94},"end":{"line":8,"column":126}},{"start":{"line":8,"column":126},"end":{"line":8,"column":131}}]},"2":{"loc":{"start":{"line":12,"column":4},"end":{"line":14,"column":null}},"type":"if","locations":[{"start":{"line":12,"column":4},"end":{"line":14,"column":null}}]},"3":{"loc":{"start":{"line":12,"column":8},"end":{"line":12,"column":35}},"type":"binary-expr","locations":[{"start":{"line":12,"column":8},"end":{"line":12,"column":13}},{"start":{"line":12,"column":17},"end":{"line":12,"column":35}}]}},"s":{"0":8,"1":8,"2":8,"3":8,"4":8,"5":8,"6":56,"7":14,"8":14,"9":14,"10":14,"11":2,"12":12,"13":8,"14":8},"f":{"0":14},"b":{"0":[13,1],"1":[13,1],"2":[2],"3":[14,13]}}
,"C:\\CRM.BAS\\CRM.BAS.FSI\\frontend\\core-components\\components\\atoms\\DialogEvent\\DialogEvent.tsx": {"path":"C:\\CRM.BAS\\CRM.BAS.FSI\\frontend\\core-components\\components\\atoms\\DialogEvent\\DialogEvent.tsx","statementMap":{"0":{"start":{"line":1,"column":0},"end":{"line":1,"column":34}},"1":{"start":{"line":2,"column":0},"end":{"line":2,"column":87}},"2":{"start":{"line":3,"column":0},"end":{"line":3,"column":74}},"3":{"start":{"line":5,"column":0},"end":{"line":5,"column":55}},"4":{"start":{"line":17,"column":46},"end":{"line":41,"column":1}},"5":{"start":{"line":18,"column":11},"end":{"line":18,"column":null}},"6":{"start":{"line":19,"column":22},"end":{"line":19,"column":null}},"7":{"start":{"line":20,"column":17},"end":{"line":20,"column":null}},"8":{"start":{"line":21,"column":19},"end":{"line":21,"column":null}},"9":{"start":{"line":22,"column":20},"end":{"line":22,"column":null}},"10":{"start":{"line":23,"column":26},"end":{"line":23,"column":null}},"11":{"start":{"line":24,"column":14},"end":{"line":24,"column":null}},"12":{"start":{"line":26,"column":4},"end":{"line":40,"column":6}},"13":{"start":{"line":43,"column":0},"end":{"line":43,"column":27}}},"fnMap":{"0":{"name":"(anonymous_1)","decl":{"start":{"line":17,"column":46},"end":{"line":17,"column":47}},"loc":{"start":{"line":25,"column":1},"end":{"line":41,"column":1}}}},"branchMap":{},"s":{"0":1,"1":1,"2":1,"3":1,"4":1,"5":2,"6":2,"7":2,"8":2,"9":2,"10":2,"11":2,"12":2,"13":1},"f":{"0":2},"b":{}}
,"C:\\CRM.BAS\\CRM.BAS.FSI\\frontend\\core-components\\components\\atoms\\Divider\\Divider.tsx": {"path":"C:\\CRM.BAS\\CRM.BAS.FSI\\frontend\\core-components\\components\\atoms\\Divider\\Divider.tsx","statementMap":{"0":{"start":{"line":1,"column":0},"end":{"line":1,"column":79}},"1":{"start":{"line":2,"column":0},"end":{"line":2,"column":34}},"2":{"start":{"line":4,"column":0},"end":{"line":4,"column":47}},"3":{"start":{"line":6,"column":13},"end":{"line":10,"column":3}},"4":{"start":{"line":7,"column":26},"end":{"line":7,"column":61}},"5":{"start":{"line":9,"column":4},"end":{"line":9,"column":62}},"6":{"start":{"line":12,"column":0},"end":{"line":12,"column":23}}},"fnMap":{"0":{"name":"(anonymous_3)","decl":{"start":{"line":6,"column":53},"end":{"line":6,"column":58}},"loc":{"start":{"line":6,"column":58},"end":{"line":10,"column":1}}}},"branchMap":{},"s":{"0":12,"1":12,"2":12,"3":12,"4":99,"5":99,"6":12},"f":{"0":99},"b":{}}
,"C:\\CRM.BAS\\CRM.BAS.FSI\\frontend\\core-components\\components\\atoms\\Dropdown\\Dropdown.tsx": {"path":"C:\\CRM.BAS\\CRM.BAS.FSI\\frontend\\core-components\\components\\atoms\\Dropdown\\Dropdown.tsx","statementMap":{"0":{"start":{"line":1,"column":0},"end":{"line":1,"column":91}},"1":{"start":{"line":2,"column":0},"end":{"line":2,"column":62}},"2":{"start":{"line":3,"column":0},"end":{"line":3,"column":47}},"3":{"start":{"line":4,"column":0},"end":{"line":4,"column":81}},"4":{"start":{"line":6,"column":0},"end":{"line":6,"column":110}},"5":{"start":{"line":8,"column":44},"end":{"line":31,"column":1}},"6":{"start":{"line":9,"column":66},"end":{"line":9,"column":72}},"7":{"start":{"line":11,"column":36},"end":{"line":13,"column":null}},"8":{"start":{"line":12,"column":88},"end":{"line":12,"column":null}},"9":{"start":{"line":16,"column":28},"end":{"line":21,"column":6}},"10":{"start":{"line":23,"column":4},"end":{"line":30,"column":6}},"11":{"start":{"line":8,"column":13},"end":{"line":8,"column":44}},"12":{"start":{"line":33,"column":0},"end":{"line":33,"column":24}}},"fnMap":{"0":{"name":"(anonymous_8)","decl":{"start":{"line":8,"column":44},"end":{"line":8,"column":49}},"loc":{"start":{"line":8,"column":49},"end":{"line":31,"column":1}}},"1":{"name":"(anonymous_9)","decl":{"start":{"line":12,"column":8},"end":{"line":12,"column":9}},"loc":{"start":{"line":12,"column":83},"end":{"line":12,"column":92}}}},"branchMap":{"0":{"loc":{"start":{"line":12,"column":88},"end":{"line":12,"column":113}},"type":"binary-expr","locations":[{"start":{"line":12,"column":88},"end":{"line":12,"column":92}},{"start":{"line":12,"column":96},"end":{"line":12,"column":113}}]},"1":{"loc":{"start":{"line":20,"column":25},"end":{"line":20,"column":69}},"type":"cond-expr","locations":[{"start":{"line":20,"column":38},"end":{"line":20,"column":57}},{"start":{"line":20,"column":60},"end":{"line":20,"column":69}}]}},"s":{"0":2,"1":2,"2":2,"3":2,"4":2,"5":2,"6":24,"7":8,"8":3,"9":8,"10":8,"11":2,"12":2},"f":{"0":8,"1":3},"b":{"0":[3,3],"1":[1,7]}}
,"C:\\CRM.BAS\\CRM.BAS.FSI\\frontend\\core-components\\components\\atoms\\EmptyState\\EmptyState.tsx": {"path":"C:\\CRM.BAS\\CRM.BAS.FSI\\frontend\\core-components\\components\\atoms\\EmptyState\\EmptyState.tsx","statementMap":{"0":{"start":{"line":1,"column":0},"end":{"line":1,"column":34}},"1":{"start":{"line":2,"column":0},"end":{"line":2,"column":61}},"2":{"start":{"line":3,"column":0},"end":{"line":3,"column":50}},"3":{"start":{"line":4,"column":0},"end":{"line":4,"column":59}},"4":{"start":{"line":5,"column":0},"end":{"line":5,"column":84}},"5":{"start":{"line":7,"column":0},"end":{"line":7,"column":71}},"6":{"start":{"line":9,"column":48},"end":{"line":54,"column":1}},"7":{"start":{"line":10,"column":94},"end":{"line":10,"column":100}},"8":{"start":{"line":11,"column":22},"end":{"line":11,"column":38}},"9":{"start":{"line":13,"column":19},"end":{"line":13,"column":39}},"10":{"start":{"line":15,"column":4},"end":{"line":53,"column":6}},"11":{"start":{"line":39,"column":56},"end":{"line":48,"column":22}},"12":{"start":{"line":9,"column":13},"end":{"line":9,"column":48}},"13":{"start":{"line":56,"column":0},"end":{"line":56,"column":26}}},"fnMap":{"0":{"name":"(anonymous_1)","decl":{"start":{"line":9,"column":48},"end":{"line":9,"column":53}},"loc":{"start":{"line":9,"column":53},"end":{"line":54,"column":1}}},"1":{"name":"(anonymous_2)","decl":{"start":{"line":39,"column":39},"end":{"line":39,"column":40}},"loc":{"start":{"line":39,"column":51},"end":{"line":39,"column":null}}}},"branchMap":{"0":{"loc":{"start":{"line":20,"column":25},"end":{"line":20,"column":69}},"type":"cond-expr","locations":[{"start":{"line":20,"column":40},"end":{"line":20,"column":53}},{"start":{"line":20,"column":56},"end":{"line":20,"column":69}}]},"1":{"loc":{"start":{"line":22,"column":23},"end":{"line":22,"column":61}},"type":"cond-expr","locations":[{"start":{"line":22,"column":38},"end":{"line":22,"column":47}},{"start":{"line":22,"column":50},"end":{"line":22,"column":61}}]},"2":{"loc":{"start":{"line":23,"column":25},"end":{"line":23,"column":58}},"type":"cond-expr","locations":[{"start":{"line":23,"column":40},"end":{"line":23,"column":49}},{"start":{"line":23,"column":52},"end":{"line":23,"column":58}}]},"3":{"loc":{"start":{"line":24,"column":24},"end":{"line":24,"column":84}},"type":"cond-expr","locations":[{"start":{"line":24,"column":39},"end":{"line":24,"column":57}},{"start":{"line":24,"column":60},"end":{"line":24,"column":84}}]},"4":{"loc":{"start":{"line":26,"column":13},"end":{"line":29,"column":null}},"type":"binary-expr","locations":[{"start":{"line":26,"column":13},"end":{"line":26,"column":17}},{"start":{"line":27,"column":16},"end":{"line":28,"column":null}}]},"5":{"loc":{"start":{"line":32,"column":13},"end":{"line":35,"column":null}},"type":"binary-expr","locations":[{"start":{"line":32,"column":13},"end":{"line":32,"column":21}},{"start":{"line":33,"column":16},"end":{"line":34,"column":null}}]},"6":{"loc":{"start":{"line":37,"column":13},"end":{"line":49,"column":null}},"type":"binary-expr","locations":[{"start":{"line":37,"column":13},"end":{"line":37,"column":26}},{"start":{"line":38,"column":16},"end":{"line":48,"column":null}}]}},"s":{"0":52,"1":52,"2":52,"3":52,"4":52,"5":52,"6":52,"7":252,"8":36,"9":36,"10":36,"11":4,"12":52,"13":52},"f":{"0":36,"1":4},"b":{"0":[11,25],"1":[11,25],"2":[11,25],"3":[11,25],"4":[36,15],"5":[36,25],"6":[36,4]}}
,"C:\\CRM.BAS\\CRM.BAS.FSI\\frontend\\core-components\\components\\atoms\\ExplainabilityBox\\ExplainabilityBox.tsx": {"path":"C:\\CRM.BAS\\CRM.BAS.FSI\\frontend\\core-components\\components\\atoms\\ExplainabilityBox\\ExplainabilityBox.tsx","statementMap":{"0":{"start":{"line":1,"column":0},"end":{"line":1,"column":34}},"1":{"start":{"line":2,"column":0},"end":{"line":2,"column":63}},"2":{"start":{"line":4,"column":0},"end":{"line":4,"column":142}},"3":{"start":{"line":5,"column":0},"end":{"line":5,"column":59}},"4":{"start":{"line":7,"column":62},"end":{"line":24,"column":1}},"5":{"start":{"line":8,"column":77},"end":{"line":8,"column":83}},"6":{"start":{"line":10,"column":4},"end":{"line":23,"column":6}},"7":{"start":{"line":7,"column":13},"end":{"line":7,"column":62}},"8":{"start":{"line":26,"column":0},"end":{"line":26,"column":33}}},"fnMap":{"0":{"name":"(anonymous_1)","decl":{"start":{"line":7,"column":62},"end":{"line":7,"column":67}},"loc":{"start":{"line":7,"column":67},"end":{"line":24,"column":1}}}},"branchMap":{"0":{"loc":{"start":{"line":13,"column":30},"end":{"line":13,"column":61}},"type":"binary-expr","locations":[{"start":{"line":13,"column":30},"end":{"line":13,"column":40}},{"start":{"line":13,"column":44},"end":{"line":13,"column":61}}]},"1":{"loc":{"start":{"line":17,"column":13},"end":{"line":20,"column":null}},"type":"binary-expr","locations":[{"start":{"line":17,"column":13},"end":{"line":17,"column":31}},{"start":{"line":18,"column":16},"end":{"line":19,"column":null}}]}},"s":{"0":4,"1":4,"2":4,"3":4,"4":4,"5":55,"6":11,"7":4,"8":4},"f":{"0":11},"b":{"0":[11,10],"1":[11,8]}}
,"C:\\CRM.BAS\\CRM.BAS.FSI\\frontend\\core-components\\components\\atoms\\Facepile\\Facepile.styles.ts": {"path":"C:\\CRM.BAS\\CRM.BAS.FSI\\frontend\\core-components\\components\\atoms\\Facepile\\Facepile.styles.ts","statementMap":{"0":{"start":{"line":1,"column":13},"end":{"line":1,"column":57}},"1":{"start":{"line":3,"column":13},"end":{"line":12,"column":2}},"2":{"start":{"line":14,"column":13},"end":{"line":14,"column":58}}},"fnMap":{},"branchMap":{},"s":{"0":5,"1":5,"2":5},"f":{},"b":{}}
,"C:\\CRM.BAS\\CRM.BAS.FSI\\frontend\\core-components\\components\\atoms\\Facepile\\Facepile.tsx": {"path":"C:\\CRM.BAS\\CRM.BAS.FSI\\frontend\\core-components\\components\\atoms\\Facepile\\Facepile.tsx","statementMap":{"0":{"start":{"line":3,"column":0},"end":{"line":3,"column":101}},"1":{"start":{"line":4,"column":0},"end":{"line":4,"column":94}},"2":{"start":{"line":5,"column":0},"end":{"line":5,"column":108}},"3":{"start":{"line":6,"column":0},"end":{"line":6,"column":69}},"4":{"start":{"line":7,"column":0},"end":{"line":7,"column":89}},"5":{"start":{"line":9,"column":0},"end":{"line":9,"column":78}},"6":{"start":{"line":10,"column":0},"end":{"line":10,"column":67}},"7":{"start":{"line":11,"column":0},"end":{"line":11,"column":43}},"8":{"start":{"line":12,"column":0},"end":{"line":12,"column":58}},"9":{"start":{"line":13,"column":0},"end":{"line":13,"column":82}},"10":{"start":{"line":15,"column":20},"end":{"line":15,"column":22}},"11":{"start":{"line":17,"column":22},"end":{"line":17,"column":37}},"12":{"start":{"line":24,"column":22},"end":{"line":24,"column":null}},"13":{"start":{"line":24,"column":40},"end":{"line":33,"column":2}},"14":{"start":{"line":36,"column":4},"end":{"line":37,"column":null}},"15":{"start":{"line":36,"column":15},"end":{"line":36,"column":17}},"16":{"start":{"line":36,"column":39},"end":{"line":36,"column":41}},"17":{"start":{"line":37,"column":4},"end":{"line":38,"column":129}},"18":{"start":{"line":38,"column":8},"end":{"line":38,"column":129}},"19":{"start":{"line":41,"column":4},"end":{"line":42,"column":17}},"20":{"start":{"line":41,"column":15},"end":{"line":41,"column":17}},"21":{"start":{"line":41,"column":39},"end":{"line":41,"column":41}},"22":{"start":{"line":41,"column":57},"end":{"line":41,"column":59}},"23":{"start":{"line":42,"column":4},"end":{"line":61,"column":6}},"24":{"start":{"line":43,"column":48},"end":{"line":50,"column":10}},"25":{"start":{"line":52,"column":8},"end":{"line":54,"column":null}},"26":{"start":{"line":53,"column":12},"end":{"line":53,"column":42}},"27":{"start":{"line":56,"column":8},"end":{"line":60,"column":10}},"28":{"start":{"line":63,"column":38},"end":{"line":97,"column":1}},"29":{"start":{"line":63,"column":49},"end":{"line":63,"column":51}},"30":{"start":{"line":63,"column":73},"end":{"line":63,"column":75}},"31":{"start":{"line":63,"column":91},"end":{"line":63,"column":93}},"32":{"start":{"line":63,"column":101},"end":{"line":63,"column":106}},"33":{"start":{"line":63,"column":111},"end":{"line":63,"column":null}},"34":{"start":{"line":64,"column":25},"end":{"line":64,"column":56}},"35":{"start":{"line":66,"column":27},"end":{"line":66,"column":121}},"36":{"start":{"line":66,"column":17},"end":{"line":66,"column":19}},"37":{"start":{"line":66,"column":22},"end":{"line":66,"column":27}},"38":{"start":{"line":69,"column":8},"end":{"line":69,"column":119}},"39":{"start":{"line":71,"column":46},"end":{"line":75,"column":null}},"40":{"start":{"line":72,"column":14},"end":{"line":74,"column":null}},"41":{"start":{"line":79,"column":8},"end":{"line":84,"column":null}},"42":{"start":{"line":88,"column":4},"end":{"line":94,"column":null}},"43":{"start":{"line":89,"column":8},"end":{"line":93,"column":10}},"44":{"start":{"line":96,"column":4},"end":{"line":96,"column":20}},"45":{"start":{"line":99,"column":0},"end":{"line":99,"column":24}}},"fnMap":{"0":{"name":"(anonymous_9)","decl":{"start":{"line":24,"column":22},"end":{"line":24,"column":23}},"loc":{"start":{"line":24,"column":35},"end":{"line":24,"column":null}}},"1":{"name":"(anonymous_10)","decl":{"start":{"line":36,"column":4},"end":{"line":36,"column":5}},"loc":{"start":{"line":36,"column":41},"end":{"line":37,"column":null}}},"2":{"name":"(anonymous_11)","decl":{"start":{"line":37,"column":4},"end":{"line":37,"column":null}},"loc":{"start":{"line":37,"column":4},"end":{"line":38,"column":9}}},"3":{"name":"(anonymous_12)","decl":{"start":{"line":41,"column":4},"end":{"line":41,"column":5}},"loc":{"start":{"line":41,"column":59},"end":{"line":42,"column":17}}},"4":{"name":"(anonymous_13)","decl":{"start":{"line":42,"column":4},"end":{"line":42,"column":17}},"loc":{"start":{"line":42,"column":17},"end":{"line":61,"column":5}}},"5":{"name":"(anonymous_14)","decl":{"start":{"line":63,"column":38},"end":{"line":63,"column":39}},"loc":{"start":{"line":63,"column":113},"end":{"line":97,"column":1}}},"6":{"name":"(anonymous_15)","decl":{"start":{"line":72,"column":8},"end":{"line":72,"column":14}},"loc":{"start":{"line":72,"column":8},"end":{"line":72,"column":15}}}},"branchMap":{"0":{"loc":{"start":{"line":52,"column":8},"end":{"line":54,"column":null}},"type":"if","locations":[{"start":{"line":52,"column":8},"end":{"line":54,"column":null}}]},"1":{"loc":{"start":{"line":64,"column":25},"end":{"line":64,"column":56}},"type":"binary-expr","locations":[{"start":{"line":64,"column":25},"end":{"line":64,"column":44}},{"start":{"line":64,"column":48},"end":{"line":64,"column":56}}]},"2":{"loc":{"start":{"line":69,"column":8},"end":{"line":69,"column":119}},"type":"cond-expr","locations":[{"start":{"line":69,"column":32},"end":{"line":69,"column":94}},{"start":{"line":69,"column":97},"end":{"line":69,"column":119}}]},"3":{"loc":{"start":{"line":69,"column":8},"end":{"line":69,"column":29}},"type":"binary-expr","locations":[{"start":{"line":69,"column":8},"end":{"line":69,"column":20}},{"start":{"line":69,"column":24},"end":{"line":69,"column":29}}]},"4":{"loc":{"start":{"line":88,"column":4},"end":{"line":94,"column":null}},"type":"if","locations":[{"start":{"line":88,"column":4},"end":{"line":94,"column":null}}]}},"s":{"0":5,"1":5,"2":5,"3":5,"4":5,"5":5,"6":5,"7":5,"8":5,"9":5,"10":5,"11":5,"12":5,"13":0,"14":5,"15":2,"16":2,"17":2,"18":0,"19":5,"20":5,"21":5,"22":5,"23":5,"24":2,"25":2,"26":1,"27":1,"28":5,"29":7,"30":7,"31":7,"32":7,"33":7,"34":7,"35":7,"36":7,"37":7,"38":7,"39":7,"40":5,"41":7,"42":7,"43":3,"44":4,"45":5},"f":{"0":0,"1":2,"2":0,"3":5,"4":2,"5":7,"6":5},"b":{"0":[1],"1":[7,5],"2":[0,7],"3":[7,3],"4":[3]}}
,"C:\\CRM.BAS\\CRM.BAS.FSI\\frontend\\core-components\\components\\atoms\\Facepile\\index.tsx": {"path":"C:\\CRM.BAS\\CRM.BAS.FSI\\frontend\\core-components\\components\\atoms\\Facepile\\index.tsx","statementMap":{"0":{"start":{"line":1,"column":0},"end":{"line":1,"column":34}},"1":{"start":{"line":3,"column":0},"end":{"line":3,"column":24}}},"fnMap":{},"branchMap":{},"s":{"0":4,"1":4},"f":{},"b":{}}
,"C:\\CRM.BAS\\CRM.BAS.FSI\\frontend\\core-components\\components\\atoms\\FileUploadField\\FileUploadField.tsx": {"path":"C:\\CRM.BAS\\CRM.BAS.FSI\\frontend\\core-components\\components\\atoms\\FileUploadField\\FileUploadField.tsx","statementMap":{"0":{"start":{"line":1,"column":0},"end":{"line":1,"column":55}},"1":{"start":{"line":2,"column":0},"end":{"line":2,"column":95}},"2":{"start":{"line":3,"column":0},"end":{"line":3,"column":57}},"3":{"start":{"line":5,"column":0},"end":{"line":5,"column":48}},"4":{"start":{"line":7,"column":58},"end":{"line":82,"column":1}},"5":{"start":{"line":8,"column":6},"end":{"line":8,"column":null}},"6":{"start":{"line":9,"column":12},"end":{"line":9,"column":null}},"7":{"start":{"line":10,"column":12},"end":{"line":10,"column":null}},"8":{"start":{"line":11,"column":13},"end":{"line":11,"column":null}},"9":{"start":{"line":12,"column":12},"end":{"line":12,"column":null}},"10":{"start":{"line":13,"column":10},"end":{"line":13,"column":null}},"11":{"start":{"line":14,"column":13},"end":{"line":14,"column":null}},"12":{"start":{"line":15,"column":24},"end":{"line":15,"column":null}},"13":{"start":{"line":16,"column":24},"end":{"line":16,"column":null}},"14":{"start":{"line":17,"column":11},"end":{"line":17,"column":null}},"15":{"start":{"line":19,"column":22},"end":{"line":19,"column":52}},"16":{"start":{"line":21,"column":25},"end":{"line":30,"column":null}},"17":{"start":{"line":22,"column":57},"end":{"line":29,"column":null}},"18":{"start":{"line":23,"column":12},"end":{"line":23,"column":35}},"19":{"start":{"line":24,"column":18},"end":{"line":24,"column":49}},"20":{"start":{"line":25,"column":12},"end":{"line":28,"column":null}},"21":{"start":{"line":26,"column":16},"end":{"line":26,"column":31}},"22":{"start":{"line":27,"column":16},"end":{"line":27,"column":40}},"23":{"start":{"line":33,"column":24},"end":{"line":38,"column":5}},"24":{"start":{"line":34,"column":8},"end":{"line":36,"column":null}},"25":{"start":{"line":35,"column":12},"end":{"line":35,"column":36}},"26":{"start":{"line":37,"column":8},"end":{"line":37,"column":36}},"27":{"start":{"line":40,"column":27},"end":{"line":40,"column":48}},"28":{"start":{"line":42,"column":4},"end":{"line":81,"column":6}},"29":{"start":{"line":71,"column":86},"end":{"line":71,"column":103}},"30":{"start":{"line":77,"column":34},"end":{"line":77,"column":null}},"31":{"start":{"line":7,"column":13},"end":{"line":7,"column":58}},"32":{"start":{"line":84,"column":0},"end":{"line":84,"column":31}}},"fnMap":{"0":{"name":"(anonymous_19)","decl":{"start":{"line":7,"column":58},"end":{"line":7,"column":59}},"loc":{"start":{"line":18,"column":1},"end":{"line":82,"column":1}}},"1":{"name":"(anonymous_20)","decl":{"start":{"line":22,"column":8},"end":{"line":22,"column":15}},"loc":{"start":{"line":22,"column":57},"end":{"line":29,"column":null}}},"2":{"name":"(anonymous_21)","decl":{"start":{"line":22,"column":57},"end":{"line":22,"column":null}},"loc":{"start":{"line":22,"column":57},"end":{"line":29,"column":null}}},"3":{"name":"(anonymous_23)","decl":{"start":{"line":33,"column":24},"end":{"line":33,"column":25}},"loc":{"start":{"line":33,"column":79},"end":{"line":38,"column":5}}},"4":{"name":"(anonymous_24)","decl":{"start":{"line":71,"column":73},"end":{"line":71,"column":82}},"loc":{"start":{"line":71,"column":82},"end":{"line":71,"column":90}}},"5":{"name":"(anonymous_25)","decl":{"start":{"line":77,"column":25},"end":{"line":77,"column":30}},"loc":{"start":{"line":77,"column":30},"end":{"line":77,"column":54}}}},"branchMap":{"0":{"loc":{"start":{"line":24,"column":25},"end":{"line":24,"column":48}},"type":"cond-expr","locations":[{"start":{"line":24,"column":43},"end":{"line":24,"column":46}},{"start":{"line":24,"column":43},"end":{"line":24,"column":48}}]},"1":{"loc":{"start":{"line":24,"column":25},"end":{"line":24,"column":46}},"type":"binary-expr","locations":[{"start":{"line":24,"column":25},"end":{"line":24,"column":46}},{"start":{"line":24,"column":43},"end":{"line":24,"column":46}}]},"2":{"loc":{"start":{"line":25,"column":12},"end":{"line":28,"column":null}},"type":"if","locations":[{"start":{"line":25,"column":12},"end":{"line":28,"column":null}}]},"3":{"loc":{"start":{"line":34,"column":8},"end":{"line":36,"column":null}},"type":"if","locations":[{"start":{"line":34,"column":8},"end":{"line":36,"column":null}}]},"4":{"loc":{"start":{"line":37,"column":8},"end":{"line":37,"column":35}},"type":"cond-expr","locations":[{"start":{"line":37,"column":26},"end":{"line":37,"column":28}},{"start":{"line":37,"column":26},"end":{"line":37,"column":35}}]},"5":{"loc":{"start":{"line":37,"column":8},"end":{"line":37,"column":28}},"type":"binary-expr","locations":[{"start":{"line":37,"column":8},"end":{"line":37,"column":28}},{"start":{"line":37,"column":26},"end":{"line":37,"column":28}}]},"6":{"loc":{"start":{"line":37,"column":8},"end":{"line":37,"column":26}},"type":"cond-expr","locations":[{"start":{"line":37,"column":17},"end":{"line":37,"column":19}},{"start":{"line":37,"column":8},"end":{"line":37,"column":26}}]},"7":{"loc":{"start":{"line":37,"column":8},"end":{"line":37,"column":19}},"type":"binary-expr","locations":[{"start":{"line":37,"column":8},"end":{"line":37,"column":19}},{"start":{"line":37,"column":8},"end":{"line":37,"column":19}}]},"8":{"loc":{"start":{"line":44,"column":13},"end":{"line":67,"column":null}},"type":"cond-expr","locations":[{"start":{"line":45,"column":16},"end":{"line":54,"column":null}},{"start":{"line":57,"column":16},"end":{"line":66,"column":null}}]},"9":{"loc":{"start":{"line":49,"column":31},"end":{"line":49,"column":46}},"type":"binary-expr","locations":[{"start":{"line":49,"column":31},"end":{"line":49,"column":40}},{"start":{"line":49,"column":44},"end":{"line":49,"column":46}}]},"10":{"loc":{"start":{"line":61,"column":31},"end":{"line":61,"column":46}},"type":"binary-expr","locations":[{"start":{"line":61,"column":31},"end":{"line":61,"column":40}},{"start":{"line":61,"column":44},"end":{"line":61,"column":46}}]},"11":{"loc":{"start":{"line":71,"column":24},"end":{"line":71,"column":118}},"type":"cond-expr","locations":[{"start":{"line":71,"column":47},"end":{"line":71,"column":112}},{"start":{"line":71,"column":115},"end":{"line":71,"column":118}}]},"12":{"loc":{"start":{"line":71,"column":47},"end":{"line":71,"column":112}},"type":"cond-expr","locations":[{"start":{"line":71,"column":67},"end":{"line":71,"column":69}},{"start":{"line":71,"column":47},"end":{"line":71,"column":112}}]},"13":{"loc":{"start":{"line":71,"column":47},"end":{"line":71,"column":69}},"type":"binary-expr","locations":[{"start":{"line":71,"column":47},"end":{"line":71,"column":69}},{"start":{"line":71,"column":47},"end":{"line":71,"column":69}}]},"14":{"loc":{"start":{"line":77,"column":34},"end":{"line":77,"column":81}},"type":"binary-expr","locations":[{"start":{"line":77,"column":34},"end":{"line":77,"column":54}},{"start":{"line":77,"column":58},"end":{"line":77,"column":81}}]}},"s":{"0":2,"1":2,"2":2,"3":2,"4":2,"5":14,"6":14,"7":14,"8":14,"9":14,"10":14,"11":14,"12":14,"13":14,"14":14,"15":14,"16":14,"17":5,"18":5,"19":5,"20":5,"21":4,"22":4,"23":14,"24":3,"25":1,"26":3,"27":14,"28":14,"29":17,"30":3,"31":2,"32":2},"f":{"0":14,"1":5,"2":5,"3":3,"4":17,"5":3},"b":{"0":[1,4],"1":[5,4],"2":[4],"3":[1],"4":[0,3],"5":[3,3],"6":[0,3],"7":[3,3],"8":[1,13],"9":[1,0],"10":[13,10],"11":[5,9],"12":[0,5],"13":[5,5],"14":[3,1]}}
,"C:\\CRM.BAS\\CRM.BAS.FSI\\frontend\\core-components\\components\\atoms\\HighlightMessageBar\\HighlightMessageBar.tsx": {"path":"C:\\CRM.BAS\\CRM.BAS.FSI\\frontend\\core-components\\components\\atoms\\HighlightMessageBar\\HighlightMessageBar.tsx","statementMap":{"0":{"start":{"line":1,"column":0},"end":{"line":1,"column":64}},"1":{"start":{"line":2,"column":0},"end":{"line":2,"column":82}},"2":{"start":{"line":3,"column":0},"end":{"line":3,"column":48}},"3":{"start":{"line":4,"column":0},"end":{"line":4,"column":46}},"4":{"start":{"line":5,"column":0},"end":{"line":5,"column":83}},"5":{"start":{"line":7,"column":0},"end":{"line":7,"column":90}},"6":{"start":{"line":9,"column":59},"end":{"line":18,"column":2}},"7":{"start":{"line":9,"column":73},"end":{"line":9,"column":79}},"8":{"start":{"line":9,"column":79},"end":{"line":9,"column":100}},"9":{"start":{"line":9,"column":109},"end":{"line":9,"column":114}},"10":{"start":{"line":9,"column":119},"end":{"line":9,"column":123}},"11":{"start":{"line":10,"column":44},"end":{"line":10,"column":59}},"12":{"start":{"line":10,"column":26},"end":{"line":10,"column":31}},"13":{"start":{"line":10,"column":39},"end":{"line":10,"column":44}},"14":{"start":{"line":11,"column":22},"end":{"line":11,"column":55}},"15":{"start":{"line":12,"column":4},"end":{"line":17,"column":6}},"16":{"start":{"line":20,"column":0},"end":{"line":20,"column":35}}},"fnMap":{"0":{"name":"(anonymous_9)","decl":{"start":{"line":9,"column":70},"end":{"line":9,"column":71}},"loc":{"start":{"line":9,"column":126},"end":{"line":18,"column":1}}}},"branchMap":{"0":{"loc":{"start":{"line":9,"column":79},"end":{"line":9,"column":100}},"type":"cond-expr","locations":[{"start":{"line":9,"column":82},"end":{"line":9,"column":98}},{"start":{"line":9,"column":98},"end":{"line":9,"column":100}}]},"1":{"loc":{"start":{"line":10,"column":44},"end":{"line":10,"column":59}},"type":"binary-expr","locations":[{"start":{"line":10,"column":44},"end":{"line":10,"column":53}},{"start":{"line":10,"column":57},"end":{"line":10,"column":59}}]},"2":{"loc":{"start":{"line":15,"column":13},"end":{"line":15,"column":62}},"type":"binary-expr","locations":[{"start":{"line":15,"column":13},"end":{"line":15,"column":21}},{"start":{"line":15,"column":25},"end":{"line":15,"column":62}}]}},"s":{"0":1,"1":1,"2":1,"3":1,"4":1,"5":1,"6":1,"7":4,"8":4,"9":4,"10":4,"11":4,"12":4,"13":4,"14":4,"15":4,"16":1},"f":{"0":4},"b":{"0":[3,1],"1":[4,4],"2":[4,0]}}
,"C:\\CRM.BAS\\CRM.BAS.FSI\\frontend\\core-components\\components\\atoms\\Indicator\\Indicator.tsx": {"path":"C:\\CRM.BAS\\CRM.BAS.FSI\\frontend\\core-components\\components\\atoms\\Indicator\\Indicator.tsx","statementMap":{"0":{"start":{"line":1,"column":0},"end":{"line":1,"column":81}},"1":{"start":{"line":2,"column":0},"end":{"line":2,"column":43}},"2":{"start":{"line":4,"column":0},"end":{"line":4,"column":73}},"3":{"start":{"line":5,"column":0},"end":{"line":5,"column":46}},"4":{"start":{"line":6,"column":0},"end":{"line":6,"column":89}},"5":{"start":{"line":7,"column":0},"end":{"line":7,"column":51}},"6":{"start":{"line":8,"column":0},"end":{"line":8,"column":61}},"7":{"start":{"line":10,"column":21},"end":{"line":10,"column":36}},"8":{"start":{"line":11,"column":46},"end":{"line":41,"column":1}},"9":{"start":{"line":12,"column":101},"end":{"line":12,"column":107}},"10":{"start":{"line":12,"column":30},"end":{"line":12,"column":37}},"11":{"start":{"line":12,"column":42},"end":{"line":12,"column":59}},"12":{"start":{"line":14,"column":28},"end":{"line":16,"column":35}},"13":{"start":{"line":15,"column":8},"end":{"line":15,"column":77}},"14":{"start":{"line":18,"column":15},"end":{"line":18,"column":41}},"15":{"start":{"line":20,"column":4},"end":{"line":40,"column":6}},"16":{"start":{"line":37,"column":30},"end":{"line":37,"column":null}},"17":{"start":{"line":11,"column":13},"end":{"line":11,"column":46}},"18":{"start":{"line":43,"column":0},"end":{"line":43,"column":25}}},"fnMap":{"0":{"name":"(anonymous_8)","decl":{"start":{"line":11,"column":46},"end":{"line":11,"column":51}},"loc":{"start":{"line":11,"column":51},"end":{"line":41,"column":1}}},"1":{"name":"(anonymous_9)","decl":{"start":{"line":14,"column":36},"end":{"line":14,"column":null}},"loc":{"start":{"line":14,"column":36},"end":{"line":16,"column":5}}},"2":{"name":"(anonymous_10)","decl":{"start":{"line":37,"column":25},"end":{"line":37,"column":26}},"loc":{"start":{"line":37,"column":26},"end":{"line":37,"column":31}}}},"branchMap":{"0":{"loc":{"start":{"line":12,"column":30},"end":{"line":12,"column":37}},"type":"cond-expr","locations":[{"start":{"line":12,"column":33},"end":{"line":12,"column":35}},{"start":{"line":12,"column":35},"end":{"line":12,"column":37}}]},"1":{"loc":{"start":{"line":12,"column":42},"end":{"line":12,"column":59}},"type":"cond-expr","locations":[{"start":{"line":12,"column":45},"end":{"line":12,"column":57}},{"start":{"line":12,"column":57},"end":{"line":12,"column":59}}]},"2":{"loc":{"start":{"line":26,"column":53},"end":{"line":26,"column":73}},"type":"cond-expr","locations":[{"start":{"line":26,"column":65},"end":{"line":26,"column":67}},{"start":{"line":26,"column":53},"end":{"line":26,"column":73}}]},"3":{"loc":{"start":{"line":26,"column":53},"end":{"line":26,"column":67}},"type":"binary-expr","locations":[{"start":{"line":26,"column":53},"end":{"line":26,"column":67}},{"start":{"line":26,"column":53},"end":{"line":26,"column":67}}]}},"s":{"0":6,"1":6,"2":6,"3":6,"4":6,"5":6,"6":6,"7":6,"8":6,"9":84,"10":14,"11":14,"12":14,"13":14,"14":14,"15":14,"16":0,"17":6,"18":6},"f":{"0":14,"1":14,"2":0},"b":{"0":[3,11],"1":[3,11],"2":[3,11],"3":[14,14]}}
,"C:\\CRM.BAS\\CRM.BAS.FSI\\frontend\\core-components\\components\\atoms\\InfoCallout\\InfoCallout.tsx": {"path":"C:\\CRM.BAS\\CRM.BAS.FSI\\frontend\\core-components\\components\\atoms\\InfoCallout\\InfoCallout.tsx","statementMap":{"0":{"start":{"line":1,"column":0},"end":{"line":1,"column":44}},"1":{"start":{"line":3,"column":0},"end":{"line":3,"column":85}},"2":{"start":{"line":4,"column":0},"end":{"line":4,"column":46}},"3":{"start":{"line":5,"column":0},"end":{"line":5,"column":89}},"4":{"start":{"line":6,"column":0},"end":{"line":6,"column":73}},"5":{"start":{"line":7,"column":0},"end":{"line":7,"column":73}},"6":{"start":{"line":9,"column":50},"end":{"line":42,"column":1}},"7":{"start":{"line":10,"column":100},"end":{"line":10,"column":106}},"8":{"start":{"line":10,"column":55},"end":{"line":10,"column":87}},"9":{"start":{"line":11,"column":50},"end":{"line":11,"column":65}},"10":{"start":{"line":11,"column":27},"end":{"line":11,"column":29}},"11":{"start":{"line":11,"column":46},"end":{"line":11,"column":50}},"12":{"start":{"line":13,"column":35},"end":{"line":13,"column":58}},"13":{"start":{"line":13,"column":41},"end":{"line":13,"column":78}},"14":{"start":{"line":14,"column":28},"end":{"line":14,"column":49}},"15":{"start":{"line":16,"column":4},"end":{"line":41,"column":6}},"16":{"start":{"line":9,"column":13},"end":{"line":9,"column":50}},"17":{"start":{"line":44,"column":0},"end":{"line":44,"column":27}}},"fnMap":{"0":{"name":"(anonymous_6)","decl":{"start":{"line":9,"column":50},"end":{"line":9,"column":55}},"loc":{"start":{"line":9,"column":55},"end":{"line":42,"column":1}}},"1":{"name":"(anonymous_7)","decl":{"start":{"line":13,"column":35},"end":{"line":13,"column":41}},"loc":{"start":{"line":13,"column":35},"end":{"line":13,"column":58}}}},"branchMap":{"0":{"loc":{"start":{"line":10,"column":55},"end":{"line":10,"column":87}},"type":"cond-expr","locations":[{"start":{"line":10,"column":58},"end":{"line":10,"column":85}},{"start":{"line":10,"column":85},"end":{"line":10,"column":87}}]},"1":{"loc":{"start":{"line":26,"column":13},"end":{"line":38,"column":null}},"type":"binary-expr","locations":[{"start":{"line":26,"column":13},"end":{"line":26,"column":29}},{"start":{"line":27,"column":16},"end":{"line":37,"column":null}}]}},"s":{"0":5,"1":5,"2":5,"3":5,"4":5,"5":5,"6":5,"7":48,"8":12,"9":12,"10":12,"11":12,"12":12,"13":3,"14":12,"15":12,"16":5,"17":5},"f":{"0":12,"1":3},"b":{"0":[4,8],"1":[12,3]}}
[...]
mn":8},"end":{"line":24,"column":68}},"14":{"start":{"line":24,"column":47},"end":{"line":24,"column":67}},"15":{"start":{"line":27,"column":4},"end":{"line":29,"column":null}},"16":{"start":{"line":28,"column":8},"end":{"line":28,"column":118}},"17":{"start":{"line":31,"column":4},"end":{"line":33,"column":null}},"18":{"start":{"line":32,"column":8},"end":{"line":32,"column":70}},"19":{"start":{"line":35,"column":4},"end":{"line":43,"column":6}},"20":{"start":{"line":37,"column":51},"end":{"line":41,"column":14}},"21":{"start":{"line":19,"column":13},"end":{"line":19,"column":53}}},"fnMap":{"0":{"name":"(anonymous_7)","decl":{"start":{"line":19,"column":53},"end":{"line":19,"column":58}},"loc":{"start":{"line":19,"column":58},"end":{"line":44,"column":1}}},"1":{"name":"(anonymous_8)","decl":{"start":{"line":23,"column":49},"end":{"line":23,"column":null}},"loc":{"start":{"line":23,"column":49},"end":{"line":25,"column":5}}},"2":{"name":"(anonymous_9)","decl":{"start":{"line":24,"column":36},"end":{"line":24,"column":43}},"loc":{"start":{"line":24,"column":43},"end":{"line":24,"column":54}}},"3":{"name":"(anonymous_10)","decl":{"start":{"line":37,"column":36},"end":{"line":37,"column":37}},"loc":{"start":{"line":37,"column":46},"end":{"line":37,"column":null}}}},"branchMap":{"0":{"loc":{"start":{"line":24,"column":16},"end":{"line":24,"column":30}},"type":"binary-expr","locations":[{"start":{"line":24,"column":16},"end":{"line":24,"column":24}},{"start":{"line":24,"column":28},"end":{"line":24,"column":30}}]},"1":{"loc":{"start":{"line":27,"column":4},"end":{"line":29,"column":null}},"type":"if","locations":[{"start":{"line":27,"column":4},"end":{"line":29,"column":null}}]},"2":{"loc":{"start":{"line":27,"column":8},"end":{"line":27,"column":41}},"type":"binary-expr","locations":[{"start":{"line":27,"column":8},"end":{"line":27,"column":28}},{"start":{"line":27,"column":32},"end":{"line":27,"column":41}}]},"3":{"loc":{"start":{"line":31,"column":4},"end":{"line":33,"column":null}},"type":"if","locations":[{"start":{"line":31,"column":4},"end":{"line":33,"column":null}}]}},"s":{"0":3,"1":3,"2":3,"3":3,"4":3,"5":3,"6":3,"7":3,"8":3,"9":3,"10":18,"11":9,"12":9,"13":9,"14":9,"15":9,"16":3,"17":6,"18":1,"19":5,"20":8,"21":3},"f":{"0":9,"1":9,"2":9,"3":8},"b":{"0":[9,2],"1":[3],"2":[9,7],"3":[1]}}
,"C:\\CRM.BAS\\CRM.BAS.FSI\\frontend\\core-components\\widgets\\keyObservations\\Segments\\SegmentsWrapper\\SegmentsWrapper.tsx": {"path":"C:\\CRM.BAS\\CRM.BAS.FSI\\frontend\\core-components\\widgets\\keyObservations\\Segments\\SegmentsWrapper\\SegmentsWrapper.tsx","statementMap":{"0":{"start":{"line":1,"column":0},"end":{"line":1,"column":63}},"1":{"start":{"line":2,"column":0},"end":{"line":2,"column":34}},"2":{"start":{"line":3,"column":0},"end":{"line":3,"column":35}},"3":{"start":{"line":4,"column":0},"end":{"line":4,"column":72}},"4":{"start":{"line":5,"column":0},"end":{"line":5,"column":84}},"5":{"start":{"line":6,"column":0},"end":{"line":6,"column":65}},"6":{"start":{"line":8,"column":0},"end":{"line":8,"column":76}},"7":{"start":{"line":9,"column":0},"end":{"line":9,"column":69}},"8":{"start":{"line":11,"column":51},"end":{"line":23,"column":1}},"9":{"start":{"line":12,"column":25},"end":{"line":12,"column":82}},"10":{"start":{"line":13,"column":55},"end":{"line":13,"column":128}},"11":{"start":{"line":13,"column":31},"end":{"line":13,"column":33}},"12":{"start":{"line":13,"column":50},"end":{"line":13,"column":55}},"13":{"start":{"line":14,"column":4},"end":{"line":16,"column":null}},"14":{"start":{"line":15,"column":8},"end":{"line":15,"column":20}},"15":{"start":{"line":18,"column":4},"end":{"line":22,"column":6}},"16":{"start":{"line":11,"column":13},"end":{"line":11,"column":51}},"17":{"start":{"line":25,"column":0},"end":{"line":25,"column":31}}},"fnMap":{"0":{"name":"(anonymous_3)","decl":{"start":{"line":11,"column":51},"end":{"line":11,"column":56}},"loc":{"start":{"line":11,"column":56},"end":{"line":23,"column":1}}}},"branchMap":{"0":{"loc":{"start":{"line":14,"column":4},"end":{"line":16,"column":null}},"type":"if","locations":[{"start":{"line":14,"column":4},"end":{"line":16,"column":null}}]},"1":{"loc":{"start":{"line":14,"column":8},"end":{"line":14,"column":66}},"type":"binary-expr","locations":[{"start":{"line":14,"column":8},"end":{"line":14,"column":25}},{"start":{"line":14,"column":29},"end":{"line":14,"column":42}},{"start":{"line":14,"column":46},"end":{"line":14,"column":66}}]}},"s":{"0":1,"1":1,"2":1,"3":1,"4":1,"5":1,"6":1,"7":1,"8":1,"9":9,"10":9,"11":9,"12":9,"13":9,"14":6,"15":3,"16":1,"17":1},"f":{"0":9},"b":{"0":[6],"1":[9,5,4]}}
,"C:\\CRM.BAS\\CRM.BAS.FSI\\frontend\\core-components\\widgets\\keyObservations\\hooks\\useCustomerIndicators.ts": {"path":"C:\\CRM.BAS\\CRM.BAS.FSI\\frontend\\core-components\\widgets\\keyObservations\\hooks\\useCustomerIndicators.ts","statementMap":{"0":{"start":{"line":1,"column":0},"end":{"line":1,"column":39}},"1":{"start":{"line":4,"column":29},"end":{"line":4,"column":35}},"2":{"start":{"line":4,"column":34},"end":{"line":4,"column":78}},"3":{"start":{"line":6,"column":30},"end":{"line":21,"column":1}},"4":{"start":{"line":13,"column":8},"end":{"line":13,"column":68}},"5":{"start":{"line":13,"column":37},"end":{"line":13,"column":68}},"6":{"start":{"line":8,"column":27},"end":{"line":8,"column":null}},"7":{"start":{"line":9,"column":41},"end":{"line":9,"column":null}},"8":{"start":{"line":10,"column":37},"end":{"line":10,"column":null}},"9":{"start":{"line":11,"column":41},"end":{"line":11,"column":null}},"10":{"start":{"line":12,"column":33},"end":{"line":12,"column":null}},"11":{"start":{"line":14,"column":22},"end":{"line":14,"column":98}},"12":{"start":{"line":16,"column":20},"end":{"line":16,"column":58}},"13":{"start":{"line":18,"column":26},"end":{"line":18,"column":90}},"14":{"start":{"line":20,"column":4},"end":{"line":20,"column":64}},"15":{"start":{"line":23,"column":0},"end":{"line":23,"column":37}}},"fnMap":{"0":{"name":"(anonymous_0)","decl":{"start":{"line":4,"column":29},"end":{"line":4,"column":30}},"loc":{"start":{"line":4,"column":30},"end":{"line":4,"column":35}}},"1":{"name":"(anonymous_1)","decl":{"start":{"line":6,"column":30},"end":{"line":6,"column":31}},"loc":{"start":{"line":6,"column":56},"end":{"line":21,"column":1}}},"2":{"name":"(anonymous_2)","decl":{"start":{"line":13,"column":31},"end":{"line":13,"column":37}},"loc":{"start":{"line":13,"column":31},"end":{"line":13,"column":42}}}},"branchMap":{"0":{"loc":{"start":{"line":4,"column":34},"end":{"line":4,"column":41}},"type":"cond-expr","locations":[{"start":{"line":4,"column":35},"end":{"line":4,"column":37}},{"start":{"line":4,"column":34},"end":{"line":4,"column":41}}]},"1":{"loc":{"start":{"line":4,"column":34},"end":{"line":4,"column":37}},"type":"binary-expr","locations":[{"start":{"line":4,"column":34},"end":{"line":4,"column":37}},{"start":{"line":4,"column":34},"end":{"line":4,"column":37}}]},"2":{"loc":{"start":{"line":14,"column":22},"end":{"line":14,"column":98}},"type":"binary-expr","locations":[{"start":{"line":14,"column":23},"end":{"line":14,"column":45}},{"start":{"line":14,"column":49},"end":{"line":14,"column":72}},{"start":{"line":14,"column":77},"end":{"line":14,"column":98}}]},"3":{"loc":{"start":{"line":16,"column":20},"end":{"line":16,"column":58}},"type":"binary-expr","locations":[{"start":{"line":16,"column":20},"end":{"line":16,"column":40}},{"start":{"line":16,"column":44},"end":{"line":16,"column":58}}]},"4":{"loc":{"start":{"line":18,"column":26},"end":{"line":18,"column":90}},"type":"binary-expr","locations":[{"start":{"line":18,"column":26},"end":{"line":18,"column":46}},{"start":{"line":18,"column":50},"end":{"line":18,"column":90}}]}},"s":{"0":2,"1":2,"2":1,"3":2,"4":4,"5":2,"6":4,"7":4,"8":4,"9":4,"10":4,"11":4,"12":4,"13":4,"14":4,"15":2},"f":{"0":1,"1":4,"2":2},"b":{"0":[0,1],"1":[1,1],"2":[4,2,2],"3":[4,3],"4":[4,1]}}
,"C:\\CRM.BAS\\CRM.BAS.FSI\\frontend\\core-components\\widgets\\keyObservations\\hooks\\useIsArtifactSupported.ts": {"path":"C:\\CRM.BAS\\CRM.BAS.FSI\\frontend\\core-components\\widgets\\keyObservations\\hooks\\useIsArtifactSupported.ts","statementMap":{"0":{"start":{"line":1,"column":0},"end":{"line":1,"column":39}},"1":{"start":{"line":5,"column":38},"end":{"line":31,"column":1}},"2":{"start":{"line":11,"column":52},"end":{"line":15,"column":6}},"3":{"start":{"line":11,"column":97},"end":{"line":11,"column":130}},"4":{"start":{"line":11,"column":16},"end":{"line":11,"column":18}},"5":{"start":{"line":11,"column":25},"end":{"line":11,"column":27}},"6":{"start":{"line":11,"column":36},"end":{"line":11,"column":38}},"7":{"start":{"line":11,"column":47},"end":{"line":11,"column":52}},"8":{"start":{"line":17,"column":30},"end":{"line":17,"column":66}},"9":{"start":{"line":19,"column":8},"end":{"line":24,"column":23}},"10":{"start":{"line":22,"column":22},"end":{"line":22,"column":null}},"11":{"start":{"line":26,"column":4},"end":{"line":30,"column":6}},"12":{"start":{"line":5,"column":13},"end":{"line":5,"column":38}}},"fnMap":{"0":{"name":"(anonymous_0)","decl":{"start":{"line":5,"column":38},"end":{"line":5,"column":null}},"loc":{"start":{"line":9,"column":47},"end":{"line":31,"column":1}}},"1":{"name":"(anonymous_1)","decl":{"start":{"line":11,"column":91},"end":{"line":11,"column":97}},"loc":{"start":{"line":11,"column":91},"end":{"line":11,"column":104}}},"2":{"name":"(anonymous_2)","decl":{"start":{"line":21,"column":18},"end":{"line":21,"column":26}},"loc":{"start":{"line":21,"column":26},"end":{"line":22,"column":30}}}},"branchMap":{"0":{"loc":{"start":{"line":17,"column":30},"end":{"line":17,"column":66}},"type":"binary-expr","locations":[{"start":{"line":17,"column":30},"end":{"line":17,"column":37}},{"start":{"line":17,"column":42},"end":{"line":17,"column":51}},{"start":{"line":17,"column":55},"end":{"line":17,"column":65}}]},"1":{"loc":{"start":{"line":19,"column":8},"end":{"line":24,"column":23}},"type":"cond-expr","locations":[{"start":{"line":20,"column":14},"end":{"line":22,"column":null}},{"start":{"line":24,"column":14},"end":{"line":24,"column":23}}]},"2":{"loc":{"start":{"line":19,"column":8},"end":{"line":19,"column":28}},"type":"binary-expr","locations":[{"start":{"line":19,"column":8},"end":{"line":19,"column":17}},{"start":{"line":19,"column":21},"end":{"line":19,"column":28}}]},"3":{"loc":{"start":{"line":20,"column":14},"end":{"line":22,"column":null}},"type":"cond-expr","locations":[{"start":{"line":20,"column":18},"end":{"line":20,"column":20}},{"start":{"line":20,"column":14},"end":{"line":22,"column":null}}]},"4":{"loc":{"start":{"line":20,"column":14},"end":{"line":20,"column":20}},"type":"binary-expr","locations":[{"start":{"line":20,"column":14},"end":{"line":20,"column":20}},{"start":{"line":20,"column":14},"end":{"line":20,"column":20}}]},"5":{"loc":{"start":{"line":22,"column":22},"end":{"line":22,"column":144}},"type":"binary-expr","locations":[{"start":{"line":22,"column":22},"end":{"line":22,"column":60}},{"start":{"line":22,"column":65},"end":{"line":22,"column":86}},{"start":{"line":22,"column":90},"end":{"line":22,"column":143}}]}},"s":{"0":7,"1":7,"2":91,"3":33,"4":91,"5":91,"6":91,"7":91,"8":91,"9":91,"10":53,"11":91,"12":7},"f":{"0":91,"1":33,"2":53},"b":{"0":[91,88,58],"1":[58,33],"2":[91,58],"3":[1,57],"4":[58,58],"5":[53,50,26]}}
,"C:\\CRM.BAS\\CRM.BAS.FSI\\frontend\\core-components\\widgets\\keyObservations\\hooks\\usePredictions.ts": {"path":"C:\\CRM.BAS\\CRM.BAS.FSI\\frontend\\core-components\\widgets\\keyObservations\\hooks\\usePredictions.ts","statementMap":{"0":{"start":{"line":1,"column":0},"end":{"line":1,"column":39}},"1":{"start":{"line":2,"column":0},"end":{"line":2,"column":88}},"2":{"start":{"line":3,"column":0},"end":{"line":3,"column":85}},"3":{"start":{"line":5,"column":0},"end":{"line":5,"column":66}},"4":{"start":{"line":7,"column":30},"end":{"line":32,"column":1}},"5":{"start":{"line":8,"column":77},"end":{"line":12,"column":null}},"6":{"start":{"line":8,"column":31},"end":{"line":8,"column":33}},"7":{"start":{"line":8,"column":53},"end":{"line":8,"column":55}},"8":{"start":{"line":8,"column":72},"end":{"line":8,"column":77}},"9":{"start":{"line":15,"column":52},"end":{"line":20,"column":null}},"10":{"start":{"line":17,"column":14},"end":{"line":17,"column":null}},"11":{"start":{"line":15,"column":16},"end":{"line":15,"column":18}},"12":{"start":{"line":15,"column":25},"end":{"line":15,"column":27}},"13":{"start":{"line":15,"column":36},"end":{"line":15,"column":38}},"14":{"start":{"line":15,"column":47},"end":{"line":15,"column":52}},"15":{"start":{"line":23,"column":23},"end":{"line":23,"column":106}},"16":{"start":{"line":24,"column":32},"end":{"line":24,"column":68}},"17":{"start":{"line":26,"column":4},"end":{"line":31,"column":6}},"18":{"start":{"line":7,"column":13},"end":{"line":7,"column":30}}},"fnMap":{"0":{"name":"(anonymous_0)","decl":{"start":{"line":7,"column":30},"end":{"line":7,"column":31}},"loc":{"start":{"line":7,"column":107},"end":{"line":32,"column":1}}},"1":{"name":"(anonymous_1)","decl":{"start":{"line":17,"column":8},"end":{"line":17,"column":14}},"loc":{"start":{"line":17,"column":8},"end":{"line":17,"column":21}}}},"branchMap":{"0":{"loc":{"start":{"line":17,"column":36},"end":{"line":17,"column":51}},"type":"binary-expr","locations":[{"start":{"line":17,"column":36},"end":{"line":17,"column":45}},{"start":{"line":17,"column":49},"end":{"line":17,"column":51}}]},"1":{"loc":{"start":{"line":19,"column":24},"end":{"line":19,"column":67}},"type":"binary-expr","locations":[{"start":{"line":19,"column":24},"end":{"line":19,"column":33}},{"start":{"line":19,"column":37},"end":{"line":19,"column":44}},{"start":{"line":19,"column":48},"end":{"line":19,"column":67}}]},"2":{"loc":{"start":{"line":23,"column":23},"end":{"line":23,"column":106}},"type":"cond-expr","locations":[{"start":{"line":23,"column":33},"end":{"line":23,"column":54}},{"start":{"line":23,"column":57},"end":{"line":23,"column":106}}]},"3":{"loc":{"start":{"line":23,"column":57},"end":{"line":23,"column":106}},"type":"cond-expr","locations":[{"start":{"line":23,"column":90},"end":{"line":23,"column":94}},{"start":{"line":23,"column":97},"end":{"line":23,"column":106}}]},"4":{"loc":{"start":{"line":23,"column":57},"end":{"line":23,"column":87}},"type":"binary-expr","locations":[{"start":{"line":23,"column":57},"end":{"line":23,"column":64}},{"start":{"line":23,"column":68},"end":{"line":23,"column":87}}]},"5":{"loc":{"start":{"line":24,"column":32},"end":{"line":24,"column":68}},"type":"binary-expr","locations":[{"start":{"line":24,"column":32},"end":{"line":24,"column":39}},{"start":{"line":24,"column":44},"end":{"line":24,"column":53}},{"start":{"line":24,"column":57},"end":{"line":24,"column":67}}]},"6":{"loc":{"start":{"line":28,"column":19},"end":{"line":28,"column":84}},"type":"binary-expr","locations":[{"start":{"line":28,"column":19},"end":{"line":28,"column":36}},{"start":{"line":28,"column":41},"end":{"line":28,"column":60}},{"start":{"line":28,"column":64},"end":{"line":28,"column":83}}]},"7":{"loc":{"start":{"line":29,"column":22},"end":{"line":29,"column":78}},"type":"binary-expr","locations":[{"start":{"line":29,"column":22},"end":{"line":29,"column":42}},{"start":{"line":29,"column":47},"end":{"line":29,"column":66}},{"start":{"line":29,"column":70},"end":{"line":29,"column":77}}]}},"s":{"0":3,"1":3,"2":3,"3":3,"4":3,"5":31,"6":31,"7":31,"8":31,"9":31,"10":8,"11":31,"12":31,"13":31,"14":31,"15":31,"16":31,"17":31,"18":3},"f":{"0":31,"1":8},"b":{"0":[8,0],"1":[31,29,27],"2":[1,30],"3":[19,11],"4":[30,28],"5":[31,29,17],"6":[31,23,21],"7":[31,31,21]}}
,"C:\\CRM.BAS\\CRM.BAS.FSI\\frontend\\core-components\\widgets\\keyObservations\\hooks\\useSegments.ts": {"path":"C:\\CRM.BAS\\CRM.BAS.FSI\\frontend\\core-components\\widgets\\keyObservations\\hooks\\useSegments.ts","statementMap":{"0":{"start":{"line":1,"column":0},"end":{"line":1,"column":39}},"1":{"start":{"line":2,"column":0},"end":{"line":2,"column":66}},"2":{"start":{"line":3,"column":0},"end":{"line":3,"column":85}},"3":{"start":{"line":5,"column":0},"end":{"line":5,"column":66}},"4":{"start":{"line":7,"column":27},"end":{"line":23,"column":1}},"5":{"start":{"line":8,"column":77},"end":{"line":8,"column":136}},"6":{"start":{"line":8,"column":31},"end":{"line":8,"column":33}},"7":{"start":{"line":8,"column":53},"end":{"line":8,"column":55}},"8":{"start":{"line":8,"column":72},"end":{"line":8,"column":77}},"9":{"start":{"line":9,"column":52},"end":{"line":12,"column":6}},"10":{"start":{"line":9,"column":110},"end":{"line":9,"column":148}},"11":{"start":{"line":9,"column":16},"end":{"line":9,"column":18}},"12":{"start":{"line":9,"column":25},"end":{"line":9,"column":27}},"13":{"start":{"line":9,"column":36},"end":{"line":9,"column":38}},"14":{"start":{"line":9,"column":47},"end":{"line":9,"column":52}},"15":{"start":{"line":13,"column":30},"end":{"line":13,"column":66}},"16":{"start":{"line":14,"column":21},"end":{"line":14,"column":69}},"17":{"start":{"line":16,"column":4},"end":{"line":22,"column":6}},"18":{"start":{"line":7,"column":13},"end":{"line":7,"column":27}}},"fnMap":{"0":{"name":"(anonymous_0)","decl":{"start":{"line":7,"column":27},"end":{"line":7,"column":28}},"loc":{"start":{"line":7,"column":104},"end":{"line":23,"column":1}}},"1":{"name":"(anonymous_1)","decl":{"start":{"line":9,"column":104},"end":{"line":9,"column":110}},"loc":{"start":{"line":9,"column":104},"end":{"line":9,"column":117}}}},"branchMap":{"0":{"loc":{"start":{"line":9,"column":130},"end":{"line":9,"column":145}},"type":"binary-expr","locations":[{"start":{"line":9,"column":130},"end":{"line":9,"column":139}},{"start":{"line":9,"column":143},"end":{"line":9,"column":145}}]},"1":{"loc":{"start":{"line":10,"column":20},"end":{"line":10,"column":63}},"type":"binary-expr","locations":[{"start":{"line":10,"column":20},"end":{"line":10,"column":29}},{"start":{"line":10,"column":33},"end":{"line":10,"column":40}},{"start":{"line":10,"column":44},"end":{"line":10,"column":63}}]},"2":{"loc":{"start":{"line":13,"column":30},"end":{"line":13,"column":66}},"type":"binary-expr","locations":[{"start":{"line":13,"column":30},"end":{"line":13,"column":37}},{"start":{"line":13,"column":42},"end":{"line":13,"column":51}},{"start":{"line":13,"column":55},"end":{"line":13,"column":65}}]},"3":{"loc":{"start":{"line":14,"column":21},"end":{"line":14,"column":69}},"type":"cond-expr","locations":[{"start":{"line":14,"column":31},"end":{"line":14,"column":40}},{"start":{"line":14,"column":43},"end":{"line":14,"column":69}}]},"4":{"loc":{"start":{"line":14,"column":43},"end":{"line":14,"column":69}},"type":"cond-expr","locations":[{"start":{"line":14,"column":53},"end":{"line":14,"column":57}},{"start":{"line":14,"column":60},"end":{"line":14,"column":69}}]},"5":{"loc":{"start":{"line":18,"column":19},"end":{"line":18,"column":82}},"type":"binary-expr","locations":[{"start":{"line":18,"column":19},"end":{"line":18,"column":36}},{"start":{"line":18,"column":41},"end":{"line":18,"column":60}},{"start":{"line":18,"column":64},"end":{"line":18,"column":81}}]},"6":{"loc":{"start":{"line":19,"column":22},"end":{"line":19,"column":78}},"type":"binary-expr","locations":[{"start":{"line":19,"column":22},"end":{"line":19,"column":42}},{"start":{"line":19,"column":47},"end":{"line":19,"column":66}},{"start":{"line":19,"column":70},"end":{"line":19,"column":77}}]},"7":{"loc":{"start":{"line":20,"column":23},"end":{"line":20,"column":66}},"type":"cond-expr","locations":[{"start":{"line":20,"column":33},"end":{"line":20,"column":54}},{"start":{"line":20,"column":57},"end":{"line":20,"column":66}}]}},"s":{"0":3,"1":3,"2":3,"3":3,"4":3,"5":31,"6":31,"7":31,"8":31,"9":31,"10":8,"11":31,"12":31,"13":31,"14":31,"15":31,"16":31,"17":31,"18":3},"f":{"0":31,"1":8},"b":{"0":[8,0],"1":[31,29,27],"2":[31,29,17],"3":[2,29],"4":[27,2],"5":[31,22,20],"6":[31,31,20],"7":[2,29]}}
}
