TN:
SF:dev-localization-setup.ts
FN:28,(anonymous_1)
FN:73,(anonymous_2)
FN:77,(anonymous_3)
FNF:3
FNH:2
FNDA:115,(anonymous_1)
FNDA:2185,(anonymous_2)
FNDA:0,(anonymous_3)
DA:1,115
DA:2,115
DA:3,115
DA:4,115
DA:5,115
DA:6,115
DA:7,115
DA:8,115
DA:9,115
DA:10,115
DA:11,115
DA:12,115
DA:13,115
DA:14,115
DA:15,115
DA:16,115
DA:17,115
DA:18,115
DA:19,115
DA:20,115
DA:22,115
DA:28,230
DA:49,2185
DA:51,115
DA:73,115
DA:74,2185
DA:77,115
DA:78,0
DA:81,115
LF:29
LH:28
BRDA:28,0,0,115
BRF:1
BRH:1
end_of_record
TN:
SF:components\atoms\AIFactor\AIFactor.tsx
FN:9,(anonymous_1)
FNF:1
FNH:1
FNDA:6,(anonymous_1)
DA:1,4
DA:2,4
DA:3,4
DA:4,4
DA:6,4
DA:7,4
DA:9,4
DA:11,6
DA:16,30
DA:18,6
DA:19,6
DA:33,4
LF:12
LH:12
BRDA:23,0,0,2
BRDA:23,0,1,4
BRDA:24,1,0,2
BRDA:24,1,1,4
BRDA:27,2,0,6
BRDA:27,2,1,1
BRF:6
BRH:6
end_of_record
TN:
SF:components\atoms\AIScore\AIScore.tsx
FN:18,(anonymous_7)
FN:26,(anonymous_8)
FNF:2
FNH:2
FNDA:4,(anonymous_7)
FNDA:4,(anonymous_8)
DA:1,3
DA:2,3
DA:3,3
DA:4,3
DA:5,3
DA:7,3
DA:15,3
DA:17,3
DA:18,3
DA:20,4
DA:23,12
DA:25,4
DA:26,4
DA:33,4
DA:52,3
LF:15
LH:15
BRDA:45,0,0,4
BRDA:45,0,1,3
BRF:2
BRH:2
end_of_record
TN:
SF:components\atoms\BaseCurrency\BaseCurrency.tsx
FN:20,(anonymous_7)
FN:28,(anonymous_8)
FN:42,(anonymous_9)
FNF:3
FNH:3
FNDA:10,(anonymous_7)
FNDA:10,(anonymous_8)
FNDA:10,(anonymous_9)
DA:1,2
DA:2,2
DA:3,2
DA:4,2
DA:6,2
DA:7,2
DA:8,2
DA:9,2
DA:10,2
DA:11,2
DA:12,2
DA:13,2
DA:15,2
DA:18,2
DA:20,2
DA:21,50
DA:22,10
DA:24,10
DA:25,10
DA:27,10
DA:28,10
DA:29,10
DA:31,10
DA:32,1
DA:36,10
DA:42,10
DA:44,10
DA:64,2
LF:28
LH:28
BRDA:21,0,0,9
BRDA:21,0,1,1
BRDA:27,1,0,4
BRDA:27,1,1,6
BRDA:31,2,0,1
BRDA:31,3,0,10
BRDA:31,3,1,4
BRDA:31,3,2,2
BRDA:31,4,0,1
BRDA:31,4,1,1
BRDA:31,5,0,2
BRDA:31,5,1,2
BRDA:34,6,0,0
BRDA:34,6,1,1
BRDA:34,7,0,1
BRDA:34,7,1,1
BRDA:46,8,0,10
BRDA:46,8,1,6
BRDA:48,9,0,10
BRDA:48,9,1,6
BRDA:49,10,0,10
BRDA:49,10,1,9
BRDA:56,11,0,2
BRDA:56,11,1,7
BRF:24
BRH:23
end_of_record
TN:
SF:components\atoms\CaretPerformance\CaretPerformance.tsx
FN:18,(anonymous_1)
FNF:1
FNH:1
FNDA:6,(anonymous_1)
DA:1,1
DA:2,1
DA:3,1
DA:4,1
DA:5,1
DA:6,1
DA:7,1
DA:8,1
DA:9,1
DA:16,1
DA:18,1
DA:19,6
DA:20,12
DA:21,6
DA:23,6
DA:38,1
LF:16
LH:16
BRDA:21,0,0,3
BRDA:21,0,1,3
BRDA:21,1,0,6
BRDA:21,1,1,4
BRDA:26,2,0,1
BRDA:26,2,1,5
BRDA:27,3,0,6
BRDA:27,3,1,4
BRDA:29,4,0,6
BRDA:29,4,1,5
BRF:10
BRH:10
end_of_record
TN:
SF:components\atoms\ChoiceGroup\ChoiceGroup.tsx
FN:7,(anonymous_3)
FNF:1
FNH:1
FNDA:1,(anonymous_3)
DA:1,1
DA:2,1
DA:3,1
DA:5,1
DA:7,1
DA:8,1
DA:10,1
DA:13,1
LF:8
LH:8
BRF:0
BRH:0
end_of_record
TN:
SF:components\atoms\Collapse\Collapse.tsx
FN:7,(anonymous_8)
FN:21,(anonymous_9)
FN:21,(anonymous_10)
FNF:3
FNH:3
FNDA:2,(anonymous_8)
FNDA:1,(anonymous_9)
FNDA:1,(anonymous_10)
DA:1,1
DA:2,1
DA:3,1
DA:5,1
DA:7,1
DA:8,2
DA:9,2
DA:10,2
DA:11,2
DA:12,2
DA:13,2
DA:14,2
DA:15,2
DA:16,2
DA:17,2
DA:19,2
DA:20,2
DA:21,2
DA:23,2
DA:42,1
LF:20
LH:20
BRDA:15,0,0,2
BRDA:15,0,1,0
BRDA:20,1,0,1
BRDA:20,1,1,1
BRDA:37,2,0,2
BRDA:37,2,1,1
BRF:6
BRH:5
end_of_record
TN:
SF:components\atoms\ComboBox\ComboBox.tsx
FN:7,(anonymous_9)
FN:29,(anonymous_10)
FNF:2
FNH:2
FNDA:9,(anonymous_9)
FNDA:2,(anonymous_10)
DA:1,1
DA:2,1
DA:3,1
DA:4,1
DA:7,1
DA:11,9
DA:16,63
DA:18,9
DA:19,9
DA:21,9
DA:28,9
DA:30,2
DA:32,2
DA:33,1
DA:36,2
DA:37,2
DA:42,9
DA:56,1
LF:18
LH:18
BRDA:11,0,0,8
BRDA:11,0,1,1
BRDA:25,1,0,1
BRDA:25,1,1,8
BRDA:30,2,0,2
BRDA:30,2,1,1
BRDA:32,3,0,1
BRDA:32,4,0,2
BRDA:32,4,1,1
BRDA:32,4,2,1
BRDA:36,5,0,0
BRDA:36,5,1,2
BRDA:36,6,0,2
BRDA:36,6,1,2
BRDA:45,7,0,8
BRDA:45,7,1,1
BRF:16
BRH:15
end_of_record
TN:
SF:components\atoms\Contact\Contact.tsx
FN:13,(anonymous_7)
FN:19,(anonymous_8)
FN:21,(anonymous_9)
FNF:3
FNH:3
FNDA:6,(anonymous_7)
FNDA:6,(anonymous_8)
FNDA:3,(anonymous_9)
DA:1,1
DA:2,1
DA:3,1
DA:5,1
DA:6,1
DA:7,1
DA:8,1
DA:9,1
DA:10,1
DA:11,1
DA:13,1
DA:14,42
DA:15,6
DA:16,6
DA:17,6
DA:19,6
DA:21,6
DA:22,3
DA:23,1
DA:25,2
DA:26,1
DA:28,1
DA:32,6
DA:54,1
LF:24
LH:24
BRDA:14,0,0,6
BRDA:14,0,1,0
BRDA:14,1,0,4
BRDA:14,1,1,2
BRDA:22,2,0,1
BRDA:25,3,0,1
BRDA:25,3,1,1
BRDA:44,4,0,6
BRDA:44,4,1,1
BRF:9
BRH:8
end_of_record
TN:
SF:components\atoms\CurrencyCode\CurrencyCode.tsx
FN:8,(anonymous_6)
FN:15,(anonymous_7)
FNF:2
FNH:2
FNDA:21,(anonymous_6)
FNDA:20,(anonymous_7)
DA:1,13
DA:2,13
DA:4,13
DA:5,13
DA:6,13
DA:8,13
DA:9,63
DA:11,21
DA:13,21
DA:15,21
DA:17,21
DA:24,13
LF:12
LH:12
BRDA:13,0,0,12
BRDA:13,0,1,9
BRDA:13,1,0,12
BRDA:13,1,1,2
BRDA:13,2,0,2
BRDA:13,2,1,10
BRDA:13,3,0,12
BRDA:13,3,1,12
BRF:8
BRH:8
end_of_record
TN:
SF:components\atoms\DataBox\DataBox.tsx
FN:8,(anonymous_12)
FN:9,DataBox
FN:13,(anonymous_14)
FNF:3
FNH:3
FNDA:4,(anonymous_12)
FNDA:5,DataBox
FNDA:5,(anonymous_14)
DA:1,4
DA:3,4
DA:4,4
DA:5,4
DA:6,4
DA:8,4
DA:10,5
DA:13,4
DA:14,5
DA:16,20
DA:18,5
DA:19,5
DA:21,5
DA:42,4
DA:44,4
LF:15
LH:15
BRDA:10,0,0,5
BRDA:10,0,1,5
BRDA:16,1,0,1
BRDA:16,1,1,4
BRDA:22,2,0,5
BRDA:22,2,1,5
BRDA:26,3,0,1
BRDA:26,3,1,4
BRDA:30,4,0,1
BRDA:30,4,1,3
BRDA:34,5,0,5
BRDA:34,5,1,2
BRDA:36,6,0,1
BRDA:36,6,1,1
BRF:14
BRH:14
end_of_record
TN:
SF:components\atoms\DatePicker\DatePicker.tsx
FN:27,(anonymous_9)
FN:48,(anonymous_10)
FN:73,(anonymous_11)
FN:82,(anonymous_12)
FN:89,(anonymous_13)
FN:95,(anonymous_14)
FNF:6
FNH:5
FNDA:15,(anonymous_9)
FNDA:15,(anonymous_10)
FNDA:4,(anonymous_11)
FNDA:22,(anonymous_12)
FNDA:2,(anonymous_13)
FNDA:0,(anonymous_14)
DA:1,5
DA:2,5
DA:3,5
DA:4,5
DA:5,5
DA:7,5
DA:8,5
DA:9,5
DA:10,5
DA:11,5
DA:12,5
DA:13,5
DA:14,5
DA:15,5
DA:16,5
DA:18,5
DA:22,5
DA:27,5
DA:28,15
DA:29,15
DA:46,225
DA:48,15
DA:49,15
DA:65,15
DA:66,15
DA:72,15
DA:74,4
DA:79,15
DA:81,15
DA:83,22
DA:88,15
DA:90,2
DA:95,15
DA:97,15
DA:99,15
DA:106,15
LF:36
LH:36
BRDA:62,0,0,15
BRDA:62,0,1,15
BRDA:65,1,0,15
BRDA:65,1,1,14
BRDA:65,2,0,14
BRDA:65,2,1,1
BRDA:65,3,0,15
BRDA:65,3,1,15
BRDA:79,4,0,15
BRDA:79,4,1,15
BRDA:79,4,2,15
BRDA:79,5,0,15
BRDA:79,5,1,0
BRDA:79,6,0,15
BRDA:79,6,1,15
BRDA:79,7,0,14
BRDA:79,7,1,1
BRDA:79,8,0,15
BRDA:79,8,1,15
BRDA:83,9,0,20
BRDA:83,9,1,2
BRDA:83,10,0,22
BRDA:83,10,1,22
BRDA:97,11,0,1
BRDA:97,11,1,14
BRDA:103,12,0,4
BRDA:103,12,1,11
BRDA:108,13,0,15
BRDA:108,13,1,1
BRDA:108,14,0,1
BRDA:108,14,1,0
BRDA:108,15,0,1
BRDA:108,15,1,1
BRDA:125,16,0,15
BRDA:125,16,1,6
BRF:35
BRH:33
end_of_record
TN:
SF:components\atoms\DateTime\DateTime.tsx
FN:7,(anonymous_1)
FNF:1
FNH:1
FNDA:14,(anonymous_1)
DA:1,8
DA:2,8
DA:3,8
DA:4,8
DA:5,8
DA:7,8
DA:8,56
DA:10,14
DA:12,14
DA:13,2
DA:16,12
DA:23,8
LF:12
LH:12
BRDA:8,0,0,13
BRDA:8,0,1,1
BRDA:8,1,0,13
BRDA:8,1,1,1
BRDA:12,2,0,2
BRDA:12,3,0,14
BRDA:12,3,1,13
BRF:7
BRH:7
end_of_record
TN:
SF:components\atoms\DialogEvent\DialogEvent.tsx
FN:17,(anonymous_1)
FNF:1
FNH:1
FNDA:2,(anonymous_1)
DA:1,1
DA:2,1
DA:3,1
DA:5,1
DA:17,1
DA:18,2
DA:19,2
DA:20,2
DA:21,2
DA:22,2
DA:23,2
DA:24,2
DA:26,2
DA:43,1
LF:14
LH:14
BRF:0
BRH:0
end_of_record
TN:
SF:components\atoms\Divider\Divider.tsx
FN:6,(anonymous_3)
FNF:1
FNH:1
FNDA:99,(anonymous_3)
DA:1,12
DA:2,12
DA:4,12
DA:6,12
DA:7,99
DA:9,99
DA:12,12
LF:7
LH:7
BRF:0
BRH:0
end_of_record
TN:
SF:components\atoms\Dropdown\Dropdown.tsx
FN:8,(anonymous_8)
FN:12,(anonymous_9)
FNF:2
FNH:2
FNDA:8,(anonymous_8)
FNDA:3,(anonymous_9)
DA:1,2
DA:2,2
DA:3,2
DA:4,2
DA:6,2
DA:8,2
DA:9,24
DA:11,8
DA:12,3
DA:16,8
DA:23,8
DA:33,2
LF:12
LH:12
BRDA:12,0,0,3
BRDA:12,0,1,3
BRDA:20,1,0,1
BRDA:20,1,1,7
BRF:4
BRH:4
end_of_record
TN:
SF:components\atoms\EmptyState\EmptyState.tsx
FN:9,(anonymous_1)
FN:39,(anonymous_2)
FNF:2
FNH:2
FNDA:36,(anonymous_1)
FNDA:4,(anonymous_2)
DA:1,52
DA:2,52
DA:3,52
DA:4,52
DA:5,52
DA:7,52
DA:9,52
DA:10,252
DA:11,36
DA:13,36
DA:15,36
DA:39,4
DA:56,52
LF:13
LH:13
BRDA:20,0,0,11
BRDA:20,0,1,25
BRDA:22,1,0,11
BRDA:22,1,1,25
BRDA:23,2,0,11
BRDA:23,2,1,25
BRDA:24,3,0,11
BRDA:24,3,1,25
BRDA:26,4,0,36
BRDA:26,4,1,15
BRDA:32,5,0,36
BRDA:32,5,1,25
BRDA:37,6,0,36
BRDA:37,6,1,4
BRF:14
BRH:14
end_of_record
TN:
SF:components\atoms\ExplainabilityBox\ExplainabilityBox.tsx
FN:7,(anonymous_1)
FNF:1
FNH:1
FNDA:11,(anonymous_1)
DA:1,4
DA:2,4
DA:4,4
DA:5,4
DA:7,4
DA:8,55
DA:10,11
DA:26,4
LF:8
LH:8
BRDA:13,0,0,11
BRDA:13,0,1,10
BRDA:17,1,0,11
BRDA:17,1,1,8
BRF:4
BRH:4
end_of_record
TN:
SF:components\atoms\Facepile\Facepile.styles.ts
FNF:0
FNH:0
DA:1,5
DA:3,5
DA:14,5
LF:3
LH:3
BRF:0
BRH:0
end_of_record
TN:
SF:components\atoms\Facepile\Facepile.tsx
FN:24,(anonymous_9)
FN:36,(anonymous_10)
FN:37,(anonymous_11)
FN:41,(anonymous_12)
FN:42,(anonymous_13)
FN:63,(anonymous_14)
FN:72,(anonymous_15)
FNF:7
FNH:5
FNDA:0,(anonymous_9)
FNDA:2,(anonymous_10)
FNDA:0,(anonymous_11)
FNDA:5,(anonymous_12)
FNDA:2,(anonymous_13)
FNDA:7,(anonymous_14)
FNDA:5,(anonymous_15)
DA:3,5
DA:4,5
DA:5,5
DA:6,5
DA:7,5
DA:9,5
DA:10,5
DA:11,5
DA:12,5
DA:13,5
DA:15,5
DA:17,5
DA:24,5
DA:36,5
DA:37,2
DA:38,0
DA:41,5
DA:42,5
DA:43,2
DA:52,2
DA:53,1
DA:56,1
DA:63,7
DA:64,7
DA:66,7
DA:69,7
DA:71,7
DA:72,5
DA:79,7
DA:88,7
DA:89,3
DA:96,4
DA:99,5
LF:33
LH:32
BRDA:52,0,0,1
BRDA:64,1,0,7
BRDA:64,1,1,5
BRDA:69,2,0,0
BRDA:69,2,1,7
BRDA:69,3,0,7
BRDA:69,3,1,3
BRDA:88,4,0,3
BRF:8
BRH:7
end_of_record
TN:
SF:components\atoms\Facepile\index.tsx
FNF:0
FNH:0
DA:1,4
DA:3,4
LF:2
LH:2
BRF:0
BRH:0
end_of_record
TN:
SF:components\atoms\FileUploadField\FileUploadField.tsx
FN:7,(anonymous_19)
FN:22,(anonymous_20)
FN:22,(anonymous_21)
FN:33,(anonymous_23)
FN:71,(anonymous_24)
FN:77,(anonymous_25)
FNF:6
FNH:6
FNDA:14,(anonymous_19)
FNDA:5,(anonymous_20)
FNDA:5,(anonymous_21)
FNDA:3,(anonymous_23)
FNDA:17,(anonymous_24)
FNDA:3,(anonymous_25)
DA:1,2
DA:2,2
DA:3,2
DA:5,2
DA:7,2
DA:8,14
DA:9,14
DA:10,14
DA:11,14
DA:12,14
DA:13,14
DA:14,14
DA:15,14
DA:16,14
DA:17,14
DA:19,14
DA:21,14
DA:22,5
DA:23,5
DA:24,5
DA:25,5
DA:26,4
DA:27,4
DA:33,14
DA:34,3
DA:35,1
DA:37,3
DA:40,14
DA:42,14
DA:71,17
DA:77,3
DA:84,2
LF:32
LH:32
BRDA:24,0,0,1
BRDA:24,0,1,4
BRDA:24,1,0,5
BRDA:24,1,1,4
BRDA:25,2,0,4
BRDA:34,3,0,1
BRDA:37,4,0,0
BRDA:37,4,1,3
BRDA:37,5,0,3
BRDA:37,5,1,3
BRDA:37,6,0,0
BRDA:37,6,1,3
BRDA:37,7,0,3
BRDA:37,7,1,3
BRDA:44,8,0,1
BRDA:44,8,1,13
BRDA:49,9,0,1
BRDA:49,9,1,0
BRDA:61,10,0,13
BRDA:61,10,1,10
BRDA:71,11,0,5
BRDA:71,11,1,9
BRDA:71,12,0,0
BRDA:71,12,1,5
BRDA:71,13,0,5
BRDA:71,13,1,5
BRDA:77,14,0,3
BRDA:77,14,1,1
BRF:28
BRH:24
end_of_record
TN:
SF:components\atoms\HighlightMessageBar\HighlightMessageBar.tsx
FN:9,(anonymous_9)
FNF:1
FNH:1
FNDA:4,(anonymous_9)
DA:1,1
DA:2,1
DA:3,1
DA:4,1
DA:5,1
DA:7,1
DA:9,4
DA:10,4
DA:11,4
DA:12,4
DA:20,1
LF:11
LH:11
BRDA:9,0,0,3
BRDA:9,0,1,1
BRDA:10,1,0,4
BRDA:10,1,1,4
BRDA:15,2,0,4
BRDA:15,2,1,0
BRF:6
BRH:5
end_of_record
TN:
SF:components\atoms\Indicator\Indicator.tsx
FN:11,(anonymous_8)
FN:14,(anonymous_9)
FN:37,(anonymous_10)
FNF:3
FNH:2
FNDA:14,(anonymous_8)
FNDA:14,(anonymous_9)
FNDA:0,(anonymous_10)
DA:1,6
DA:2,6
DA:4,6
DA:5,6
DA:6,6
DA:7,6
DA:8,6
DA:10,6
DA:11,6
DA:12,84
DA:14,14
DA:15,14
DA:18,14
DA:20,14
DA:37,0
DA:43,6
LF:16
LH:15
BRDA:12,0,0,3
BRDA:12,0,1,11
BRDA:12,1,0,3
BRDA:12,1,1,11
BRDA:26,2,0,3
BRDA:26,2,1,11
BRDA:26,3,0,14
BRDA:26,3,1,14
BRF:8
BRH:8
end_of_record
TN:
SF:components\atoms\InfoCallout\InfoCallout.tsx
FN:9,(anonymous_6)
FN:13,(anonymous_7)
FNF:2
FNH:2
FNDA:12,(anonymous_6)
FNDA:3,(anonymous_7)
DA:1,5
DA:3,5
DA:4,5
DA:5,5
DA:6,5
DA:7,5
DA:9,5
DA:10,48
DA:11,12
DA:13,12
DA:14,12
DA:16,12
DA:44,5
LF:13
LH:13
BRDA:10,0,0,4
BRDA:10,0,1,8
BRDA:26,1,0,12
BRDA:26,1,1,3
BRF:4
BRH:4
end_of_record
TN:
SF:components\atoms\LabelWithAdditionalInfo\LabelWithAdditionalInfo.tsx
FN:7,(anonymous_1)
FNF:1
FNH:1
FNDA:20,(anonymous_1)
DA:1,9
DA:2,9
DA:4,9
DA:5,9
DA:7,20
DA:8,20
DA:9,20
DA:17,9
LF:8
LH:8
BRDA:8,0,0,2
BRDA:8,0,1,18
BRDA:10,1,0,20
BRDA:10,1,1,20
BRDA:12,2,0,20
BRDA:12,2,1,1
BRF:6
BRH:6
end_of_record
TN:
SF:components\atoms\LegendItem\LegendItem.tsx
FN:9,(anonymous_6)
FN:12,(anonymous_7)
FNF:2
FNH:2
FNDA:21,(anonymous_6)
FNDA:21,(anonymous_7)
DA:1,2
DA:2,2
DA:4,2
DA:5,2
DA:7,2
DA:9,2
DA:10,63
DA:12,21
DA:14,21
DA:31,2
LF:10
LH:10
BRF:0
BRH:0
end_of_record
TN:
SF:components\atoms\LinkToForm\LinkToForm.tsx
FN:8,(anonymous_7)
FN:12,(anonymous_8)
FNF:2
FNH:2
FNDA:4,(anonymous_7)
FNDA:1,(anonymous_8)
DA:1,1
DA:2,1
DA:3,1
DA:5,1
DA:6,1
DA:8,4
DA:9,4
DA:11,4
DA:12,1
DA:22,1
LF:10
LH:10
BRDA:11,0,0,2
BRDA:11,0,1,2
BRDA:11,1,0,4
BRDA:11,1,1,3
BRF:4
BRH:4
end_of_record
TN:
SF:components\atoms\LinkablePersona\LinkablePersona.tsx
FN:13,(anonymous_10)
FN:16,(anonymous_11)
FN:21,(anonymous_12)
FN:21,(anonymous_13)
FN:21,(anonymous_14)
FNF:5
FNH:5
FNDA:2,(anonymous_10)
FNDA:2,(anonymous_11)
FNDA:2,(anonymous_12)
FNDA:2,(anonymous_13)
FNDA:2,(anonymous_14)
DA:1,4
DA:2,4
DA:3,4
DA:4,4
DA:5,4
DA:7,4
DA:13,4
DA:14,2
DA:15,2
DA:16,2
DA:20,2
DA:21,2
DA:25,2
DA:37,4
LF:14
LH:14
BRDA:16,0,0,1
BRDA:16,0,1,1
BRDA:16,1,0,2
BRDA:16,1,1,2
BRF:4
BRH:4
end_of_record
TN:
SF:components\atoms\Loading\Loading.tsx
FN:14,(anonymous_1)
FNF:1
FNH:1
FNDA:29,(anonymous_1)
DA:1,10
DA:2,10
DA:3,10
DA:4,10
DA:5,10
DA:14,29
DA:15,29
DA:17,29
DA:24,10
LF:9
LH:9
BRDA:14,0,0,3
BRDA:14,0,1,26
BRDA:19,1,0,29
BRDA:19,1,1,28
BRF:4
BRH:4
end_of_record
TN:
SF:components\atoms\NumericValue\NumericValue.tsx
FN:9,(anonymous_1)
FN:13,(anonymous_2)
FNF:2
FNH:2
FNDA:18,(anonymous_1)
FNDA:36,(anonymous_2)
DA:1,19
DA:2,19
DA:3,19
DA:4,19
DA:6,19
DA:7,19
DA:9,19
DA:10,18
DA:13,19
DA:14,216
DA:16,36
DA:18,36
DA:19,36
DA:31,19
LF:14
LH:14
BRDA:10,0,0,13
BRDA:10,0,1,5
BRDA:14,1,0,16
BRDA:14,1,1,20
BRDA:14,2,0,0
BRDA:14,2,1,16
BRDA:21,3,0,36
BRDA:21,3,1,18
BRDA:26,4,0,16
BRDA:26,4,1,20
BRF:10
BRH:9
end_of_record
TN:
SF:components\atoms\OverflowText\OverflowText.tsx
FN:9,(anonymous_6)
FN:11,(anonymous_7)
FNF:2
FNH:2
FNDA:78,(anonymous_6)
FNDA:69,(anonymous_7)
DA:1,17
DA:3,17
DA:4,17
DA:5,17
DA:6,17
DA:7,17
DA:9,17
DA:10,312
DA:11,78
DA:12,78
DA:24,17
LF:11
LH:11
BRDA:14,0,0,76
BRDA:14,0,1,2
BRDA:19,1,0,78
BRDA:19,1,1,78
BRF:4
BRH:4
end_of_record
TN:
SF:components\atoms\Performance\Performance.tsx
FN:10,(anonymous_7)
FN:12,(anonymous_8)
FNF:2
FNH:2
FNDA:15,(anonymous_7)
FNDA:15,(anonymous_8)
DA:1,5
DA:2,5
DA:3,5
DA:4,5
DA:6,5
DA:7,5
DA:8,5
DA:10,5
DA:11,30
DA:12,15
DA:13,15
DA:14,5
DA:16,10
DA:17,9
DA:20,1
DA:23,15
DA:31,5
LF:17
LH:17
BRDA:13,0,0,5
BRDA:13,1,0,15
BRDA:13,1,1,14
BRDA:16,2,0,9
BRDA:25,3,0,15
BRDA:25,3,1,10
BRDA:26,4,0,4
BRDA:26,4,1,11
BRF:8
BRH:8
end_of_record
TN:
SF:components\atoms\Progressbar\Progressbar.tsx
FN:7,(anonymous_3)
FNF:1
FNH:1
FNDA:5,(anonymous_3)
DA:1,1
DA:2,1
DA:3,1
DA:5,1
DA:7,1
DA:8,30
DA:10,5
DA:12,5
DA:13,5
DA:15,5
DA:29,1
LF:11
LH:11
BRDA:12,0,0,4
BRDA:12,0,1,1
BRDA:12,1,0,5
BRDA:12,1,1,5
BRDA:24,2,0,5
BRDA:24,2,1,1
BRF:6
BRH:6
end_of_record
TN:
SF:components\atoms\ResponsiveContainer\ResponsiveContainer.context.tsx
FNF:0
FNH:0
DA:1,7
DA:8,7
LF:2
LH:2
BRF:0
BRH:0
end_of_record
TN:
SF:components\atoms\ResponsiveContainer\ResponsiveContainer.tsx
FN:8,(anonymous_1)
FNF:1
FNH:1
FNDA:8,(anonymous_1)
DA:1,7
DA:2,7
DA:3,7
DA:4,7
DA:6,7
DA:8,7
DA:9,24
DA:11,8
DA:13,8
DA:27,7
LF:10
LH:10
BRDA:9,0,0,2
BRDA:9,0,1,6
BRF:2
BRH:2
end_of_record
TN:
SF:components\atoms\ScreenReaderText\ScreenReaderText.tsx
FN:5,(anonymous_3)
FNF:1
FNH:1
FNDA:7,(anonymous_3)
DA:1,4
DA:3,4
DA:5,4
DA:6,14
DA:8,7
DA:15,4
LF:6
LH:6
BRF:0
BRH:0
end_of_record
TN:
SF:components\atoms\SectionHeader\SectionHeader.styles.tsx
FN:27,(anonymous_2)
FNF:1
FNH:1
FNDA:57,(anonymous_2)
DA:1,10
DA:2,10
DA:3,10
DA:5,10
DA:15,10
DA:25,10
DA:27,10
DA:28,57
LF:8
LH:8
BRDA:31,0,0,57
BRDA:31,0,1,1
BRF:2
BRH:2
end_of_record
TN:
SF:components\atoms\SectionHeader\SectionHeader.tsx
FN:19,(anonymous_1)
FNF:1
FNH:1
FNDA:57,(anonymous_1)
DA:1,10
DA:2,10
DA:3,10
DA:4,10
DA:6,10
DA:7,10
DA:19,10
DA:20,456
DA:22,57
DA:23,57
DA:25,57
LF:11
LH:11
BRDA:20,0,0,45
BRDA:20,0,1,12
BRDA:20,1,0,56
BRDA:20,1,1,1
BRDA:28,2,0,57
BRDA:28,2,1,56
BRF:6
BRH:6
end_of_record
TN:
SF:components\atoms\SeparatedList\SeparatedList.tsx
FN:13,SeparatedList
FN:19,(anonymous_8)
FNF:2
FNH:2
FNDA:1,SeparatedList
FNDA:1,(anonymous_8)
DA:1,1
DA:2,1
DA:3,1
DA:4,1
DA:5,1
DA:6,1
DA:13,1
DA:14,1
DA:16,1
DA:19,1
LF:10
LH:10
BRF:0
BRH:0
end_of_record
TN:
SF:components\atoms\StepsDropdown\StepsDropdown.tsx
FN:17,(anonymous_9)
FN:20,(anonymous_10)
FN:20,(anonymous_11)
FN:22,(anonymous_12)
FNF:4
FNH:4
FNDA:12,(anonymous_9)
FNDA:4,(anonymous_10)
FNDA:4,(anonymous_11)
FNDA:2,(anonymous_12)
DA:1,5
DA:2,5
DA:3,5
DA:4,5
DA:6,5
DA:8,5
DA:17,12
DA:18,12
DA:19,12
DA:20,12
DA:21,12
DA:28,2
DA:29,2
DA:34,12
DA:52,5
LF:15
LH:15
BRDA:19,0,0,4
BRDA:19,0,1,8
BRF:2
BRH:2
end_of_record
TN:
SF:components\atoms\StepsDropdown\StepsDropdownMenu\StepsDropdownMenu.styles.ts
FNF:0
FNH:0
DA:3,6
LF:1
LH:1
BRF:0
BRH:0
end_of_record
TN:
SF:components\atoms\StepsDropdown\StepsDropdownMenu\StepsDropdownMenu.tsx
FN:17,(anonymous_1)
FN:26,(anonymous_2)
FN:30,(anonymous_3)
FNF:3
FNH:3
FNDA:38,(anonymous_1)
FNDA:87,(anonymous_2)
FNDA:6,(anonymous_3)
DA:1,6
DA:2,6
DA:4,6
DA:5,6
DA:7,6
DA:17,38
DA:18,38
DA:20,38
DA:21,9
DA:24,29
DA:26,87
DA:30,6
DA:42,6
LF:13
LH:13
BRDA:17,0,0,1
BRDA:17,0,1,37
BRDA:20,1,0,9
BRF:3
BRH:3
end_of_record
TN:
SF:components\atoms\SummarySection\SummarySection.tsx
FN:8,(anonymous_6)
FN:10,(anonymous_7)
FN:11,(anonymous_8)
FNF:3
FNH:3
FNDA:5,(anonymous_6)
FNDA:5,(anonymous_7)
FNDA:2,(anonymous_8)
DA:1,4
DA:3,4
DA:4,4
DA:5,4
DA:6,4
DA:8,5
DA:9,5
DA:11,5
DA:18,25
DA:20,5
DA:31,4
LF:11
LH:11
BRDA:11,0,0,4
BRDA:11,0,1,1
BRDA:11,1,0,5
BRDA:11,1,1,5
BRDA:22,2,0,5
BRDA:22,2,1,1
BRF:6
BRH:6
end_of_record
TN:
SF:components\atoms\Tag\Tag.tsx
FN:16,(anonymous_1)
FNF:1
FNH:1
FNDA:18,(anonymous_1)
DA:1,20
DA:2,20
DA:3,20
DA:5,20
DA:16,20
DA:17,18
DA:19,18
DA:27,20
LF:8
LH:8
BRF:0
BRH:0
end_of_record
TN:
SF:components\atoms\TextField\TextField.tsx
FN:8,(anonymous_8)
FN:11,(anonymous_9)
FN:14,(anonymous_10)
FN:19,(anonymous_11)
FNF:4
FNH:4
FNDA:18,(anonymous_8)
FNDA:4,(anonymous_9)
FNDA:4,(anonymous_10)
FNDA:6,(anonymous_11)
DA:1,2
DA:2,2
DA:3,2
DA:4,2
DA:6,2
DA:8,2
DA:9,108
DA:11,18
DA:13,18
DA:14,4
DA:18,18
DA:19,6
DA:23,18
DA:31,18
DA:45,2
LF:15
LH:15
BRDA:9,0,0,17
BRDA:9,0,1,1
BRDA:9,1,0,17
BRDA:9,1,1,1
BRDA:11,2,0,4
BRDA:11,2,1,2
BRDA:11,3,0,0
BRDA:11,3,1,4
BRDA:11,4,0,4
BRDA:11,4,1,4
BRDA:14,5,0,1
BRDA:14,5,1,3
BRDA:14,6,0,4
BRDA:14,6,1,4
BRDA:19,7,0,3
BRDA:19,7,1,3
BRDA:19,8,0,6
BRDA:19,8,1,6
BRF:18
BRH:17
end_of_record
TN:
SF:components\atoms\TimeSlot\TimeSlot.tsx
FN:7,(anonymous_1)
FNF:1
FNH:1
FNDA:4,(anonymous_1)
DA:1,1
DA:3,1
DA:4,1
DA:5,1
DA:7,4
DA:8,4
DA:24,1
LF:7
LH:7
BRDA:7,0,0,3
BRDA:7,0,1,1
BRDA:7,1,0,0
BRDA:7,1,1,4
BRDA:9,2,0,4
BRDA:9,2,1,4
BRF:6
BRH:5
end_of_record
TN:
SF:components\atoms\TopicDetails\TopicDetails.tsx
FN:8,(anonymous_1)
FNF:1
FNH:1
FNDA:17,(anonymous_1)
DA:1,5
DA:2,5
DA:3,5
DA:4,5
DA:5,5
DA:8,17
DA:9,17
DA:24,5
LF:8
LH:8
BRDA:11,0,0,17
BRDA:11,0,1,1
BRDA:15,1,0,17
BRDA:15,1,1,4
BRF:4
BRH:4
end_of_record
TN:
SF:components\atoms\VerticalGraphLine\VerticalGraphLine.tsx
FN:7,(anonymous_1)
FNF:1
FNH:1
FNDA:2,(anonymous_1)
DA:1,4
DA:2,4
DA:4,4
DA:5,4
DA:7,4
DA:8,2
DA:9,2
DA:11,2
DA:22,4
LF:9
LH:9
BRDA:14,0,0,1
BRDA:14,0,1,1
BRDA:17,1,0,1
BRDA:17,1,1,1
BRF:4
BRH:4
end_of_record
TN:
SF:components\atoms\Widget\Widget.tsx
FN:26,(anonymous_4)
FN:42,(anonymous_5)
FNF:2
FNH:2
FNDA:42,(anonymous_4)
FNDA:42,(anonymous_5)
DA:1,7
DA:2,7
DA:3,7
DA:4,7
DA:5,7
DA:7,7
DA:8,7
DA:26,42
DA:27,42
DA:28,4
DA:31,38
DA:32,26
DA:35,12
DA:36,1
DA:39,11
DA:42,42
DA:43,42
DA:51,7
LF:18
LH:18
BRDA:26,0,0,42
BRDA:26,0,1,0
BRDA:27,1,0,4
BRDA:31,2,0,26
BRDA:35,3,0,1
BRDA:44,4,0,42
BRDA:44,4,1,4
BRDA:45,5,0,42
BRDA:45,5,1,41
BRF:9
BRH:8
end_of_record
TN:
SF:components\atoms\WizardStep\WizardStep.tsx
FN:13,(anonymous_1)
FNF:1
FNH:1
FNDA:108,(anonymous_1)
DA:1,7
DA:2,7
DA:3,7
DA:4,7
DA:5,7
DA:6,7
DA:7,7
DA:8,7
DA:10,7
DA:11,7
DA:13,7
DA:14,108
DA:15,108
DA:16,108
DA:17,108
DA:18,108
DA:19,108
DA:20,108
DA:24,108
DA:25,108
DA:44,108
DA:51,108
DA:53,108
DA:54,42
DA:55,66
DA:56,17
DA:59,108
DA:75,7
LF:28
LH:28
BRDA:16,0,0,6
BRDA:16,0,1,102
BRDA:17,1,0,7
BRDA:17,1,1,101
BRDA:19,2,0,102
BRDA:19,2,1,6
BRDA:20,3,0,8
BRDA:20,3,1,100
BRDA:32,4,0,43
BRDA:32,4,1,65
BRDA:45,5,0,59
BRDA:45,5,1,49
BRDA:45,6,0,108
BRDA:45,6,1,66
BRDA:53,7,0,42
BRDA:53,7,1,66
BRDA:55,8,0,17
BRDA:62,9,0,108
BRDA:62,9,1,66
BRDA:69,10,0,108
BRDA:69,10,1,1
BRF:21
BRH:21
end_of_record
TN:
SF:components\containers\AIExplainability\AIExplainability.tsx
FN:18,(anonymous_3)
FNF:1
FNH:1
FNDA:5,(anonymous_3)
DA:1,3
DA:2,3
DA:3,3
DA:4,3
DA:5,3
DA:6,3
DA:8,3
DA:9,3
DA:10,3
DA:11,3
DA:18,3
DA:25,25
DA:27,5
DA:29,5
DA:52,3
LF:15
LH:15
BRDA:33,0,0,5
BRDA:33,0,1,4
BRDA:40,1,0,5
BRDA:40,1,1,4
BRF:4
BRH:4
end_of_record
TN:
SF:components\containers\AIFactorList\AIFactorList.tsx
FN:18,(anonymous_1)
FN:39,(anonymous_2)
FNF:2
FNH:2
FNDA:2,(anonymous_1)
FNDA:6,(anonymous_2)
DA:1,3
DA:2,3
DA:3,3
DA:4,3
DA:5,3
DA:6,3
DA:8,3
DA:15,3
DA:16,3
DA:18,3
DA:20,2
DA:24,8
DA:26,2
DA:28,2
DA:39,6
DA:57,3
LF:16
LH:16
BRDA:32,0,0,2
BRDA:32,0,1,1
BRF:2
BRH:2
end_of_record
TN:
SF:components\containers\AnnualIncome\AnnualIncome.tsx
FN:23,(anonymous_1)
FNF:1
FNH:1
FNDA:3,(anonymous_1)
DA:1,1
DA:2,1
DA:3,1
DA:4,1
DA:5,1
DA:6,1
DA:7,1
DA:8,1
DA:15,1
DA:16,1
DA:23,3
DA:24,3
DA:25,3
DA:27,3
DA:50,1
LF:15
LH:15
BRDA:25,0,0,1
BRDA:25,0,1,2
BRDA:29,1,0,1
BRDA:29,1,1,2
BRDA:32,2,0,3
BRDA:32,2,1,2
BRDA:33,3,0,2
BRDA:33,3,1,1
BRF:8
BRH:8
end_of_record
TN:
SF:components\containers\Communications\CommunicationItem.tsx
FN:16,(anonymous_6)
FN:21,(anonymous_7)
FN:30,(anonymous_8)
FNF:3
FNH:3
FNDA:18,(anonymous_6)
FNDA:18,(anonymous_7)
FNDA:18,(anonymous_8)
DA:1,2
DA:2,2
DA:3,2
DA:5,2
DA:6,2
DA:14,2
DA:16,2
DA:19,18
DA:20,18
DA:22,18
DA:23,11
DA:28,72
DA:30,18
DA:31,18
DA:40,18
DA:43,2
LF:16
LH:16
BRDA:22,0,0,7
BRF:1
BRH:1
end_of_record
TN:
SF:components\containers\Communications\Communications.tsx
FN:16,(anonymous_1)
FN:28,(anonymous_2)
FN:50,(anonymous_3)
FNF:3
FNH:3
FNDA:5,(anonymous_1)
FNDA:15,(anonymous_2)
FNDA:15,(anonymous_3)
DA:1,1
DA:2,1
DA:3,1
DA:4,1
DA:5,1
DA:16,1
DA:17,5
DA:19,5
DA:25,5
DA:29,15
DA:30,15
DA:45,1
DA:50,1
DA:51,15
DA:52,15
DA:54,15
DA:55,9
DA:58,1
LF:18
LH:18
BRDA:35,0,0,6
BRDA:35,0,1,9
BRDA:54,1,0,6
BRDA:54,2,0,15
BRDA:54,2,1,15
BRDA:54,2,2,12
BRDA:54,2,3,12
BRF:7
BRH:7
end_of_record
TN:
SF:components\containers\Currency\Currency.tsx
FN:9,(anonymous_1)
FNF:1
FNH:1
FNDA:16,(anonymous_1)
DA:1,12
DA:2,12
DA:3,12
DA:5,12
DA:7,12
DA:9,12
DA:20,16
DA:21,16
DA:22,176
DA:24,16
DA:25,16
DA:41,12
LF:12
LH:12
BRDA:20,0,0,15
BRDA:20,0,1,1
BRDA:21,1,0,16
BRDA:21,1,1,0
BRDA:24,2,0,16
BRDA:24,2,1,6
BRF:6
BRH:5
end_of_record
TN:
SF:components\containers\DataPieChart\DataPieChart.tsx
FN:34,(anonymous_9)
FN:41,(anonymous_10)
FN:55,(anonymous_11)
FN:56,(anonymous_12)
FN:57,(anonymous_13)
FN:65,(anonymous_14)
FN:68,(anonymous_15)
FN:71,(anonymous_16)
FN:72,(anonymous_17)
FN:74,(anonymous_18)
FN:82,(anonymous_19)
FN:103,(anonymous_20)
FN:104,(anonymous_21)
FN:107,(anonymous_22)
FN:111,(anonymous_23)
FN:115,(anonymous_24)
FN:125,(anonymous_25)
FN:136,(anonymous_26)
FN:137,(anonymous_27)
FN:141,(anonymous_28)
FNF:20
FNH:20
FNDA:41,(anonymous_9)
FNDA:9,(anonymous_10)
FNDA:8,(anonymous_11)
FNDA:19,(anonymous_12)
FNDA:19,(anonymous_13)
FNDA:17,(anonymous_14)
FNDA:8,(anonymous_15)
FNDA:19,(anonymous_16)
FNDA:2,(anonymous_17)
FNDA:19,(anonymous_18)
FNDA:7,(anonymous_19)
FNDA:19,(anonymous_20)
FNDA:19,(anonymous_21)
FNDA:4,(anonymous_22)
FNDA:19,(anonymous_23)
FNDA:7,(anonymous_24)
FNDA:7,(anonymous_25)
FNDA:1,(anonymous_26)
FNDA:7,(anonymous_27)
FNDA:19,(anonymous_28)
DA:1,1
DA:2,1
DA:4,1
DA:5,1
DA:6,1
DA:7,1
DA:8,1
DA:9,1
DA:10,1
DA:12,1
DA:22,1
DA:23,1
DA:24,1
DA:25,1
DA:26,1
DA:27,1
DA:29,1
DA:30,1
DA:32,1
DA:34,1
DA:35,41
DA:36,39
DA:38,2
DA:41,1
DA:42,9
DA:43,8
DA:44,8
DA:45,8
DA:46,8
DA:47,8
DA:49,8
DA:51,8
DA:53,8
DA:55,8
DA:56,19
DA:57,8
DA:58,19
DA:59,19
DA:65,17
DA:68,8
DA:69,8
DA:71,19
DA:72,8
DA:74,19
DA:75,8
DA:76,8
DA:77,8
DA:79,8
DA:82,7
DA:89,8
DA:91,8
DA:97,8
DA:103,19
DA:104,19
DA:106,8
DA:107,4
DA:110,8
DA:111,19
DA:115,8
DA:116,7
DA:117,0
DA:119,7
DA:120,1
DA:122,6
DA:125,8
DA:126,7
DA:127,0
DA:129,7
DA:130,1
DA:133,6
DA:136,8
DA:137,8
DA:141,19
DA:148,8
DA:161,1
LF:75
LH:73
BRDA:35,0,0,39
BRDA:47,1,0,8
BRDA:47,1,1,0
BRDA:72,2,0,1
BRDA:72,2,1,7
BRDA:81,3,0,1
BRDA:81,3,1,7
BRDA:106,4,0,1
BRDA:106,5,0,8
BRDA:106,5,1,7
BRDA:110,6,0,7
BRDA:116,7,0,0
BRDA:119,8,0,1
BRDA:126,9,0,0
BRDA:129,10,0,1
BRDA:150,11,0,1
BRDA:150,11,1,7
BRDA:153,12,0,8
BRDA:153,12,1,1
BRDA:156,13,0,8
BRDA:156,13,1,7
BRDA:157,14,0,7
BRDA:157,14,1,1
BRF:23
BRH:20
end_of_record
TN:
SF:components\containers\DataPieChart\DataPieChartLabels.ts
FN:12,(anonymous_6)
FN:15,(anonymous_7)
FN:17,(anonymous_8)
FN:17,(anonymous_9)
FN:18,(anonymous_10)
FN:35,(anonymous_11)
FN:49,(anonymous_12)
FN:52,(anonymous_13)
FN:57,(anonymous_14)
FN:58,(anonymous_15)
FN:70,(anonymous_16)
FNF:11
FNH:11
FNDA:7,(anonymous_6)
FNDA:17,(anonymous_7)
FNDA:17,(anonymous_8)
FNDA:34,(anonymous_9)
FNDA:17,(anonymous_10)
FNDA:1,(anonymous_11)
FNDA:2,(anonymous_12)
FNDA:2,(anonymous_13)
FNDA:2,(anonymous_14)
FNDA:2,(anonymous_15)
FNDA:38,(anonymous_16)
DA:1,1
DA:4,1
DA:5,1
DA:7,1
DA:12,1
DA:13,7
DA:15,17
DA:17,34
DA:19,17
DA:20,17
DA:21,1
DA:22,16
DA:23,7
DA:25,9
DA:35,1
DA:36,1
DA:45,1
DA:46,1
DA:49,2
DA:52,2
DA:54,1
DA:57,2
DA:58,2
DA:70,38
LF:24
LH:24
BRDA:15,0,0,0
BRDA:15,0,1,17
BRDA:20,1,0,1
BRDA:20,1,1,16
BRDA:20,2,0,17
BRDA:20,2,1,10
BRDA:22,3,0,7
BRDA:22,3,1,9
BRDA:22,4,0,16
BRDA:22,4,1,9
BRDA:22,4,2,9
BRDA:22,4,3,7
BRDA:70,5,0,4
BRDA:70,5,1,34
BRF:14
BRH:13
end_of_record
TN:
SF:components\containers\Dialog\Dialog.tsx
FN:10,(anonymous_3)
FNF:1
FNH:1
FNDA:26,(anonymous_3)
DA:1,2
DA:2,2
DA:3,2
DA:4,2
DA:6,2
DA:7,2
DA:8,2
DA:10,2
DA:11,182
DA:13,26
DA:15,26
DA:16,26
DA:17,26
DA:18,26
DA:20,26
DA:24,26
DA:59,2
LF:17
LH:17
BRDA:11,0,0,9
BRDA:11,0,1,17
BRDA:15,1,0,26
BRDA:15,1,1,13
BRDA:16,2,0,26
BRDA:16,2,1,26
BRDA:33,3,0,26
BRDA:33,3,1,11
BRDA:33,3,2,17
BRDA:35,4,0,17
BRDA:35,4,1,15
BRDA:38,5,0,15
BRDA:38,5,1,0
BRDA:38,6,0,15
BRDA:38,6,1,15
BRDA:38,7,0,0
BRDA:38,7,1,15
BRDA:38,8,0,15
BRDA:38,8,1,15
BRDA:44,9,0,17
BRDA:44,9,1,11
BRDA:47,10,0,11
BRDA:47,10,1,0
BRDA:47,11,0,11
BRDA:47,11,1,11
BRDA:47,12,0,0
BRDA:47,12,1,11
BRDA:47,13,0,11
BRDA:47,13,1,11
BRF:29
BRH:25
end_of_record
TN:
SF:components\containers\ErrorBoundary\ErrorBoundary.tsx
FN:13,(anonymous_7)
FN:14,ErrorBoundary
FN:19,(anonymous_9)
FN:23,(anonymous_10)
FN:29,(anonymous_11)
FNF:5
FNH:5
FNDA:53,(anonymous_7)
FNDA:56,ErrorBoundary
FNDA:1,(anonymous_9)
FNDA:1,(anonymous_10)
FNDA:56,(anonymous_11)
DA:1,53
DA:2,53
DA:3,53
DA:4,53
DA:13,53
DA:15,56
DA:16,55
DA:19,53
DA:20,1
DA:23,53
DA:24,1
DA:29,53
DA:30,56
DA:31,1
DA:34,55
DA:36,53
LF:16
LH:16
BRDA:15,0,0,56
BRDA:15,0,1,55
BRDA:30,1,0,1
BRF:3
BRH:3
end_of_record
TN:
SF:components\containers\ErrorState\ErrorState.tsx
FN:7,(anonymous_3)
FNF:1
FNH:1
FNDA:14,(anonymous_3)
DA:1,11
DA:2,11
DA:3,11
DA:4,11
DA:7,11
DA:8,14
DA:9,42
DA:11,14
DA:13,14
DA:16,11
LF:10
LH:10
BRDA:9,0,0,7
BRDA:9,0,1,7
BRDA:9,1,0,7
BRDA:9,1,1,7
BRDA:11,2,0,14
BRDA:11,2,1,9
BRF:6
BRH:6
end_of_record
TN:
SF:components\containers\FormDatePicker\FormDatePicker.tsx
FN:6,(anonymous_3)
FN:12,(anonymous_4)
FN:21,(anonymous_5)
FNF:3
FNH:3
FNDA:3,(anonymous_3)
FNDA:4,(anonymous_4)
FNDA:1,(anonymous_5)
DA:1,1
DA:3,1
DA:4,1
DA:6,1
DA:7,3
DA:12,4
DA:13,4
DA:22,1
DA:23,1
DA:35,1
LF:10
LH:10
BRDA:9,0,0,3
BRDA:9,0,1,1
BRDA:25,1,0,4
BRDA:25,1,1,0
BRDA:25,2,0,4
BRDA:25,2,1,4
BRF:6
BRH:5
end_of_record
TN:
SF:components\containers\FormDialog\FormDialog.tsx
FN:12,(anonymous_9)
FN:17,(anonymous_10)
FN:62,(anonymous_11)
FNF:3
FNH:3
FNDA:18,(anonymous_9)
FNDA:2,(anonymous_10)
FNDA:5,(anonymous_11)
DA:1,1
DA:2,1
DA:3,1
DA:4,1
DA:6,1
DA:7,1
DA:8,1
DA:9,1
DA:12,18
DA:13,18
DA:14,18
DA:15,18
DA:17,18
DA:18,2
DA:19,2
DA:22,18
DA:34,18
DA:35,5
DA:42,13
DA:43,4
DA:60,9
DA:62,5
DA:69,1
LF:23
LH:23
BRDA:18,0,0,1
BRDA:18,0,1,1
BRDA:18,1,0,2
BRDA:18,1,1,2
BRDA:34,2,0,5
BRDA:42,3,0,4
BRF:6
BRH:6
end_of_record
TN:
SF:components\containers\FormDropdown\FormDropdown.tsx
FN:7,(anonymous_3)
FN:14,(anonymous_4)
FN:18,(anonymous_5)
FN:31,(anonymous_6)
FNF:4
FNH:4
FNDA:2,(anonymous_3)
FNDA:3,(anonymous_4)
FNDA:6,(anonymous_5)
FNDA:1,(anonymous_6)
DA:1,1
DA:3,1
DA:4,1
DA:5,1
DA:7,1
DA:8,2
DA:14,3
DA:19,6
DA:32,1
DA:33,1
DA:48,1
LF:11
LH:11
BRDA:10,0,0,2
BRDA:10,0,1,1
BRDA:20,1,0,6
BRDA:20,1,1,6
BRDA:20,2,0,6
BRDA:20,2,1,0
BRDA:20,3,0,6
BRDA:20,3,1,6
BRDA:22,4,0,6
BRDA:22,4,1,6
BRDA:22,5,0,0
BRDA:22,5,1,6
BRDA:22,6,0,6
BRDA:22,6,1,6
BRDA:23,7,0,6
BRDA:23,7,1,6
BRDA:24,8,0,6
BRDA:24,8,1,6
BRDA:24,9,0,0
BRDA:24,9,1,6
BRDA:24,10,0,6
BRDA:24,10,1,6
BRDA:25,11,0,0
BRDA:25,11,1,6
BRDA:25,12,0,6
BRDA:25,12,1,6
BRDA:32,13,0,0
BRDA:32,13,1,1
BRDA:32,14,0,1
BRDA:32,14,1,1
BRDA:35,15,0,3
BRDA:35,15,1,0
BRDA:36,16,0,3
BRDA:36,16,1,0
BRDA:36,17,0,3
BRDA:36,17,1,3
BRDA:37,18,0,3
BRDA:37,18,1,3
BRDA:39,19,0,1
BRDA:39,19,1,2
BRDA:39,20,0,3
BRDA:39,20,1,3
BRF:42
BRH:35
end_of_record
TN:
SF:components\containers\FormTextField\FormTextField.tsx
FN:9,(anonymous_4)
FN:15,(anonymous_5)
FN:22,(anonymous_6)
FN:33,(anonymous_7)
FN:37,(anonymous_8)
FN:43,(anonymous_9)
FNF:6
FNH:6
FNDA:6,(anonymous_4)
FNDA:9,(anonymous_5)
FNDA:10,(anonymous_6)
FNDA:1,(anonymous_7)
FNDA:2,(anonymous_8)
FNDA:1,(anonymous_9)
DA:1,1
DA:3,1
DA:4,1
DA:5,1
DA:6,1
DA:7,1
DA:9,6
DA:10,6
DA:15,9
DA:23,10
DA:34,1
DA:35,1
DA:38,2
DA:39,2
DA:44,1
DA:45,1
DA:67,1
LF:17
LH:17
BRDA:12,0,0,6
BRDA:12,0,1,3
BRDA:24,1,0,10
BRDA:24,1,1,9
BRDA:24,2,0,9
BRDA:24,2,1,1
BRDA:24,3,0,10
BRDA:24,3,1,10
BRDA:26,4,0,9
BRDA:26,4,1,0
BRDA:26,5,0,0
BRDA:26,5,1,9
BRDA:26,6,0,9
BRDA:26,6,1,9
BRDA:27,7,0,9
BRDA:27,7,1,9
BRDA:27,8,0,0
BRDA:27,8,1,9
BRDA:27,9,0,9
BRDA:27,9,1,9
BRDA:28,10,0,0
BRDA:28,10,1,9
BRDA:28,11,0,9
BRDA:28,11,1,9
BRDA:35,12,0,0
BRDA:35,12,1,1
BRDA:35,13,0,1
BRDA:35,13,1,1
BRDA:39,14,0,0
BRDA:39,14,1,2
BRDA:39,15,0,2
BRDA:39,15,1,2
BRDA:44,16,0,1
BRDA:44,16,1,0
BRDA:44,17,0,1
BRDA:44,17,1,1
BRDA:46,18,0,1
BRDA:46,18,1,0
BRDA:57,19,0,6
BRDA:57,19,1,3
BRDA:57,20,0,9
BRDA:57,20,1,9
BRF:42
BRH:34
end_of_record
TN:
SF:components\containers\InfoSection\InfoSection.tsx
FN:24,(anonymous_3)
FNF:1
FNH:1
FNDA:7,(anonymous_3)
DA:1,1
DA:2,1
DA:3,1
DA:4,1
DA:5,1
DA:6,1
DA:7,1
DA:8,1
DA:9,1
DA:23,1
DA:24,7
DA:25,7
DA:27,7
DA:51,1
LF:14
LH:14
BRDA:25,0,0,6
BRDA:25,0,1,1
BRDA:25,1,0,7
BRDA:25,1,1,7
BRDA:31,2,0,7
BRDA:31,2,1,1
BRDA:33,3,0,7
BRDA:33,3,1,1
BRDA:36,4,0,1
BRDA:36,4,1,1
BRDA:43,5,0,7
BRDA:43,5,1,1
BRDA:44,6,0,7
BRDA:44,6,1,6
BRDA:44,6,2,1
BRDA:45,7,0,7
BRDA:45,7,1,6
BRDA:45,7,2,5
BRF:18
BRH:18
end_of_record
TN:
SF:components\containers\TimedPerformance\TimedPerformance.tsx
FN:11,(anonymous_7)
FN:13,(anonymous_8)
FN:14,(anonymous_9)
FN:19,(anonymous_10)
FN:20,(anonymous_11)
FN:30,(anonymous_12)
FN:43,(anonymous_13)
FNF:7
FNH:7
FNDA:9,(anonymous_7)
FNDA:4,(anonymous_8)
FNDA:6,(anonymous_9)
FNDA:4,(anonymous_10)
FNDA:11,(anonymous_11)
FNDA:4,(anonymous_12)
FNDA:1,(anonymous_13)
DA:1,1
DA:2,1
DA:3,1
DA:4,1
DA:5,1
DA:7,1
DA:8,1
DA:9,1
DA:11,1
DA:12,18
DA:13,9
DA:14,6
DA:15,4
DA:17,9
DA:19,9
DA:20,4
DA:21,11
DA:30,9
DA:31,9
DA:32,9
DA:34,9
DA:43,1
DA:56,1
LF:23
LH:23
BRDA:15,0,0,3
BRDA:15,0,1,1
BRDA:24,1,0,11
BRDA:24,1,1,3
BRDA:31,2,0,9
BRDA:31,2,1,9
BRDA:31,3,0,9
BRDA:31,3,1,7
BRDA:41,4,0,9
BRDA:41,4,1,7
BRF:10
BRH:10
end_of_record
TN:
SF:components\containers\ToastNotification\ToastNotification.consts.ts
FNF:0
FNH:0
DA:1,2
LF:1
LH:1
BRF:0
BRH:0
end_of_record
TN:
SF:components\containers\ToastNotification\ToastNotification.tsx
FN:8,(anonymous_6)
FN:18,(anonymous_7)
FN:20,(anonymous_8)
FN:22,(anonymous_9)
FN:24,(anonymous_10)
FN:27,(anonymous_11)
FN:33,(anonymous_12)
FNF:7
FNH:6
FNDA:9,(anonymous_6)
FNDA:8,(anonymous_7)
FNDA:9,(anonymous_8)
FNDA:0,(anonymous_9)
FNDA:9,(anonymous_10)
FNDA:10,(anonymous_11)
FNDA:1,(anonymous_12)
DA:1,2
DA:2,2
DA:4,2
DA:5,2
DA:6,2
DA:8,2
DA:9,9
DA:10,9
DA:11,9
DA:12,9
DA:13,9
DA:14,9
DA:16,9
DA:18,9
DA:20,9
DA:21,9
DA:22,5
DA:24,9
DA:27,9
DA:28,10
DA:29,6
DA:33,9
DA:34,1
DA:35,1
DA:38,9
DA:40,5
DA:53,2
LF:27
LH:27
BRDA:10,0,0,8
BRDA:10,0,1,1
BRDA:21,1,0,5
BRDA:21,2,0,9
BRDA:21,2,1,5
BRDA:28,3,0,6
BRDA:38,4,0,4
BRF:7
BRH:7
end_of_record
TN:
SF:components\containers\TopicChoicesList\TopicChoicesList.tsx
FN:9,(anonymous_6)
FN:11,(anonymous_7)
FN:12,(anonymous_8)
FN:19,(anonymous_9)
FNF:4
FNH:4
FNDA:5,(anonymous_6)
FNDA:5,(anonymous_7)
FNDA:10,(anonymous_8)
FNDA:12,(anonymous_9)
DA:1,1
DA:3,1
DA:4,1
DA:5,1
DA:7,1
DA:9,5
DA:10,5
DA:12,10
DA:19,12
DA:24,5
DA:27,1
LF:11
LH:11
BRDA:15,0,0,10
BRDA:15,0,1,10
BRDA:17,1,0,10
BRDA:17,1,1,10
BRF:4
BRH:4
end_of_record
TN:
SF:components\containers\UploadDocument\UploadDocument.tsx
FN:11,(anonymous_1)
FNF:1
FNH:1
FNDA:4,(anonymous_1)
DA:1,1
DA:2,1
DA:3,1
DA:4,1
DA:5,1
DA:6,1
DA:7,1
DA:9,1
DA:11,4
DA:12,4
DA:32,1
LF:11
LH:11
BRDA:14,0,0,4
BRDA:14,0,1,2
BRDA:22,1,0,4
BRDA:22,1,1,2
BRF:4
BRH:4
end_of_record
TN:
SF:components\containers\ViewWithNotification\ViewWithNotification.tsx
FN:7,(anonymous_1)
FN:16,(anonymous_2)
FNF:2
FNH:1
FNDA:5,(anonymous_1)
FNDA:0,(anonymous_2)
DA:1,1
DA:2,1
DA:3,1
DA:4,1
DA:7,1
DA:8,5
DA:9,5
DA:10,5
DA:11,5
DA:12,5
DA:14,5
DA:16,5
DA:18,5
DA:30,1
LF:14
LH:14
BRDA:8,0,0,1
BRDA:8,0,1,4
BRDA:10,1,0,4
BRDA:10,1,1,1
BRDA:14,2,0,5
BRDA:14,2,1,4
BRDA:16,3,0,4
BRDA:16,3,1,1
BRDA:20,4,0,5
BRDA:20,4,1,4
BRF:10
BRH:10
end_of_record
TN:
SF:components\containers\Wizard\Footer.tsx
FN:8,(anonymous_1)
FNF:1
FNH:1
FNDA:25,(anonymous_1)
DA:1,1
DA:2,1
DA:3,1
DA:5,1
DA:6,1
DA:8,1
DA:10,25
DA:11,25
DA:12,25
DA:13,25
DA:17,25
DA:19,25
DA:21,25
DA:41,1
LF:14
LH:14
BRDA:24,0,0,25
BRDA:24,0,1,12
BRDA:25,1,0,19
BRDA:25,1,1,6
BRDA:29,2,0,6
BRDA:29,2,1,6
BRF:6
BRH:6
end_of_record
TN:
SF:components\containers\Wizard\Header.tsx
FN:9,(anonymous_1)
FNF:1
FNH:1
FNDA:25,(anonymous_1)
DA:1,1
DA:2,1
DA:3,1
DA:4,1
DA:5,1
DA:7,1
DA:9,1
DA:11,25
DA:12,25
DA:13,25
DA:15,25
DA:16,25
DA:18,23
DA:38,1
LF:14
LH:14
BRDA:16,0,0,2
BRDA:16,1,0,25
BRDA:16,1,1,2
BRDA:19,2,0,23
BRDA:19,2,1,0
BRDA:19,3,0,23
BRDA:19,3,1,23
BRDA:20,4,0,23
BRDA:20,4,1,23
BRDA:21,5,0,23
BRDA:21,5,1,0
BRDA:21,6,0,23
BRDA:21,6,1,23
BRDA:25,7,0,23
BRDA:25,7,1,2
BRF:15
BRH:13
end_of_record
TN:
SF:components\containers\Wizard\Wizard.tsx
FN:12,(anonymous_22)
FN:29,(anonymous_23)
FN:30,(anonymous_24)
FN:40,(anonymous_25)
FN:41,(anonymous_26)
FN:48,(anonymous_27)
FN:48,(anonymous_28)
FN:52,(anonymous_29)
FN:54,(anonymous_32)
FN:56,(anonymous_33)
FN:58,(anonymous_36)
FNF:11
FNH:11
FNDA:25,(anonymous_22)
FNDA:25,(anonymous_23)
FNDA:75,(anonymous_24)
FNDA:4,(anonymous_25)
FNDA:10,(anonymous_26)
FNDA:19,(anonymous_27)
FNDA:29,(anonymous_28)
FNDA:2,(anonymous_29)
FNDA:1,(anonymous_32)
FNDA:2,(anonymous_33)
FNDA:1,(anonymous_36)
DA:1,1
DA:2,1
DA:4,1
DA:5,1
DA:6,1
DA:7,1
DA:8,1
DA:10,1
DA:12,1
DA:13,25
DA:14,25
DA:15,25
DA:16,25
DA:17,25
DA:18,25
DA:19,25
DA:20,25
DA:21,25
DA:22,25
DA:23,25
DA:24,25
DA:25,25
DA:27,25
DA:28,25
DA:30,25
DA:31,75
DA:32,75
DA:37,25
DA:39,25
DA:41,10
DA:43,4
DA:48,29
DA:49,25
DA:50,25
DA:51,25
DA:52,25
DA:53,2
DA:54,1
DA:56,25
DA:57,2
DA:58,1
DA:61,25
DA:97,1
LF:43
LH:43
BRDA:15,0,0,17
BRDA:15,0,1,8
BRDA:18,1,0,23
BRDA:18,1,1,2
BRDA:23,2,0,25
BRDA:23,2,1,0
BRDA:24,3,0,25
BRDA:24,3,1,0
BRDA:31,4,0,9
BRDA:31,4,1,66
BRDA:31,5,0,9
BRDA:31,5,1,6
BRDA:50,6,0,1
BRDA:50,6,1,24
BRDA:50,7,0,25
BRDA:50,7,1,25
BRDA:51,8,0,1
BRDA:51,8,1,24
BRDA:51,9,0,25
BRDA:51,9,1,25
BRDA:53,10,0,1
BRDA:53,11,0,1
BRDA:53,11,1,0
BRDA:53,12,0,1
BRDA:53,12,1,1
BRDA:57,13,0,1
BRDA:57,14,0,1
BRDA:57,14,1,0
BRDA:57,15,0,1
BRDA:57,15,1,1
BRDA:64,16,0,25
BRDA:64,16,1,23
BRDA:67,17,0,1
BRDA:67,17,1,24
BRDA:73,18,0,25
BRDA:73,18,1,24
BRF:36
BRH:32
end_of_record
TN:
SF:context\FSIContext.tsx
FN:76,(anonymous_9)
FN:81,(anonymous_10)
FN:98,(anonymous_11)
FNF:3
FNH:2
FNDA:0,(anonymous_9)
FNDA:53,(anonymous_10)
FNDA:53,(anonymous_11)
DA:1,53
DA:2,53
DA:3,53
DA:4,53
DA:5,53
DA:6,53
DA:7,53
DA:10,53
DA:11,53
DA:13,53
DA:15,53
DA:16,53
DA:17,53
DA:20,53
DA:28,53
DA:30,53
DA:69,53
DA:79,53
DA:81,53
DA:84,53
DA:85,53
DA:87,53
DA:89,53
DA:90,53
DA:93,53
DA:94,53
DA:95,636
DA:97,53
DA:98,53
DA:99,53
DA:100,51
DA:102,2
DA:103,2
DA:104,2
DA:105,1
DA:107,1
DA:112,0
DA:120,0
DA:124,53
DA:137,53
DA:158,53
LF:41
LH:39
BRDA:84,0,0,52
BRDA:84,0,1,1
BRDA:85,1,0,50
BRDA:85,1,1,3
BRDA:87,2,0,52
BRDA:87,2,1,1
BRDA:89,3,0,32
BRDA:89,3,1,21
BRDA:90,4,0,37
BRDA:90,4,1,16
BRDA:93,5,0,53
BRDA:93,5,1,0
BRDA:94,6,0,51
BRDA:94,6,1,2
BRDA:99,7,0,51
BRDA:104,8,0,1
BRDA:149,9,0,53
BRDA:149,9,1,0
BRF:18
BRH:16
end_of_record
TN:
SF:context\hooks\useCurrencies.ts
FN:4,(anonymous_0)
FNF:1
FNH:1
FNDA:31,(anonymous_0)
DA:2,15
DA:4,15
DA:5,31
DA:7,31
LF:4
LH:4
BRF:0
BRH:0
end_of_record
TN:
SF:context\hooks\useDateFormattingInfo.ts
FN:4,(anonymous_0)
FNF:1
FNH:1
FNDA:15,(anonymous_0)
DA:2,5
DA:4,5
DA:5,15
DA:7,15
LF:4
LH:4
BRF:0
BRH:0
end_of_record
TN:
SF:context\hooks\useFSIContext.ts
FN:4,(anonymous_1)
FNF:1
FNH:1
FNDA:653,(anonymous_1)
DA:1,53
DA:2,53
DA:4,53
DA:5,653
DA:7,653
LF:5
LH:5
BRF:0
BRH:0
end_of_record
TN:
SF:context\hooks\useFormatDate.ts
FN:7,(anonymous_1)
FN:9,(anonymous_2)
FN:13,(anonymous_3)
FNF:3
FNH:3
FNDA:4,(anonymous_1)
FNDA:3,(anonymous_2)
FNDA:3,(anonymous_3)
DA:1,1
DA:2,1
DA:3,1
DA:4,1
DA:5,1
DA:7,4
DA:9,5
DA:10,3
DA:12,3
DA:13,6
DA:14,3
DA:19,3
DA:22,1
LF:13
LH:13
BRDA:9,0,0,2
BRDA:13,1,0,3
BRDA:14,2,0,2
BRDA:14,2,1,1
BRDA:14,3,0,3
BRDA:14,3,1,3
BRF:6
BRH:6
end_of_record
TN:
SF:context\hooks\useIsFeatureEnabled.ts
FN:3,(anonymous_0)
FNF:1
FNH:1
FNDA:22,(anonymous_0)
DA:1,3
DA:3,44
DA:4,22
DA:6,22
DA:7,22
LF:5
LH:5
BRDA:3,0,0,22
BRDA:6,1,0,2
BRDA:6,1,1,20
BRDA:6,2,0,22
BRDA:6,2,1,22
BRDA:6,3,0,2
BRDA:6,3,1,20
BRDA:6,4,0,22
BRDA:6,4,1,22
BRDA:7,5,0,2
BRDA:7,5,1,20
BRDA:7,6,0,22
BRDA:7,6,1,22
BRF:13
BRH:13
end_of_record
TN:
SF:context\hooks\useLocale.ts
FN:3,(anonymous_0)
FNF:1
FNH:1
FNDA:71,(anonymous_0)
DA:1,24
DA:3,24
DA:4,71
DA:6,71
LF:4
LH:4
BRF:0
BRH:0
end_of_record
TN:
SF:context\hooks\useResponsiveContainer.ts
FN:14,(anonymous_0)
FN:25,(anonymous_1)
FNF:2
FNH:2
FNDA:19,(anonymous_0)
FNDA:11,(anonymous_1)
DA:1,7
DA:2,7
DA:3,7
DA:12,7
DA:14,7
DA:15,19
DA:17,19
DA:18,10
DA:19,10
DA:22,9
DA:25,17
DA:26,11
DA:28,11
DA:30,11
DA:31,6
DA:36,5
DA:38,5
DA:47,7
LF:18
LH:18
BRDA:17,0,0,10
BRDA:17,1,0,19
BRDA:17,1,1,13
BRDA:17,1,2,13
BRDA:17,1,3,5
BRDA:22,2,0,8
BRDA:22,2,1,1
BRDA:25,3,0,6
BRDA:30,4,0,6
BRF:9
BRH:9
end_of_record
TN:
SF:context\hooks\useTranslation.ts
FN:3,(anonymous_0)
FN:5,(anonymous_1)
FNF:2
FNH:2
FNDA:245,(anonymous_0)
FNDA:514,(anonymous_1)
DA:2,53
DA:3,298
DA:5,53
DA:6,514
DA:8,514
LF:5
LH:5
BRF:0
BRH:0
end_of_record
TN:
SF:context\hooks\useOpenForm\useOpenForm.ts
FN:4,(anonymous_1)
FN:7,(anonymous_2)
FNF:2
FNH:2
FNDA:5,(anonymous_1)
FNDA:5,(anonymous_2)
DA:1,5
DA:2,5
DA:4,5
DA:5,5
DA:7,5
DA:9,5
LF:6
LH:6
BRDA:4,0,0,4
BRDA:4,0,1,1
BRDA:7,1,0,1
BRDA:7,1,1,4
BRDA:7,2,0,5
BRDA:7,2,1,5
BRF:6
BRH:6
end_of_record
TN:
SF:context\localization\TranslationFunction.ts
FN:9,(anonymous_0)
FN:12,(anonymous_1)
FN:15,(anonymous_2)
FN:26,(anonymous_3)
FN:44,(anonymous_4)
FN:44,(anonymous_5)
FNF:6
FNH:6
FNDA:12,(anonymous_0)
FNDA:16,(anonymous_1)
FNDA:19,(anonymous_2)
FNDA:841,(anonymous_3)
FNDA:571,(anonymous_4)
FNDA:837,(anonymous_5)
DA:9,115
DA:10,12
DA:12,115
DA:13,16
DA:14,16
DA:15,16
DA:16,19
DA:19,16
DA:22,115
DA:26,115
DA:29,1377
DA:31,841
DA:32,841
DA:33,12
DA:36,841
DA:37,841
DA:38,12
DA:41,829
DA:44,571
DA:45,837
LF:20
LH:20
BRDA:10,0,0,1
BRDA:10,0,1,11
BRDA:10,1,0,12
BRDA:10,1,1,1
BRDA:29,2,0,536
BRDA:32,3,0,12
BRDA:33,4,0,0
BRDA:33,4,1,12
BRDA:33,5,0,12
BRDA:33,5,1,12
BRDA:36,6,0,841
BRDA:36,6,1,21
BRDA:36,6,2,7
BRDA:36,7,0,2
BRDA:36,7,1,839
BRDA:36,8,0,841
BRDA:36,8,1,841
BRDA:36,9,0,0
BRDA:36,9,1,21
BRDA:36,10,0,21
BRDA:36,10,1,21
BRDA:37,11,0,12
BRDA:37,12,0,841
BRDA:37,12,1,15
BRDA:38,13,0,12
BRDA:38,13,1,1
BRDA:41,14,0,829
BRDA:41,14,1,6
BRDA:41,14,2,3
BRF:29
BRH:27
end_of_record
TN:
SF:context\telemetry\ILoggerService.ts
FN:5,(anonymous_0)
FN:14,(anonymous_1)
FN:19,(anonymous_2)
FNF:3
FNH:2
FNDA:53,(anonymous_0)
FNDA:53,(anonymous_1)
FNDA:0,(anonymous_2)
DA:5,53
DA:6,53
DA:7,53
DA:8,53
DA:9,53
DA:10,53
DA:11,53
DA:14,53
DA:15,53
DA:16,53
DA:19,53
LF:11
LH:11
BRDA:5,0,0,53
BRDA:5,0,1,53
BRDA:14,1,0,53
BRDA:14,1,1,53
BRF:4
BRH:4
end_of_record
TN:
SF:context\theme\DefaultTheme.ts
FNF:0
FNH:0
DA:1,53
DA:2,53
DA:4,53
LF:3
LH:3
BRF:0
BRH:0
end_of_record
TN:
SF:context\theme\ThemeGenerator.ts
FN:6,(anonymous_0)
FNF:1
FNH:1
FNDA:4,(anonymous_0)
DA:1,54
DA:2,54
DA:3,54
DA:6,54
DA:7,4
DA:9,4
DA:10,4
DA:11,2
DA:13,2
DA:15,2
DA:17,2
LF:11
LH:11
BRDA:10,0,0,2
BRF:1
BRH:1
end_of_record
TN:
SF:enums\PreferredContactMethod.ts
FN:1,(anonymous_0)
FNF:1
FNH:1
FNDA:14,(anonymous_0)
DA:1,14
DA:2,14
DA:3,14
DA:4,14
DA:5,14
LF:5
LH:5
BRDA:1,0,0,14
BRDA:1,0,1,14
BRF:2
BRH:2
end_of_record
TN:
SF:hooks\useColorContrastListener\useColorContrastListener.tsx
FN:3,useColorContrastListener
FNF:1
FNH:1
FNDA:9,useColorContrastListener
DA:1,2
DA:3,2
DA:4,9
DA:7,2
LF:4
LH:4
BRF:0
BRH:0
end_of_record
TN:
SF:hooks\useDebounce\useDebounce.ts
FN:6,(anonymous_1)
FNF:1
FNH:1
FNDA:1,(anonymous_1)
DA:3,1
DA:4,1
DA:6,1
DA:7,1
DA:9,1
LF:5
LH:5
BRF:0
BRH:0
end_of_record
TN:
SF:hooks\useMediaQueryListener\useMediaQueryListener.tsx
FN:3,useMediaQueryListener
FN:6,(anonymous_1)
FN:11,onChangeHandler
FN:22,(anonymous_3)
FNF:4
FNH:4
FNDA:12,useMediaQueryListener
FNDA:11,(anonymous_1)
FNDA:10,onChangeHandler
FNDA:8,(anonymous_3)
DA:1,3
DA:3,3
DA:4,12
DA:6,12
DA:7,11
DA:8,1
DA:12,10
DA:15,10
DA:17,10
DA:20,10
DA:22,10
DA:23,8
DA:27,12
DA:30,3
LF:14
LH:14
BRDA:7,0,0,1
BRDA:15,1,0,10
BRDA:15,1,1,10
BRF:3
BRH:3
end_of_record
TN:
SF:hooks\usePrevious\usePrevious.ts
FN:3,(anonymous_0)
FN:5,(anonymous_1)
FNF:2
FNH:2
FNDA:3,(anonymous_0)
FNDA:3,(anonymous_1)
DA:1,1
DA:3,1
DA:4,3
DA:5,3
DA:6,3
DA:8,3
LF:6
LH:6
BRF:0
BRH:0
end_of_record
TN:
SF:services\DialogService\DialogService.tsx
FN:28,(anonymous_8)
FN:62,(anonymous_9)
FN:65,(anonymous_10)
FN:69,(anonymous_11)
FN:83,(anonymous_12)
FNF:5
FNH:5
FNDA:8,(anonymous_8)
FNDA:5,(anonymous_9)
FNDA:2,(anonymous_10)
FNDA:1,(anonymous_11)
FNDA:5,(anonymous_12)
DA:1,1
DA:20,1
DA:22,1
DA:28,1
DA:29,8
DA:31,4
DA:32,4
DA:33,1
DA:36,3
DA:44,2
DA:51,1
DA:57,1
DA:62,5
DA:63,5
DA:65,5
DA:66,2
DA:69,5
DA:72,1
DA:82,5
DA:83,5
DA:91,5
DA:94,1
LF:22
LH:22
BRDA:29,0,0,4
BRDA:29,0,1,2
BRDA:29,0,2,1
BRDA:29,0,3,1
BRDA:32,1,0,1
BRDA:32,2,0,4
BRDA:32,2,1,1
BRF:7
BRH:7
end_of_record
TN:
SF:services\NotificationService\NotificationService.tsx
FN:24,(anonymous_8)
FN:25,(anonymous_9)
FN:35,(anonymous_10)
FN:61,(anonymous_11)
FN:64,(anonymous_12)
FN:68,(anonymous_13)
FN:73,(anonymous_14)
FN:84,(anonymous_15)
FNF:8
FNH:6
FNDA:0,(anonymous_8)
FNDA:1,(anonymous_9)
FNDA:4,(anonymous_10)
FNDA:2,(anonymous_11)
FNDA:1,(anonymous_12)
FNDA:0,(anonymous_13)
FNDA:2,(anonymous_14)
FNDA:5,(anonymous_15)
DA:1,1
DA:2,1
DA:3,1
DA:4,1
DA:5,1
DA:20,1
DA:28,1
DA:30,1
DA:35,1
DA:36,4
DA:38,2
DA:40,2
DA:48,1
DA:56,1
DA:61,2
DA:62,2
DA:64,2
DA:65,1
DA:68,2
DA:69,0
DA:72,2
DA:73,2
DA:81,2
DA:84,1
DA:87,5
DA:89,5
DA:91,5
DA:98,1
LF:28
LH:27
BRDA:36,0,0,2
BRDA:36,0,1,1
BRDA:36,0,2,1
BRDA:43,1,0,0
BRDA:43,1,1,2
BRDA:43,2,0,2
BRDA:43,2,1,2
BRDA:44,3,0,0
BRDA:44,3,1,2
BRDA:44,4,0,2
BRDA:44,4,1,2
BRDA:89,5,0,1
BRDA:89,5,1,4
BRF:13
BRH:11
end_of_record
TN:
SF:utilities\CalcUtils.tsx
FN:1,(anonymous_0)
FN:11,(anonymous_1)
FN:17,(anonymous_2)
FNF:3
FNH:3
FNDA:8,(anonymous_0)
FNDA:3,(anonymous_1)
FNDA:7,(anonymous_2)
DA:1,15
DA:11,15
DA:12,3
DA:13,2
DA:14,1
DA:17,15
DA:18,7
DA:20,7
DA:21,7
DA:23,7
LF:10
LH:10
BRDA:1,0,0,6
BRDA:1,0,1,2
BRDA:1,1,0,8
BRDA:1,1,1,3
BRDA:12,2,0,1
BRDA:13,3,0,1
BRDA:14,4,0,0
BRDA:14,4,1,1
BRDA:17,5,0,6
BRF:9
BRH:8
end_of_record
TN:
SF:utilities\CurrencyUtils.tsx
FN:1,(anonymous_0)
FNF:1
FNH:1
FNDA:9,(anonymous_0)
DA:1,17
DA:2,9
DA:3,1
DA:6,8
DA:8,8
DA:9,7
DA:18,8
DA:19,8
LF:8
LH:8
BRDA:1,0,0,3
BRDA:1,1,0,5
BRDA:1,2,0,8
BRDA:1,3,0,7
BRDA:1,4,0,8
BRDA:2,5,0,1
BRDA:2,6,0,9
BRDA:2,6,1,8
BRDA:6,7,0,8
BRDA:6,7,1,6
BRDA:8,8,0,7
BRDA:14,9,0,2
BRDA:14,9,1,5
BRF:13
BRH:13
end_of_record
TN:
SF:utilities\DropdownUtils.tsx
FN:4,renderEmphasizedOption
FNF:1
FNH:1
FNDA:3,renderEmphasizedOption
DA:1,1
DA:4,1
DA:5,3
DA:6,3
DA:7,1
DA:9,2
DA:10,1
DA:12,1
LF:8
LH:8
BRDA:5,0,0,1
BRDA:5,0,1,2
BRDA:5,1,0,3
BRDA:5,1,1,3
BRDA:5,2,0,1
BRDA:5,2,1,2
BRDA:5,3,0,3
BRDA:5,3,1,3
BRDA:6,4,0,1
BRDA:9,5,0,1
BRF:10
BRH:10
end_of_record
TN:
SF:utilities\FormUtils.ts
FN:1,(anonymous_0)
FN:9,(anonymous_1)
FN:15,(anonymous_2)
FN:22,(anonymous_3)
FN:24,(anonymous_4)
FNF:5
FNH:5
FNDA:4,(anonymous_0)
FNDA:16,(anonymous_1)
FNDA:4,(anonymous_2)
FNDA:2,(anonymous_3)
FNDA:2,(anonymous_4)
DA:1,2
DA:2,4
DA:9,2
DA:11,16
DA:12,16
DA:15,2
DA:16,4
DA:22,2
DA:24,2
LF:9
LH:9
BRDA:17,0,0,4
BRDA:17,0,1,4
BRDA:17,0,2,4
BRDA:22,1,0,1
BRDA:22,1,1,1
BRDA:22,2,0,2
BRDA:22,2,1,2
BRF:7
BRH:7
end_of_record
TN:
SF:utilities\GetClassNameStyleSets.tsx
FN:10,getClassNameStyleSets
FNF:1
FNH:1
FNDA:56,getClassNameStyleSets
DA:1,12
DA:10,12
DA:11,56
DA:12,56
DA:13,56
DA:14,56
DA:16,56
DA:18,56
DA:19,10
DA:22,56
LF:10
LH:10
BRDA:16,0,0,17
BRDA:16,0,1,39
BRDA:18,1,0,10
BRF:3
BRH:3
end_of_record
TN:
SF:utilities\GetInputRules.tsx
FN:15,(anonymous_2)
FN:16,(anonymous_3)
FN:21,(anonymous_4)
FN:48,(anonymous_5)
FN:55,(anonymous_6)
FNF:5
FNH:5
FNDA:3,(anonymous_2)
FNDA:2,(anonymous_3)
FNDA:9,(anonymous_4)
FNDA:2,(anonymous_5)
FNDA:2,(anonymous_6)
DA:2,1
DA:3,1
DA:15,3
DA:16,3
DA:17,2
DA:21,1
DA:22,9
DA:24,9
DA:25,1
DA:31,9
DA:32,2
DA:38,9
DA:39,1
DA:45,9
DA:46,1
DA:48,2
DA:52,9
DA:53,1
DA:55,2
DA:59,9
DA:60,1
DA:66,9
DA:67,1
DA:72,9
LF:24
LH:24
BRDA:17,0,0,2
BRDA:17,0,1,0
BRDA:17,0,2,2
BRDA:17,0,3,1
BRDA:24,1,0,1
BRDA:31,2,0,2
BRDA:34,3,0,1
BRDA:34,3,1,1
BRDA:38,4,0,1
BRDA:45,5,0,1
BRDA:48,6,0,2
BRDA:48,6,1,1
BRDA:52,7,0,1
BRDA:55,8,0,2
BRDA:55,8,1,1
BRDA:59,9,0,1
BRDA:66,10,0,1
BRF:17
BRH:16
end_of_record
TN:
SF:utilities\NumberUtils.ts
FN:1,(anonymous_2)
FN:11,(anonymous_3)
FNF:2
FNH:2
FNDA:55,(anonymous_2)
FNDA:21,(anonymous_3)
DA:1,89
DA:2,55
DA:7,55
DA:8,55
DA:11,23
DA:12,21
LF:6
LH:6
BRDA:1,0,0,4
BRDA:1,1,0,34
BRDA:3,2,0,4
BRDA:3,2,1,51
BRDA:12,3,0,21
BRDA:12,3,1,5
BRF:6
BRH:6
end_of_record
TN:
SF:utilities\TimeUtils.tsx
FN:11,(anonymous_1)
FN:21,(anonymous_2)
FN:47,(anonymous_3)
FN:54,(anonymous_4)
FN:56,(anonymous_5)
FN:63,(anonymous_6)
FN:63,(anonymous_7)
FNF:7
FNH:4
FNDA:19,(anonymous_1)
FNDA:0,(anonymous_2)
FNDA:4,(anonymous_3)
FNDA:41,(anonymous_4)
FNDA:3,(anonymous_5)
FNDA:0,(anonymous_6)
FNDA:0,(anonymous_7)
DA:1,17
DA:2,17
DA:3,17
DA:5,17
DA:11,17
DA:13,19
DA:14,24
DA:16,19
DA:18,19
DA:21,17
DA:25,17
DA:37,17
DA:47,17
DA:48,4
DA:49,1
DA:51,3
DA:54,41
DA:56,17
DA:57,3
DA:58,2
DA:60,1
DA:63,17
LF:22
LH:22
BRDA:13,0,0,0
BRDA:14,1,0,5
BRDA:48,2,0,1
BRDA:54,3,0,41
BRDA:54,3,1,40
BRDA:57,4,0,2
BRDA:57,5,0,3
BRDA:57,5,1,2
BRF:8
BRH:7
end_of_record
TN:
SF:utilities\responsive\ResponsiveUtil.ts
FN:4,(anonymous_0)
FN:6,(anonymous_1)
FN:15,(anonymous_2)
FNF:3
FNH:3
FNDA:193,(anonymous_0)
FNDA:32,(anonymous_1)
FNDA:9,(anonymous_2)
DA:1,14
DA:2,14
DA:4,194
DA:6,33
DA:7,32
DA:9,32
DA:10,182
DA:12,32
DA:15,14
DA:16,9
LF:10
LH:10
BRDA:4,0,0,1
BRDA:6,1,0,1
BRDA:6,2,0,1
BRF:3
BRH:3
end_of_record
TN:
SF:utilities\responsive\mediaQueries.ts
FNF:0
FNH:0
DA:1,1
DA:3,1
DA:4,1
DA:5,1
DA:6,1
DA:7,1
DA:8,1
DA:9,1
DA:10,1
DA:11,1
DA:12,1
DA:13,1
DA:14,1
LF:13
LH:13
BRF:0
BRH:0
end_of_record
TN:
SF:widgets\customerSnapshot\CustomerSnapshot.styles.ts
FNF:0
FNH:0
DA:1,1
DA:3,1
DA:12,1
LF:3
LH:3
BRF:0
BRH:0
end_of_record
TN:
SF:widgets\customerSnapshot\CustomerSnapshot.tsx
FN:18,(anonymous_1)
FNF:1
FNH:1
FNDA:2,(anonymous_1)
DA:1,1
DA:2,1
DA:4,1
DA:5,1
DA:6,1
DA:7,1
DA:8,1
DA:9,1
DA:10,1
DA:11,1
DA:18,1
DA:19,2
DA:20,2
DA:21,2
DA:23,2
DA:25,2
DA:46,1
LF:17
LH:17
BRDA:20,0,0,1
BRDA:20,0,1,1
BRDA:20,1,0,2
BRDA:20,1,1,2
BRDA:28,2,0,2
BRDA:28,2,1,0
BRDA:28,3,0,2
BRDA:28,3,1,1
BRDA:28,4,0,1
BRDA:28,4,1,1
BRDA:28,5,0,2
BRDA:28,5,1,2
BRDA:30,6,0,2
BRDA:30,6,1,2
BRDA:32,7,0,2
BRDA:32,7,1,0
BRDA:40,8,0,2
BRDA:40,8,1,0
BRF:18
BRH:15
end_of_record
TN:
SF:widgets\customerSnapshot\components\components.ts
FNF:0
FNH:0
DA:1,6
DA:2,6
DA:3,6
DA:4,6
DA:5,6
DA:6,6
DA:8,6
LF:7
LH:7
BRF:0
BRH:0
end_of_record
TN:
SF:widgets\customerSnapshot\components\Address\Address.tsx
FN:4,(anonymous_3)
FNF:1
FNH:1
FNDA:11,(anonymous_3)
DA:1,7
DA:2,7
DA:4,11
DA:6,7
LF:4
LH:4
BRF:0
BRH:0
end_of_record
TN:
SF:widgets\customerSnapshot\components\Currency\Currency.tsx
FN:5,(anonymous_3)
FNF:1
FNH:1
FNDA:7,(anonymous_3)
DA:1,7
DA:2,7
DA:3,7
DA:5,7
DA:11,7
LF:5
LH:5
BRDA:7,0,0,7
BRDA:7,0,1,6
BRDA:7,1,0,0
BRDA:7,1,1,7
BRDA:7,2,0,7
BRDA:7,2,1,7
BRF:6
BRH:5
end_of_record
TN:
SF:widgets\customerSnapshot\components\DateTime\DateTime.tsx
FN:6,(anonymous_9)
FN:8,(anonymous_10)
FNF:2
FNH:2
FNDA:10,(anonymous_9)
FNDA:8,(anonymous_10)
DA:1,7
DA:2,7
DA:3,7
DA:4,7
DA:6,7
DA:7,20
DA:8,10
DA:10,10
DA:13,7
LF:9
LH:9
BRDA:8,0,0,7
BRDA:8,0,1,1
BRDA:8,1,0,0
BRDA:8,1,1,8
BRDA:8,2,0,8
BRDA:8,2,1,8
BRDA:10,3,0,10
BRDA:10,3,1,9
BRF:8
BRH:7
end_of_record
TN:
SF:widgets\customerSnapshot\components\Email\Email.tsx
FN:4,(anonymous_3)
FNF:1
FNH:1
FNDA:9,(anonymous_3)
DA:1,7
DA:2,7
DA:4,9
DA:6,7
LF:4
LH:4
BRDA:4,0,0,8
BRDA:4,0,1,1
BRDA:4,1,0,0
BRDA:4,1,1,9
BRDA:4,2,0,9
BRDA:4,2,1,9
BRF:6
BRH:5
end_of_record
TN:
SF:widgets\customerSnapshot\components\Field\Field.styles.ts
FN:11,(anonymous_0)
FNF:1
FNH:1
FNDA:102,(anonymous_0)
DA:3,13
DA:4,13
DA:6,13
DA:9,13
DA:11,102
DA:24,13
LF:6
LH:6
BRDA:13,0,0,20
BRDA:13,0,1,82
BRF:2
BRH:2
end_of_record
TN:
SF:widgets\customerSnapshot\components\Field\Field.tsx
FN:26,(anonymous_1)
FN:31,(anonymous_2)
FN:57,(anonymous_3)
FNF:3
FNH:3
FNDA:99,(anonymous_1)
FNDA:2,(anonymous_2)
FNDA:9,(anonymous_3)
DA:1,13
DA:2,13
DA:3,13
DA:4,13
DA:6,13
DA:7,13
DA:8,13
DA:9,13
DA:26,99
DA:27,99
DA:28,99
DA:29,99
DA:31,99
DA:33,99
DA:57,9
DA:67,13
LF:16
LH:16
BRDA:28,0,0,99
BRDA:28,0,1,41
BRDA:28,1,0,0
BRDA:28,1,1,99
BRDA:28,2,0,99
BRDA:28,2,1,99
BRDA:28,3,0,0
BRDA:28,3,1,41
BRDA:28,4,0,41
BRDA:28,4,1,41
BRDA:29,5,0,24
BRDA:29,5,1,75
BRDA:29,6,0,99
BRDA:29,6,1,82
BRDA:29,6,2,24
BRDA:35,7,0,99
BRDA:35,7,1,99
BRDA:35,7,2,98
BRDA:37,8,0,98
BRDA:37,8,1,34
BRDA:37,8,2,31
BRDA:38,9,0,10
BRDA:38,9,1,88
BRDA:42,10,0,99
BRDA:42,10,1,83
BRDA:48,11,0,83
BRDA:48,11,1,8
BRDA:51,12,0,83
BRDA:51,12,1,11
BRDA:55,13,0,99
BRDA:55,13,1,14
BRDA:55,13,2,9
BRDA:55,14,0,29
BRDA:55,14,1,70
BRDA:55,15,0,99
BRDA:55,15,1,99
BRF:36
BRH:34
end_of_record
TN:
SF:widgets\customerSnapshot\components\Header\Header.styles.ts
FNF:0
FNH:0
DA:1,3
DA:2,3
DA:4,3
DA:6,3
LF:4
LH:4
BRF:0
BRH:0
end_of_record
TN:
SF:widgets\customerSnapshot\components\Header\Header.tsx
FN:20,(anonymous_1)
FN:33,(anonymous_2)
FNF:2
FNH:2
FNDA:7,(anonymous_1)
FNDA:9,(anonymous_2)
DA:1,3
DA:7,3
DA:9,3
DA:10,3
DA:12,3
DA:20,7
DA:21,7
DA:22,3
DA:25,4
DA:26,4
DA:28,4
DA:33,9
DA:50,3
LF:13
LH:13
BRDA:21,0,0,3
BRDA:21,1,0,7
BRDA:21,1,1,5
BRDA:21,1,2,4
BRDA:26,2,0,4
BRDA:26,2,1,4
BRDA:31,3,0,4
BRDA:31,3,1,3
BRDA:31,4,0,1
BRDA:31,4,1,3
BRDA:31,5,0,4
BRDA:31,5,1,4
BRF:12
BRH:12
end_of_record
TN:
SF:widgets\customerSnapshot\components\Lookup\Lookup.tsx
FN:5,(anonymous_9)
FN:9,(anonymous_10)
FNF:2
FNH:2
FNDA:7,(anonymous_9)
FNDA:1,(anonymous_10)
DA:1,7
DA:2,7
DA:3,7
DA:5,7
DA:6,14
DA:7,7
DA:9,7
DA:10,1
DA:11,1
DA:15,7
DA:18,7
LF:11
LH:11
BRDA:10,0,0,1
BRDA:10,1,0,1
BRDA:10,1,1,1
BRDA:10,2,0,0
BRDA:10,2,1,1
BRDA:10,3,0,1
BRDA:10,3,1,1
BRDA:10,4,0,0
BRDA:10,4,1,1
BRDA:10,5,0,1
BRDA:10,5,1,1
BRDA:11,6,0,0
BRDA:11,6,1,1
BRDA:11,7,0,1
BRDA:11,7,1,1
BRF:15
BRH:12
end_of_record
TN:
SF:widgets\customerSnapshot\components\Phone\Phone.tsx
FN:4,(anonymous_3)
FNF:1
FNH:1
FNDA:13,(anonymous_3)
DA:1,7
DA:2,7
DA:4,13
DA:6,7
LF:4
LH:4
BRDA:4,0,0,7
BRDA:4,0,1,6
BRDA:4,1,0,0
BRDA:4,1,1,13
BRDA:4,2,0,13
BRDA:4,2,1,13
BRF:6
BRH:5
end_of_record
TN:
SF:widgets\customerSnapshot\components\SectionField\SectionField.tsx
FN:8,(anonymous_1)
FN:29,(anonymous_2)
FNF:2
FNH:2
FNDA:69,(anonymous_1)
FNDA:69,(anonymous_2)
DA:1,4
DA:2,4
DA:3,4
DA:4,4
DA:5,4
DA:6,4
DA:8,4
DA:9,69
DA:10,1
DA:12,68
DA:13,66
DA:15,2
DA:16,1
DA:29,69
DA:30,69
DA:31,69
DA:32,69
DA:34,69
DA:46,4
LF:19
LH:19
BRDA:9,0,0,1
BRDA:12,1,0,66
BRDA:15,2,0,1
BRDA:30,3,0,69
BRDA:30,3,1,30
BRDA:32,4,0,13
BRDA:32,4,1,56
BRF:7
BRH:7
end_of_record
TN:
SF:widgets\customerSnapshot\components\SnapshotContent\SnapshotContent.styles.tsx
FNF:0
FNH:0
DA:1,2
DA:3,2
DA:5,2
LF:3
LH:3
BRF:0
BRH:0
end_of_record
TN:
SF:widgets\customerSnapshot\components\SnapshotContent\SnapshotContent.tsx
FN:26,(anonymous_1)
FNF:1
FNH:1
FNDA:11,(anonymous_1)
DA:1,2
DA:2,2
DA:4,2
DA:10,2
DA:11,2
DA:12,2
DA:13,2
DA:14,2
DA:15,2
DA:16,2
DA:26,11
DA:27,11
DA:29,11
DA:30,5
DA:33,6
DA:34,2
DA:43,4
DA:44,4
DA:52,2
LF:19
LH:19
BRDA:29,0,0,5
BRDA:29,1,0,11
BRDA:29,1,1,10
BRDA:29,1,2,7
BRDA:33,2,0,2
BRDA:33,3,0,6
BRDA:33,3,1,4
BRDA:45,4,0,4
BRDA:45,4,1,4
BRDA:47,5,0,0
BRDA:47,5,1,4
BRDA:47,6,0,4
BRDA:47,6,1,4
BRF:13
BRH:12
end_of_record
TN:
SF:widgets\customerSnapshot\components\SnapshotSections\SnapshotSections.styles.tsx
FN:29,(anonymous_0)
FNF:1
FNH:1
FNDA:5,(anonymous_0)
DA:2,3
DA:3,3
DA:5,3
DA:7,3
DA:16,3
DA:18,3
DA:29,3
DA:30,5
DA:32,5
DA:34,5
DA:36,5
DA:38,5
LF:12
LH:12
BRF:0
BRH:0
end_of_record
TN:
SF:widgets\customerSnapshot\components\SnapshotSections\SnapshotSections.tsx
FN:19,(anonymous_7)
FN:20,(anonymous_8)
FN:20,(anonymous_9)
FN:39,(anonymous_10)
FN:41,(anonymous_11)
FNF:5
FNH:5
FNDA:8,(anonymous_7)
FNDA:7,(anonymous_8)
FNDA:8,(anonymous_9)
FNDA:10,(anonymous_10)
FNDA:65,(anonymous_11)
DA:1,3
DA:2,3
DA:8,3
DA:9,3
DA:10,3
DA:19,8
DA:20,8
DA:22,8
DA:23,3
DA:25,5
DA:39,10
DA:41,65
DA:60,3
LF:13
LH:13
BRDA:20,0,0,7
BRDA:20,0,1,3
BRDA:20,1,0,2
BRDA:20,1,1,5
BRDA:20,2,0,7
BRDA:20,2,1,7
BRDA:22,3,0,3
BRDA:22,4,0,8
BRDA:22,4,1,5
BRDA:27,5,0,5
BRDA:27,5,1,2
BRF:11
BRH:11
end_of_record
TN:
SF:widgets\customerSnapshot\components\SubtitleField\SubtitleField.styles.ts
FN:1,(anonymous_0)
FNF:1
FNH:1
FNDA:10,(anonymous_0)
DA:1,10
LF:1
LH:1
BRDA:6,0,0,9
BRDA:6,0,1,1
BRDA:8,1,0,9
BRDA:8,1,1,1
BRF:4
BRH:4
end_of_record
TN:
SF:widgets\customerSnapshot\components\SubtitleField\SubtitleField.tsx
FN:17,(anonymous_1)
FNF:1
FNH:1
FNDA:10,(anonymous_1)
DA:1,4
DA:2,4
DA:4,4
DA:5,4
DA:6,4
DA:17,10
DA:18,10
DA:20,10
DA:35,4
LF:9
LH:9
BRDA:18,0,0,10
BRDA:18,0,1,4
BRF:2
BRH:2
end_of_record
TN:
SF:widgets\customerSnapshot\consts\reponsive.consts.ts
FNF:0
FNH:0
DA:1,4
DA:3,4
DA:5,4
DA:7,4
DA:9,4
DA:11,4
DA:13,4
DA:15,4
LF:8
LH:8
BRF:0
BRH:0
end_of_record
TN:
SF:widgets\customerSnapshot\hooks\useCustomerSnapshot.ts
FN:5,(anonymous_1)
FN:7,(anonymous_2)
FN:16,(anonymous_3)
FN:22,(anonymous_4)
FN:23,(anonymous_5)
FN:28,(anonymous_6)
FN:29,(anonymous_7)
FN:42,(anonymous_8)
FN:53,(anonymous_9)
FNF:9
FNH:8
FNDA:0,(anonymous_1)
FNDA:11,(anonymous_2)
FNDA:3,(anonymous_3)
FNDA:7,(anonymous_4)
FNDA:12,(anonymous_5)
FNDA:8,(anonymous_6)
FNDA:52,(anonymous_7)
FNDA:3,(anonymous_8)
FNDA:4,(anonymous_9)
DA:1,3
DA:2,3
DA:5,3
DA:7,3
DA:8,33
DA:11,11
DA:12,11
DA:13,11
DA:14,11
DA:15,11
DA:16,11
DA:21,11
DA:22,11
DA:23,12
DA:24,7
DA:27,7
DA:29,52
DA:34,7
DA:38,11
DA:39,11
DA:40,11
DA:41,11
DA:42,11
DA:49,11
DA:50,11
DA:51,11
DA:52,11
DA:53,11
DA:57,11
DA:58,11
DA:60,11
DA:62,11
DA:65,3
LF:33
LH:33
BRDA:5,0,0,0
BRDA:5,0,1,0
BRDA:5,1,0,0
BRDA:5,1,1,0
BRDA:21,2,0,11
BRDA:21,2,1,3
BRDA:23,3,0,7
BRDA:23,3,1,3
BRDA:23,4,0,3
BRDA:23,4,1,4
BRDA:23,5,0,7
BRDA:23,5,1,7
BRDA:23,6,0,3
BRDA:23,6,1,4
BRDA:23,7,0,7
BRDA:23,7,1,7
BRDA:23,8,0,3
BRDA:23,8,1,4
BRDA:23,9,0,7
BRDA:23,9,1,7
BRDA:24,10,0,4
BRDA:24,10,1,3
BRDA:24,11,0,3
BRDA:24,11,1,4
BRDA:24,12,0,7
BRDA:24,12,1,7
BRDA:24,13,0,3
BRDA:24,13,1,4
BRDA:24,14,0,7
BRDA:24,14,1,7
BRDA:24,15,0,3
BRDA:24,15,1,4
BRDA:24,16,0,7
BRDA:24,16,1,7
BRDA:27,17,0,7
BRDA:27,17,1,3
BRDA:27,18,0,3
BRDA:27,18,1,4
BRDA:27,19,0,7
BRDA:27,19,1,7
BRDA:43,20,0,11
BRDA:43,20,1,11
BRDA:54,21,0,11
BRDA:54,21,1,11
BRDA:54,21,2,8
BRDA:57,22,0,11
BRDA:57,22,1,8
BRDA:57,22,2,4
BRDA:57,22,3,3
BRDA:57,22,4,3
BRDA:57,22,5,8
BRDA:58,23,0,11
BRDA:58,23,1,11
BRDA:58,23,2,11
BRDA:60,24,0,11
BRDA:60,24,1,0
BRDA:60,24,2,11
BRDA:60,24,3,0
BRDA:62,25,0,11
BRDA:62,25,1,0
BRF:60
BRH:53
end_of_record
TN:
SF:widgets\keyObservations\CustomerIndicators\CustomerIndicators.tsx
FN:14,(anonymous_1)
FNF:1
FNH:1
FNDA:2,(anonymous_1)
DA:1,1
DA:2,1
DA:3,1
DA:5,1
DA:6,1
DA:7,1
DA:8,1
DA:14,1
DA:15,2
DA:16,2
DA:18,2
DA:32,1
LF:12
LH:12
BRDA:22,0,0,2
BRDA:22,0,1,2
BRF:2
BRH:2
end_of_record
TN:
SF:widgets\keyObservations\CustomerIndicators\components\CustomerIndicator\CustomerIndicator.styles.ts
FNF:0
FNH:0
DA:3,3
DA:4,3
DA:6,3
DA:15,3
DA:24,3
DA:26,3
DA:30,3
DA:32,3
DA:40,3
DA:48,3
LF:10
LH:10
BRF:0
BRH:0
end_of_record
TN:
SF:widgets\keyObservations\CustomerIndicators\components\CustomerIndicator\CustomerIndicator.tsx
FN:24,(anonymous_1)
FNF:1
FNH:1
FNDA:8,(anonymous_1)
DA:1,3
DA:2,3
DA:3,3
DA:13,3
DA:14,3
DA:15,3
DA:24,8
DA:25,8
DA:26,8
DA:28,8
DA:68,3
LF:11
LH:11
BRDA:30,0,0,2
BRDA:30,0,1,6
BRDA:30,1,0,8
BRDA:30,1,1,3
BRDA:39,2,0,4
BRDA:39,2,1,2
BRDA:41,3,0,1
BRDA:41,3,1,1
BRDA:41,4,0,2
BRDA:41,4,1,1
BRDA:50,5,0,1
BRDA:50,5,1,7
BRDA:50,6,0,8
BRDA:50,6,1,3
BRDA:52,7,0,5
BRDA:52,7,1,2
BRF:16
BRH:16
end_of_record
TN:
SF:widgets\keyObservations\CustomerIndicators\components\CustomerIndicatorContent\CustomerIndicatorContent.styles.ts
FN:6,(anonymous_2)
FN:27,(anonymous_3)
FN:57,(anonymous_4)
FN:74,(anonymous_5)
FNF:4
FNH:4
FNDA:2,(anonymous_2)
FNDA:6,(anonymous_3)
FNDA:2,(anonymous_4)
FNDA:6,(anonymous_5)
DA:2,2
DA:4,2
DA:6,2
DA:7,2
DA:8,1
DA:18,1
DA:27,2
DA:28,6
DA:34,6
DA:35,5
DA:49,1
DA:57,2
DA:74,6
DA:95,2
LF:14
LH:14
BRDA:7,0,0,1
BRDA:34,1,0,5
BRF:2
BRH:2
end_of_record
TN:
SF:widgets\keyObservations\CustomerIndicators\components\CustomerIndicatorContent\CustomerIndicatorContent.tsx
FN:18,(anonymous_7)
FN:47,(anonymous_8)
FNF:2
FNH:2
FNDA:4,(anonymous_7)
FNDA:6,(anonymous_8)
DA:1,2
DA:2,2
DA:3,2
DA:4,2
DA:6,2
DA:7,2
DA:8,2
DA:9,2
DA:10,2
DA:11,2
DA:18,4
DA:19,4
DA:20,4
DA:22,4
DA:23,1
DA:32,3
DA:34,3
DA:35,1
DA:45,2
DA:47,6
DA:64,2
LF:21
LH:21
BRDA:22,0,0,1
BRDA:34,1,0,1
BRDA:34,2,0,3
BRDA:34,2,1,3
BRDA:47,3,0,0
BRDA:47,3,1,2
BRDA:47,4,0,2
BRDA:47,4,1,2
BRF:8
BRH:7
end_of_record
TN:
SF:widgets\keyObservations\CustomerIndicators\consts\reponsive.consts.ts
FNF:0
FNH:0
DA:1,2
DA:3,2
DA:5,2
DA:7,2
LF:4
LH:4
BRF:0
BRH:0
end_of_record
TN:
SF:widgets\keyObservations\Prediction\Prediction.tsx
FN:9,(anonymous_1)
FNF:1
FNH:1
FNDA:17,(anonymous_1)
DA:1,2
DA:2,2
DA:3,2
DA:4,2
DA:5,2
DA:7,2
DA:9,2
DA:10,17
DA:11,17
DA:13,17
DA:22,2
LF:11
LH:11
BRF:0
BRH:0
end_of_record
TN:
SF:widgets\keyObservations\Prediction\PredictionTag\PredictionTag.tsx
FN:26,(anonymous_7)
FN:32,(anonymous_8)
FN:58,(anonymous_9)
FN:69,(anonymous_10)
FN:70,(anonymous_11)
FN:71,(anonymous_12)
FNF:6
FNH:6
FNDA:13,(anonymous_7)
FNDA:13,(anonymous_8)
FNDA:13,(anonymous_9)
FNDA:30,(anonymous_10)
FNDA:28,(anonymous_11)
FNDA:9,(anonymous_12)
DA:1,3
DA:2,3
DA:5,3
DA:12,3
DA:13,3
DA:14,3
DA:16,3
DA:17,3
DA:18,3
DA:19,3
DA:20,3
DA:21,3
DA:22,3
DA:24,3
DA:26,3
DA:27,26
DA:29,13
DA:30,13
DA:32,13
DA:33,13
DA:34,5
DA:36,8
DA:44,13
DA:58,13
DA:59,13
DA:60,5
DA:65,8
DA:69,30
DA:70,28
DA:71,9
DA:79,13
DA:80,5
DA:83,8
DA:84,1
DA:97,7
DA:99,7
DA:101,7
DA:129,3
LF:38
LH:38
BRDA:33,0,0,5
BRDA:59,1,0,5
BRDA:79,2,0,5
BRDA:79,3,0,13
BRDA:79,3,1,9
BRDA:83,4,0,1
BRDA:107,5,0,7
BRDA:107,5,1,7
BRF:8
BRH:8
end_of_record
TN:
SF:widgets\keyObservations\Prediction\PredictionWrapper\PredictionWrapper.tsx
FN:11,(anonymous_3)
FNF:1
FNH:1
FNDA:11,(anonymous_3)
DA:1,1
DA:2,1
DA:4,1
DA:5,1
DA:6,1
DA:7,1
DA:8,1
DA:9,1
DA:11,1
DA:12,11
DA:13,11
DA:20,11
DA:21,7
DA:24,4
DA:31,1
LF:15
LH:15
BRDA:20,0,0,7
BRDA:20,1,0,11
BRDA:20,1,1,10
BRDA:20,1,2,5
BRF:4
BRH:4
end_of_record
TN:
SF:widgets\keyObservations\Segments\Segments.tsx
FN:8,(anonymous_1)
FNF:1
FNH:1
FNDA:17,(anonymous_1)
DA:1,2
DA:2,2
DA:3,2
DA:4,2
DA:6,2
DA:8,17
DA:9,17
DA:10,17
DA:12,17
DA:19,2
LF:10
LH:10
BRDA:13,0,0,17
BRDA:13,0,1,15
BRF:2
BRH:2
end_of_record
TN:
SF:widgets\keyObservations\Segments\SegmentsStack\SegmentsStack.tsx
FN:19,(anonymous_7)
FN:23,(anonymous_8)
FN:24,(anonymous_9)
FN:37,(anonymous_10)
FNF:4
FNH:4
FNDA:9,(anonymous_7)
FNDA:9,(anonymous_8)
FNDA:9,(anonymous_9)
FNDA:8,(anonymous_10)
DA:1,3
DA:2,3
DA:3,3
DA:5,3
DA:6,3
DA:7,3
DA:8,3
DA:9,3
DA:15,3
DA:19,3
DA:20,18
DA:22,9
DA:23,9
DA:24,9
DA:27,9
DA:28,3
DA:31,6
DA:32,1
DA:35,5
DA:37,8
LF:20
LH:20
BRDA:24,0,0,9
BRDA:24,0,1,2
BRDA:27,1,0,3
BRDA:27,2,0,9
BRDA:27,2,1,7
BRDA:31,3,0,1
BRF:6
BRH:6
end_of_record
TN:
SF:widgets\keyObservations\Segments\SegmentsWrapper\SegmentsWrapper.tsx
FN:11,(anonymous_3)
FNF:1
FNH:1
FNDA:9,(anonymous_3)
DA:1,1
DA:2,1
DA:3,1
DA:4,1
DA:5,1
DA:6,1
DA:8,1
DA:9,1
DA:11,1
DA:12,9
DA:13,9
DA:14,9
DA:15,6
DA:18,3
DA:25,1
LF:15
LH:15
BRDA:14,0,0,6
BRDA:14,1,0,9
BRDA:14,1,1,5
BRDA:14,1,2,4
BRF:4
BRH:4
end_of_record
TN:
SF:widgets\keyObservations\hooks\useCustomerIndicators.ts
FN:4,(anonymous_0)
FN:6,(anonymous_1)
FN:13,(anonymous_2)
FNF:3
FNH:3
FNDA:1,(anonymous_0)
FNDA:4,(anonymous_1)
FNDA:2,(anonymous_2)
DA:1,2
DA:4,2
DA:6,2
DA:8,4
DA:9,4
DA:10,4
DA:11,4
DA:12,4
DA:13,4
DA:14,4
DA:16,4
DA:18,4
DA:20,4
DA:23,2
LF:14
LH:14
BRDA:4,0,0,0
BRDA:4,0,1,1
BRDA:4,1,0,1
BRDA:4,1,1,1
BRDA:14,2,0,4
BRDA:14,2,1,2
BRDA:14,2,2,2
BRDA:16,3,0,4
BRDA:16,3,1,3
BRDA:18,4,0,4
BRDA:18,4,1,1
BRF:11
BRH:10
end_of_record
TN:
SF:widgets\keyObservations\hooks\useIsArtifactSupported.ts
FN:5,(anonymous_0)
FN:11,(anonymous_1)
FN:21,(anonymous_2)
FNF:3
FNH:3
FNDA:91,(anonymous_0)
FNDA:33,(anonymous_1)
FNDA:53,(anonymous_2)
DA:1,7
DA:5,7
DA:11,91
DA:17,91
DA:19,91
DA:22,53
DA:26,91
LF:7
LH:7
BRDA:17,0,0,91
BRDA:17,0,1,88
BRDA:17,0,2,58
BRDA:19,1,0,58
BRDA:19,1,1,33
BRDA:19,2,0,91
BRDA:19,2,1,58
BRDA:20,3,0,1
BRDA:20,3,1,57
BRDA:20,4,0,58
BRDA:20,4,1,58
BRDA:22,5,0,53
BRDA:22,5,1,50
BRDA:22,5,2,26
BRF:14
BRH:14
end_of_record
TN:
SF:widgets\keyObservations\hooks\usePredictions.ts
FN:7,(anonymous_0)
FN:17,(anonymous_1)
FNF:2
FNH:2
FNDA:31,(anonymous_0)
FNDA:8,(anonymous_1)
DA:1,3
DA:2,3
DA:3,3
DA:5,3
DA:7,3
DA:8,31
DA:15,31
DA:17,8
DA:23,31
DA:24,31
DA:26,31
LF:11
LH:11
BRDA:17,0,0,8
BRDA:17,0,1,0
BRDA:19,1,0,31
BRDA:19,1,1,29
BRDA:19,1,2,27
BRDA:23,2,0,1
BRDA:23,2,1,30
BRDA:23,3,0,19
BRDA:23,3,1,11
BRDA:23,4,0,30
BRDA:23,4,1,28
BRDA:24,5,0,31
BRDA:24,5,1,29
BRDA:24,5,2,17
BRDA:28,6,0,31
BRDA:28,6,1,23
BRDA:28,6,2,21
BRDA:29,7,0,31
BRDA:29,7,1,31
BRDA:29,7,2,21
BRF:20
BRH:19
end_of_record
TN:
SF:widgets\keyObservations\hooks\useSegments.ts
FN:7,(anonymous_0)
FN:9,(anonymous_1)
FNF:2
FNH:2
FNDA:31,(anonymous_0)
FNDA:8,(anonymous_1)
DA:1,3
DA:2,3
DA:3,3
DA:5,3
DA:7,3
DA:8,31
DA:9,31
DA:13,31
DA:14,31
DA:16,31
LF:10
LH:10
BRDA:9,0,0,8
BRDA:9,0,1,0
BRDA:10,1,0,31
BRDA:10,1,1,29
BRDA:10,1,2,27
BRDA:13,2,0,31
BRDA:13,2,1,29
BRDA:13,2,2,17
BRDA:14,3,0,2
BRDA:14,3,1,29
BRDA:14,4,0,27
BRDA:14,4,1,2
BRDA:18,5,0,31
BRDA:18,5,1,22
BRDA:18,5,2,20
BRDA:19,6,0,31
BRDA:19,6,1,31
BRDA:19,6,2,20
BRDA:20,7,0,2
BRDA:20,7,1,29
BRF:20
BRH:19
end_of_record
